5 [140432784557888] INFO perfrun.launcher <> - Launcher main begin
9 [140432784557888] INFO perfrun.launcher <> - MessageCatalogInit finished
9 [140432784557888] INFO perfrun.launcher <> - Launcher instance created
10 [140432784557888] INFO perfrun.launcher <> - argc = 7; cmdline = /opt/intel/oneapi/vtune/2025.0/bin64/amplxe-runss --ui-output-format xml --ui-output-fd 5 --option-file /home/student/APP/Proiect_Etapa2/Number-of-paths-of-size-K/Pthreads_MPI/8t_8p_large.pclp-vm/config/runss.options 
94 [140432784557888] INFO perfrun.perfcollector <> - SEP tool path: /opt/intel/oneapi/vtune/2025.0/bin64/sep
192 [140432784557888] INFO perfrun.launcher <> - create msngr2::ICliToolContext
194 [140432784557888] INFO perfrun.launcher <> - create file finder object
195 [140432784557888] INFO perfrun.launcher <> - create a result directory: pattern = /home/student/APP/Proiect_Etapa2/Number-of-paths-of-size-K/Pthreads_MPI/8t_8p_large.pclp-vm pid = 4294967295
196 [140432784557888] INFO perfrun.sdk <> - checked that the directory /home/student/APP/Proiect_Etapa2/Number-of-paths-of-size-K/Pthreads_MPI/8t_8p_large.pclp-vm is a local directory
196 [140432784557888] INFO perfrun.sdk <> - the directory /home/student/APP/Proiect_Etapa2/Number-of-paths-of-size-K/Pthreads_MPI/8t_8p_large.pclp-vm is a local directory with FS type ID 61267
198 [140432784557888] INFO perfrun.launcher <> - create data directory = /home/student/APP/Proiect_Etapa2/Number-of-paths-of-size-K/Pthreads_MPI/8t_8p_large.pclp-vm/data.0
199 [140432784557888] INFO perfrun.launcher <> - Creating the master collection flag
203 [140432784557888] INFO perfrun.launcher <> - Done creating the master collection flag
206 [140432775042816] INFO perfrun.launcher <> - plugin [remoteplug] was disabled because it doesn't support the given collection type.
209 [140432775042816] INFO perfrun.sdk <> - Allocating TMU :/home/student/APP/Proiect_Etapa2/Number-of-paths-of-size-K/Pthreads_MPI/8t_8p_large.pclp-vm/data.0/systemcollector-78983-pclp-vm.sc
213 [140432775042816] INFO perfrun.system <> - Tpss based collection
214 [140432775042816] INFO perfrun.launcher <> - plugin [ptracecollector] was disabled because it doesn't support the given collection type.
214 [140432775042816] INFO perfrun.launcher <> - plugin [gpu] was disabled because it doesn't support the given collection type.
215 [140432775042816] INFO perfrun.launcher <> - plugin [] was disabled because it doesn't support the given collection type.
216 [140432775042816] INFO perfrun.launcher <> - plugin [] was disabled because it doesn't support the given collection type.
216 [140432775042816] INFO perfrun.launcher <> - plugin [] was disabled because it doesn't support the given collection type.
217 [140432775042816] INFO perfrun.mrte <> - system-wide mode is 0
217 [140432775042816] INFO perfrun.mrte <> - Getting  mrte profiling environment ...
267 [140432775042816] INFO perfrun.mrte <> - INTEL_MRTE_DATA_DIR=/home/student/APP/Proiect_Etapa2/Number-of-paths-of-size-K/Pthreads_MPI/8t_8p_large.pclp-vm/data.0
268 [140432775042816] INFO perfrun.mrte <> - INTEL_MRTE_HOST_NAME=pclp-vm
268 [140432775042816] INFO perfrun.mrte <> - JAVA_TOOL_OPTIONS=-agentlib:amplxe_samplingmrte_javaprof_1.0 -Dsun.boot.library.path=/opt/intel/oneapi/vtune/2025.0/lib32/runtime:/opt/intel/oneapi/vtune/2025.0/lib64/runtime
269 [140432775042816] INFO perfrun.mrte <> - LD_LIBRARY_PATH=/opt/intel/oneapi/vtune/2025.0/lib32/runtime:/opt/intel/oneapi/vtune/2025.0/lib64/runtime
270 [140432775042816] INFO perfrun.mrte <> - CORECLR_ENABLE_PROFILING=1
270 [140432775042816] INFO perfrun.mrte <> - CORECLR_PROFILER={AA5E4821-E3B1-479c-B7FF-5AD047D22CED}
270 [140432775042816] INFO perfrun.mrte <> - CORECLR_PROFILER_PATH=/opt/intel/oneapi/vtune/2025.0/lib64/libamplxe_samplingmrte_clrprof_1.0.so
271 [140432775042816] INFO perfrun.mrte <> - INTEL_MRTE_PROFILER_MODE=mixed
271 [140432775042816] INFO perfrun.mrte <> - Data directory: /home/student/APP/Proiect_Etapa2/Number-of-paths-of-size-K/Pthreads_MPI/8t_8p_large.pclp-vm/data.0
271 [140432775042816] INFO perfrun.mrte <> - Mrte plugin is initialized
272 [140432775042816] INFO perfrun.launcher <> - plugin [emon] was disabled because it doesn't support the given collection type.
272 [140432775042816] INFO perfrun.launcher <> - plugin [cuscol] was disabled because it doesn't support the given collection type.
273 [140432775042816] INFO perfrun.launcher <> - plugin [stdsrc] was disabled because it doesn't support the given collection type.
274 [140432775042816] INFO perfrun.launcher <> - plugin [sep] was disabled because it doesn't support the given collection type.
275 [140432775042816] INFO perfrun.launcher <> - plugin [vtsspp] was disabled because it doesn't support the given collection type.
276 [140432775042816] INFO perfrun.launcher <> - plugin [perf] was disabled because it doesn't support the given collection type.
276 [140432775042816] INFO perfrun.launcher <> - plugin [aoclprofile] was disabled because it doesn't support the given collection type.
277 [140432775042816] INFO perfrun.tpss <> - initialize tpss controller
278 [140432775042816] INFO perfrun.tpss <> - configure collection mode: value = cpu:counters:nostack
279 [140432775042816] INFO perfrun.tpss <> - configure collection mode: value = cpu:stack
279 [140432775042816] INFO perfrun.tpss <> - default obj-size-min=1024
280 [140432775042816] INFO perfrun.tpss <> - default hash-table-size=0
281 [140432775042816] INFO perfrun.launcher <> - plugin [media] was disabled because it doesn't support the given collection type.
282 [140432775042816] INFO perfrun.launcher <> - plugin [] was disabled because it doesn't support the given collection type.
282 [140432775042816] INFO perfrun.launcher <> - plugin [] was disabled because it doesn't support the given collection type.
283 [140432775042816] INFO perfrun.launcher <> - plugin [parallelfs] was disabled because it doesn't support the given collection type.
284 [140432775042816] INFO perfrun.launcher <> - plugin [power] was disabled because it doesn't support the given collection type.
285 [140432775042816] INFO perfrun.launcher <> - plugin [] was disabled because it doesn't support the given collection type.
285 [140432775042816] INFO perfrun.launcher <> - plugin [ipmwatch] was disabled because it doesn't support the given collection type.
287 [140432775042816] INFO perfrun.launcher <> - plugin [os_counters] was disabled because it doesn't support the given collection type.
287 [140432775042816] INFO perfrun.launcher <> - plugin [l0_metrics] was disabled because it doesn't support the given collection type.
306 [140432784557888] INFO perfrun.launcher <> - set environment variable: LD_LIBRARY_PATH = /opt/intel/oneapi/vtune/2025.0/lib32/runtime:/opt/intel/oneapi/vtune/2025.0/lib64/runtime
308 [140432784557888] INFO perfrun.launcher <> - set environment variable: INTEL_LIBITTNOTIFY32 = /opt/intel/oneapi/vtune/2025.0/lib32/runtime/libittnotify_collector.so
310 [140432784557888] INFO perfrun.launcher <> - set environment variable: INTEL_LIBITTNOTIFY64 = /opt/intel/oneapi/vtune/2025.0/lib64/runtime/libittnotify_collector.so
312 [140432784557888] INFO perfrun.launcher <> - set environment variable: INTEL_ITTNOTIFY_GROUPS = 
313 [140432784557888] INFO perfrun.launcher <> - set environment variable: INTEL_JIT_PROFILER32 = /opt/intel/oneapi/vtune/2025.0/lib32/runtime/libittnotify_collector.so
315 [140432784557888] INFO perfrun.launcher <> - set environment variable: INTEL_JIT_PROFILER64 = /opt/intel/oneapi/vtune/2025.0/lib64/runtime/libittnotify_collector.so
316 [140432784557888] INFO perfrun.launcher <> - set environment variable: CCL_ITT_LEVEL = 1
317 [140432784557888] INFO perfrun.launcher <> - set environment variable: ENABLE_JITPROFILING = 1
318 [140432784557888] INFO perfrun.launcher <> - set environment variable: CL_CONFIG_USE_VTUNE = True
319 [140432784557888] INFO perfrun.launcher <> - set environment variable: LD_PRELOAD = libittnotify_collector.so:
319 [140432784557888] INFO perfrun.launcher <> - set environment variable: KMP_FORKJOIN_FRAMES = 0
321 [140432784557888] INFO perfrun.launcher <> - set environment variable: KMP_FORKJOIN_FRAMES_MODE = 0
322 [140432784557888] INFO perfrun.launcher <> - set environment variable: INTEL_MRTE_DATA_DIR = /home/student/APP/Proiect_Etapa2/Number-of-paths-of-size-K/Pthreads_MPI/8t_8p_large.pclp-vm/data.0
323 [140432784557888] INFO perfrun.launcher <> - set environment variable: INTEL_MRTE_HOST_NAME = pclp-vm
325 [140432784557888] INFO perfrun.launcher <> - set environment variable: JAVA_TOOL_OPTIONS = -agentlib:amplxe_samplingmrte_javaprof_1.0 -Dsun.boot.library.path=/opt/intel/oneapi/vtune/2025.0/lib32/runtime:/opt/intel/oneapi/vtune/2025.0/lib64/runtime
326 [140432784557888] INFO perfrun.launcher <> - set environment variable: LD_LIBRARY_PATH = /opt/intel/oneapi/vtune/2025.0/lib32/runtime:/opt/intel/oneapi/vtune/2025.0/lib64/runtime
327 [140432784557888] INFO perfrun.launcher <> - set environment variable: CORECLR_ENABLE_PROFILING = 1
328 [140432784557888] INFO perfrun.launcher <> - set environment variable: CORECLR_PROFILER = {AA5E4821-E3B1-479c-B7FF-5AD047D22CED}
329 [140432784557888] INFO perfrun.launcher <> - set environment variable: CORECLR_PROFILER_PATH = /opt/intel/oneapi/vtune/2025.0/lib64/libamplxe_samplingmrte_clrprof_1.0.so
331 [140432784557888] INFO perfrun.launcher <> - set environment variable: INTEL_MRTE_PROFILER_MODE = mixed
332 [140432784557888] INFO perfrun.launcher <> - RpcServer: run RPC server to handle requests
334 [140432784557888] INFO perfrun.launcher <> - Launcher: command line to start before modification = mpirun --oversubscribe -np 8 ./mpi_pthreads ../in/large.txt 1000000 1 2 8
342 [140432784557888] INFO perfrun.launcher <> - Launcher: command line to start after modification = /opt/intel/oneapi/vtune/2025.0/bin64/pin -error_file /home/student/APP/Proiect_Etapa2/Number-of-paths-of-size-K/Pthreads_MPI/8t_8p_large.pclp-vm/data.0/pinerr.tpsslog -detach_reattach -follow_execv -tool_load_option deepbind -t64 /opt/intel/oneapi/vtune/2025.0/lib64/libtpsstool.so -t /opt/intel/oneapi/vtune/2025.0/lib32/libtpsstool.so -server_name tpss_ipc.78983 -prd_dir /opt/intel/oneapi/vtune/2025.0 -- mpirun --oversubscribe -np 8 ./mpi_pthreads ../in/large.txt 1000000 1 2 8
347 [140432784557888] INFO perfrun.launcher <> - ProcessCreator object was created
349 [140432784557888] INFO perfrun.launcher <> - Launcher: the process was started in suspend mode
364 [140432775042816] WARN perfrun.system <> - Could not do anything with /sys/kernel/debug/kvm: boost::filesystem::status: Permission denied [system:13]: "/sys/kernel/debug/kvm", at file: vcs/perfrun1/plugins/system/src/trace_writer.cpp:787
364 [140432775042816] WARN perfrun.system <> - Folder "/var/run/libvirt/qemu/"doesn't exist, at file: vcs/perfrun1/plugins/system/src/trace_writer.cpp:800
366 [140432775042816] WARN perfrun.sdk <> - Failed to find xl binary on any of the system paths: /bin, /sbin, /usr/bin, /usr/sbin., at file: vcs/perfrun1/sdk/src/utils.cpp:205
369 [140432775042816] WARN perfrun.system <> - Only 17 usec accuracy achieved for reference point, at file: vcs/perfrun1/plugins/system/src/trace_writer.cpp:320
370 [140432775042816] WARN perfrun.system <> - Could not start ContainerMapping collector, at file: vcs/perfrun1/plugins/system/src/controller.cpp:450
412 [140432775042816] INFO perfrun.vdso <> - Helper runtool '/opt/intel/oneapi/vtune/2025.0/bin32/amplxe-runss -dump-vdso -r /home/student/APP/Proiect_Etapa2/Number-of-paths-of-size-K/Pthreads_MPI/8t_8p_large.pclp-vm --tmp-dir /tmp/amplxe-tmp-student' returned 1
853 [140432775042816] INFO perfrun.vdso <> - Helper runtool '/opt/intel/oneapi/vtune/2025.0/bin64/amplxe-runss -dump-vdso -r /home/student/APP/Proiect_Etapa2/Number-of-paths-of-size-K/Pthreads_MPI/8t_8p_large.pclp-vm --tmp-dir /tmp/amplxe-tmp-student' returned 0
853 [140432775042816] INFO perfrun.itt <> - start itt controller for pid #78988
854 [140432775042816] INFO perfrun.tpss <> - start tpss controller for pid #78988
907 [140432784557888] INFO perfrun.launcher <> - Launcher: all plugins were started
912 [140432784557888] INFO perfrun.launcher <> - DirectoryMonitor object was created
912 [140432784557888] INFO perfrun.launcher <> - DirectoryMonitor: a callback was added
912 [140432784557888] INFO perfrun.launcher <> - DirectoryMonitor was started with pingTime = 1000
912 [140432784557888] INFO perfrun.launcher <> - DeadlineTimer is going to be constructed
913 [140432784557888] INFO perfrun.launcher <> - DeadlineTimer: a callback was added
927 [140432784557888] INFO perfrun.launcher <> - Launcher: resume the profiled application and  wait its termination or stop command
77941 [140432784557888] INFO perfrun.launcher <> - Launcher: the profiled application was terminated  with exit code = 0
78001 [140432775042816] WARN perfrun.system <> - Only 16 usec accuracy achieved for reference point, at file: vcs/perfrun1/plugins/system/src/trace_writer.cpp:320
78591 [140432775042816] INFO perfrun.itt <> - detach itt controller
78592 [140432775042816] INFO perfrun.itt <> - detach itt controller done
78592 [140432775042816] INFO perfrun.tpss <> - stop tpss controller
78680 [140432775042816] INFO perfrun.sdk <> - De-allocating TMU: /home/student/APP/Proiect_Etapa2/Number-of-paths-of-size-K/Pthreads_MPI/8t_8p_large.pclp-vm/data.0/systemcollector-78983-pclp-vm.sc
78680 [140432775042816] INFO perfrun.system <> - closed the system trace file: /home/student/APP/Proiect_Etapa2/Number-of-paths-of-size-K/Pthreads_MPI/8t_8p_large.pclp-vm/data.0/systemcollector-78983-pclp-vm.sc
78682 [140432784557888] INFO perfrun.launcher <> - Launcher: all plugins were stopped.
78682 [140432784557888] INFO perfrun.launcher <> - DeadlineTimer is going to be destroyed
78683 [140432784557888] INFO perfrun.launcher <> - DeadlineTimer was destroyed
78684 [140432784557888] INFO perfrun.launcher <> - DirectoryMonitor object was destroyed
78684 [140432784557888] WARN perfrun.launcher <> - Stop command is ignored because it is received when collection is already stopped, at file: vcs/perfrun1/launcher/src/command_handler.cpp:226
78742 [140432784557888] INFO perfrun.launcher <> - Application exit code: 0
78742 [140432784557888] INFO perfrun.launcher <> - Exit code: 0
