8 [140057250641728] INFO perfrun.launcher <> - Launcher main begin
11 [140057250641728] INFO perfrun.launcher <> - MessageCatalogInit finished
11 [140057250641728] INFO perfrun.launcher <> - Launcher instance created
11 [140057250641728] INFO perfrun.launcher <> - argc = 7; cmdline = /opt/intel/oneapi/vtune/2025.0/bin64/amplxe-runss --ui-output-format xml --ui-output-fd 5 --option-file /home/student/APP/Proiect_Etapa2/Number-of-paths-of-size-K/Pthreads_MPI/16t_8p_large.pclp-vm/config/runss.options 
111 [140057250641728] INFO perfrun.perfcollector <> - SEP tool path: /opt/intel/oneapi/vtune/2025.0/bin64/sep
258 [140057250641728] INFO perfrun.launcher <> - create msngr2::ICliToolContext
261 [140057250641728] INFO perfrun.launcher <> - create file finder object
262 [140057250641728] INFO perfrun.launcher <> - create a result directory: pattern = /home/student/APP/Proiect_Etapa2/Number-of-paths-of-size-K/Pthreads_MPI/16t_8p_large.pclp-vm pid = 4294967295
264 [140057250641728] INFO perfrun.sdk <> - checked that the directory /home/student/APP/Proiect_Etapa2/Number-of-paths-of-size-K/Pthreads_MPI/16t_8p_large.pclp-vm is a local directory
265 [140057250641728] INFO perfrun.sdk <> - the directory /home/student/APP/Proiect_Etapa2/Number-of-paths-of-size-K/Pthreads_MPI/16t_8p_large.pclp-vm is a local directory with FS type ID 61267
266 [140057250641728] INFO perfrun.launcher <> - create data directory = /home/student/APP/Proiect_Etapa2/Number-of-paths-of-size-K/Pthreads_MPI/16t_8p_large.pclp-vm/data.0
268 [140057250641728] INFO perfrun.launcher <> - Creating the master collection flag
279 [140057250641728] INFO perfrun.launcher <> - Done creating the master collection flag
283 [140057241126656] INFO perfrun.launcher <> - plugin [remoteplug] was disabled because it doesn't support the given collection type.
286 [140057241126656] INFO perfrun.sdk <> - Allocating TMU :/home/student/APP/Proiect_Etapa2/Number-of-paths-of-size-K/Pthreads_MPI/16t_8p_large.pclp-vm/data.0/systemcollector-85620-pclp-vm.sc
289 [140057241126656] INFO perfrun.system <> - Tpss based collection
291 [140057241126656] INFO perfrun.launcher <> - plugin [ptracecollector] was disabled because it doesn't support the given collection type.
292 [140057241126656] INFO perfrun.launcher <> - plugin [gpu] was disabled because it doesn't support the given collection type.
292 [140057241126656] INFO perfrun.launcher <> - plugin [] was disabled because it doesn't support the given collection type.
292 [140057241126656] INFO perfrun.launcher <> - plugin [] was disabled because it doesn't support the given collection type.
292 [140057241126656] INFO perfrun.launcher <> - plugin [] was disabled because it doesn't support the given collection type.
292 [140057241126656] INFO perfrun.mrte <> - system-wide mode is 0
293 [140057241126656] INFO perfrun.mrte <> - Getting  mrte profiling environment ...
311 [140057241126656] INFO perfrun.mrte <> - INTEL_MRTE_DATA_DIR=/home/student/APP/Proiect_Etapa2/Number-of-paths-of-size-K/Pthreads_MPI/16t_8p_large.pclp-vm/data.0
311 [140057241126656] INFO perfrun.mrte <> - INTEL_MRTE_HOST_NAME=pclp-vm
311 [140057241126656] INFO perfrun.mrte <> - JAVA_TOOL_OPTIONS=-agentlib:amplxe_samplingmrte_javaprof_1.0 -Dsun.boot.library.path=/opt/intel/oneapi/vtune/2025.0/lib32/runtime:/opt/intel/oneapi/vtune/2025.0/lib64/runtime
311 [140057241126656] INFO perfrun.mrte <> - LD_LIBRARY_PATH=/opt/intel/oneapi/vtune/2025.0/lib32/runtime:/opt/intel/oneapi/vtune/2025.0/lib64/runtime
311 [140057241126656] INFO perfrun.mrte <> - CORECLR_ENABLE_PROFILING=1
311 [140057241126656] INFO perfrun.mrte <> - CORECLR_PROFILER={AA5E4821-E3B1-479c-B7FF-5AD047D22CED}
311 [140057241126656] INFO perfrun.mrte <> - CORECLR_PROFILER_PATH=/opt/intel/oneapi/vtune/2025.0/lib64/libamplxe_samplingmrte_clrprof_1.0.so
311 [140057241126656] INFO perfrun.mrte <> - INTEL_MRTE_PROFILER_MODE=mixed
311 [140057241126656] INFO perfrun.mrte <> - Data directory: /home/student/APP/Proiect_Etapa2/Number-of-paths-of-size-K/Pthreads_MPI/16t_8p_large.pclp-vm/data.0
311 [140057241126656] INFO perfrun.mrte <> - Mrte plugin is initialized
312 [140057241126656] INFO perfrun.launcher <> - plugin [emon] was disabled because it doesn't support the given collection type.
312 [140057241126656] INFO perfrun.launcher <> - plugin [cuscol] was disabled because it doesn't support the given collection type.
312 [140057241126656] INFO perfrun.launcher <> - plugin [stdsrc] was disabled because it doesn't support the given collection type.
312 [140057241126656] INFO perfrun.launcher <> - plugin [sep] was disabled because it doesn't support the given collection type.
312 [140057241126656] INFO perfrun.launcher <> - plugin [vtsspp] was disabled because it doesn't support the given collection type.
312 [140057241126656] INFO perfrun.launcher <> - plugin [perf] was disabled because it doesn't support the given collection type.
312 [140057241126656] INFO perfrun.launcher <> - plugin [aoclprofile] was disabled because it doesn't support the given collection type.
312 [140057241126656] INFO perfrun.tpss <> - initialize tpss controller
312 [140057241126656] INFO perfrun.tpss <> - configure collection mode: value = cpu:counters:nostack
312 [140057241126656] INFO perfrun.tpss <> - configure collection mode: value = cpu:stack
312 [140057241126656] INFO perfrun.tpss <> - default obj-size-min=1024
312 [140057241126656] INFO perfrun.tpss <> - default hash-table-size=0
312 [140057241126656] INFO perfrun.launcher <> - plugin [media] was disabled because it doesn't support the given collection type.
312 [140057241126656] INFO perfrun.launcher <> - plugin [] was disabled because it doesn't support the given collection type.
312 [140057241126656] INFO perfrun.launcher <> - plugin [] was disabled because it doesn't support the given collection type.
313 [140057241126656] INFO perfrun.launcher <> - plugin [parallelfs] was disabled because it doesn't support the given collection type.
313 [140057241126656] INFO perfrun.launcher <> - plugin [power] was disabled because it doesn't support the given collection type.
313 [140057241126656] INFO perfrun.launcher <> - plugin [] was disabled because it doesn't support the given collection type.
313 [140057241126656] INFO perfrun.launcher <> - plugin [ipmwatch] was disabled because it doesn't support the given collection type.
313 [140057241126656] INFO perfrun.launcher <> - plugin [os_counters] was disabled because it doesn't support the given collection type.
313 [140057241126656] INFO perfrun.launcher <> - plugin [l0_metrics] was disabled because it doesn't support the given collection type.
315 [140057250641728] INFO perfrun.launcher <> - set environment variable: LD_LIBRARY_PATH = /opt/intel/oneapi/vtune/2025.0/lib32/runtime:/opt/intel/oneapi/vtune/2025.0/lib64/runtime
317 [140057250641728] INFO perfrun.launcher <> - set environment variable: INTEL_LIBITTNOTIFY32 = /opt/intel/oneapi/vtune/2025.0/lib32/runtime/libittnotify_collector.so
319 [140057250641728] INFO perfrun.launcher <> - set environment variable: INTEL_LIBITTNOTIFY64 = /opt/intel/oneapi/vtune/2025.0/lib64/runtime/libittnotify_collector.so
321 [140057250641728] INFO perfrun.launcher <> - set environment variable: INTEL_ITTNOTIFY_GROUPS = 
322 [140057250641728] INFO perfrun.launcher <> - set environment variable: INTEL_JIT_PROFILER32 = /opt/intel/oneapi/vtune/2025.0/lib32/runtime/libittnotify_collector.so
324 [140057250641728] INFO perfrun.launcher <> - set environment variable: INTEL_JIT_PROFILER64 = /opt/intel/oneapi/vtune/2025.0/lib64/runtime/libittnotify_collector.so
325 [140057250641728] INFO perfrun.launcher <> - set environment variable: CCL_ITT_LEVEL = 1
327 [140057250641728] INFO perfrun.launcher <> - set environment variable: ENABLE_JITPROFILING = 1
328 [140057250641728] INFO perfrun.launcher <> - set environment variable: CL_CONFIG_USE_VTUNE = True
330 [140057250641728] INFO perfrun.launcher <> - set environment variable: LD_PRELOAD = libittnotify_collector.so:
331 [140057250641728] INFO perfrun.launcher <> - set environment variable: KMP_FORKJOIN_FRAMES = 0
332 [140057250641728] INFO perfrun.launcher <> - set environment variable: KMP_FORKJOIN_FRAMES_MODE = 0
334 [140057250641728] INFO perfrun.launcher <> - set environment variable: INTEL_MRTE_DATA_DIR = /home/student/APP/Proiect_Etapa2/Number-of-paths-of-size-K/Pthreads_MPI/16t_8p_large.pclp-vm/data.0
335 [140057250641728] INFO perfrun.launcher <> - set environment variable: INTEL_MRTE_HOST_NAME = pclp-vm
339 [140057250641728] INFO perfrun.launcher <> - set environment variable: JAVA_TOOL_OPTIONS = -agentlib:amplxe_samplingmrte_javaprof_1.0 -Dsun.boot.library.path=/opt/intel/oneapi/vtune/2025.0/lib32/runtime:/opt/intel/oneapi/vtune/2025.0/lib64/runtime
344 [140057250641728] INFO perfrun.launcher <> - set environment variable: LD_LIBRARY_PATH = /opt/intel/oneapi/vtune/2025.0/lib32/runtime:/opt/intel/oneapi/vtune/2025.0/lib64/runtime
347 [140057250641728] INFO perfrun.launcher <> - set environment variable: CORECLR_ENABLE_PROFILING = 1
353 [140057250641728] INFO perfrun.launcher <> - set environment variable: CORECLR_PROFILER = {AA5E4821-E3B1-479c-B7FF-5AD047D22CED}
356 [140057250641728] INFO perfrun.launcher <> - set environment variable: CORECLR_PROFILER_PATH = /opt/intel/oneapi/vtune/2025.0/lib64/libamplxe_samplingmrte_clrprof_1.0.so
357 [140057250641728] INFO perfrun.launcher <> - set environment variable: INTEL_MRTE_PROFILER_MODE = mixed
359 [140057250641728] INFO perfrun.launcher <> - RpcServer: run RPC server to handle requests
362 [140057250641728] INFO perfrun.launcher <> - Launcher: command line to start before modification = mpirun --oversubscribe -np 8 ./mpi_pthreads ../in/large.txt 1000000 1 2 16
363 [140057250641728] INFO perfrun.launcher <> - Launcher: command line to start after modification = /opt/intel/oneapi/vtune/2025.0/bin64/pin -error_file /home/student/APP/Proiect_Etapa2/Number-of-paths-of-size-K/Pthreads_MPI/16t_8p_large.pclp-vm/data.0/pinerr.tpsslog -detach_reattach -follow_execv -tool_load_option deepbind -t64 /opt/intel/oneapi/vtune/2025.0/lib64/libtpsstool.so -t /opt/intel/oneapi/vtune/2025.0/lib32/libtpsstool.so -server_name tpss_ipc.85620 -prd_dir /opt/intel/oneapi/vtune/2025.0 -- mpirun --oversubscribe -np 8 ./mpi_pthreads ../in/large.txt 1000000 1 2 16
364 [140057250641728] INFO perfrun.launcher <> - ProcessCreator object was created
366 [140057250641728] INFO perfrun.launcher <> - Launcher: the process was started in suspend mode
371 [140057241126656] WARN perfrun.system <> - Could not do anything with /sys/kernel/debug/kvm: boost::filesystem::status: Permission denied [system:13]: "/sys/kernel/debug/kvm", at file: vcs/perfrun1/plugins/system/src/trace_writer.cpp:787
371 [140057241126656] WARN perfrun.system <> - Folder "/var/run/libvirt/qemu/"doesn't exist, at file: vcs/perfrun1/plugins/system/src/trace_writer.cpp:800
374 [140057241126656] WARN perfrun.sdk <> - Failed to find xl binary on any of the system paths: /bin, /sbin, /usr/bin, /usr/sbin., at file: vcs/perfrun1/sdk/src/utils.cpp:205
380 [140057241126656] WARN perfrun.system <> - Only 105 usec accuracy achieved for reference point, at file: vcs/perfrun1/plugins/system/src/trace_writer.cpp:320
381 [140057241126656] WARN perfrun.system <> - Could not start ContainerMapping collector, at file: vcs/perfrun1/plugins/system/src/controller.cpp:450
398 [140057241126656] INFO perfrun.vdso <> - Helper runtool '/opt/intel/oneapi/vtune/2025.0/bin32/amplxe-runss -dump-vdso -r /home/student/APP/Proiect_Etapa2/Number-of-paths-of-size-K/Pthreads_MPI/16t_8p_large.pclp-vm --tmp-dir /tmp/amplxe-tmp-student' returned 1
741 [140057241126656] INFO perfrun.vdso <> - Helper runtool '/opt/intel/oneapi/vtune/2025.0/bin64/amplxe-runss -dump-vdso -r /home/student/APP/Proiect_Etapa2/Number-of-paths-of-size-K/Pthreads_MPI/16t_8p_large.pclp-vm --tmp-dir /tmp/amplxe-tmp-student' returned 0
741 [140057241126656] INFO perfrun.itt <> - start itt controller for pid #85625
742 [140057241126656] INFO perfrun.tpss <> - start tpss controller for pid #85625
794 [140057250641728] INFO perfrun.launcher <> - Launcher: all plugins were started
794 [140057250641728] INFO perfrun.launcher <> - DirectoryMonitor object was created
794 [140057250641728] INFO perfrun.launcher <> - DirectoryMonitor: a callback was added
794 [140057250641728] INFO perfrun.launcher <> - DirectoryMonitor was started with pingTime = 1000
795 [140057250641728] INFO perfrun.launcher <> - DeadlineTimer is going to be constructed
795 [140057250641728] INFO perfrun.launcher <> - DeadlineTimer: a callback was added
801 [140057250641728] INFO perfrun.launcher <> - Launcher: resume the profiled application and  wait its termination or stop command
73897 [140057250641728] INFO perfrun.launcher <> - Launcher: the profiled application was terminated  with exit code = 0
74050 [140057241126656] WARN perfrun.system <> - Only 49 usec accuracy achieved for reference point, at file: vcs/perfrun1/plugins/system/src/trace_writer.cpp:320
75159 [140057241126656] INFO perfrun.itt <> - detach itt controller
75160 [140057241126656] INFO perfrun.itt <> - detach itt controller done
75160 [140057241126656] INFO perfrun.tpss <> - stop tpss controller
75241 [140057241126656] INFO perfrun.sdk <> - De-allocating TMU: /home/student/APP/Proiect_Etapa2/Number-of-paths-of-size-K/Pthreads_MPI/16t_8p_large.pclp-vm/data.0/systemcollector-85620-pclp-vm.sc
75241 [140057241126656] INFO perfrun.system <> - closed the system trace file: /home/student/APP/Proiect_Etapa2/Number-of-paths-of-size-K/Pthreads_MPI/16t_8p_large.pclp-vm/data.0/systemcollector-85620-pclp-vm.sc
75242 [140057250641728] INFO perfrun.launcher <> - Launcher: all plugins were stopped.
75242 [140057250641728] INFO perfrun.launcher <> - DeadlineTimer is going to be destroyed
75243 [140057250641728] INFO perfrun.launcher <> - DeadlineTimer was destroyed
75243 [140057250641728] INFO perfrun.launcher <> - DirectoryMonitor object was destroyed
75244 [140057250641728] WARN perfrun.launcher <> - Stop command is ignored because it is received when collection is already stopped, at file: vcs/perfrun1/launcher/src/command_handler.cpp:226
75333 [140057250641728] INFO perfrun.launcher <> - Application exit code: 0
75333 [140057250641728] INFO perfrun.launcher <> - Exit code: 0
