5 [140579891836736] INFO perfrun.launcher <> - Launcher main begin
9 [140579891836736] INFO perfrun.launcher <> - MessageCatalogInit finished
9 [140579891836736] INFO perfrun.launcher <> - Launcher instance created
9 [140579891836736] INFO perfrun.launcher <> - argc = 7; cmdline = /opt/intel/oneapi/vtune/2025.0/bin64/amplxe-runss --ui-output-format xml --ui-output-fd 5 --option-file /home/student/APP/Proiect_Etapa2/Number-of-paths-of-size-K/mpi/r_large_hs_8.pclp-vm/config/runss.options.7 
180 [140579891836736] INFO perfrun.perfcollector <> - SEP tool path: /opt/intel/oneapi/vtune/2025.0/bin64/sep
221 [140579891836736] INFO perfrun.launcher <> - create msngr2::ICliToolContext
222 [140579891836736] INFO perfrun.launcher <> - create file finder object
222 [140579891836736] INFO perfrun.launcher <> - create a result directory: pattern = /home/student/APP/Proiect_Etapa2/Number-of-paths-of-size-K/mpi/r_large_hs_8.pclp-vm pid = 4294967295
224 [140579891836736] INFO perfrun.sdk <> - checked that the directory /home/student/APP/Proiect_Etapa2/Number-of-paths-of-size-K/mpi/r_large_hs_8.pclp-vm is a local directory
224 [140579891836736] INFO perfrun.sdk <> - the directory /home/student/APP/Proiect_Etapa2/Number-of-paths-of-size-K/mpi/r_large_hs_8.pclp-vm is a local directory with FS type ID 61267
225 [140579891836736] INFO perfrun.launcher <> - create data directory = /home/student/APP/Proiect_Etapa2/Number-of-paths-of-size-K/mpi/r_large_hs_8.pclp-vm/data.7
225 [140579891836736] INFO perfrun.launcher <> - Creating the master collection flag
225 [140579891836736] INFO perfrun.launcher <> - Done creating the master collection flag
226 [140579882321664] INFO perfrun.launcher <> - plugin [remoteplug] was disabled because it doesn't support the given collection type.
227 [140579882321664] INFO perfrun.sdk <> - Allocating TMU :/home/student/APP/Proiect_Etapa2/Number-of-paths-of-size-K/mpi/r_large_hs_8.pclp-vm/data.7/systemcollector-6961-pclp-vm.sc
227 [140579882321664] INFO perfrun.launcher <> - plugin [vdso] was disabled because it doesn't support the given collection type.
227 [140579882321664] INFO perfrun.launcher <> - plugin [ptracecollector] was disabled because it doesn't support the given collection type.
227 [140579882321664] INFO perfrun.launcher <> - plugin [gpu] was disabled because it doesn't support the given collection type.
228 [140579882321664] INFO perfrun.launcher <> - plugin [] was disabled because it doesn't support the given collection type.
228 [140579882321664] INFO perfrun.launcher <> - plugin [] was disabled because it doesn't support the given collection type.
228 [140579882321664] INFO perfrun.launcher <> - plugin [] was disabled because it doesn't support the given collection type.
228 [140579882321664] INFO perfrun.mrte <> - system-wide mode is 0
228 [140579882321664] INFO perfrun.mrte <> - Getting  mrte profiling environment ...
246 [140579882321664] INFO perfrun.mrte <> - INTEL_MRTE_DATA_DIR=/home/student/APP/Proiect_Etapa2/Number-of-paths-of-size-K/mpi/r_large_hs_8.pclp-vm/data.7
246 [140579882321664] INFO perfrun.mrte <> - INTEL_MRTE_HOST_NAME=pclp-vm
246 [140579882321664] INFO perfrun.mrte <> - JAVA_TOOL_OPTIONS=-agentlib:amplxe_samplingmrte_javaprof_1.0 -Dsun.boot.library.path=/opt/intel/oneapi/vtune/2025.0/lib32/runtime:/opt/intel/oneapi/vtune/2025.0/lib64/runtime
246 [140579882321664] INFO perfrun.mrte <> - LD_LIBRARY_PATH=/opt/intel/oneapi/vtune/2025.0/lib32/runtime:/opt/intel/oneapi/vtune/2025.0/lib64/runtime
246 [140579882321664] INFO perfrun.mrte <> - CORECLR_ENABLE_PROFILING=1
246 [140579882321664] INFO perfrun.mrte <> - CORECLR_PROFILER={AA5E4821-E3B1-479c-B7FF-5AD047D22CED}
246 [140579882321664] INFO perfrun.mrte <> - CORECLR_PROFILER_PATH=/opt/intel/oneapi/vtune/2025.0/lib64/libamplxe_samplingmrte_clrprof_1.0.so
247 [140579882321664] INFO perfrun.mrte <> - INTEL_MRTE_PROFILER_MODE=mixed
247 [140579882321664] INFO perfrun.mrte <> - Data directory: /home/student/APP/Proiect_Etapa2/Number-of-paths-of-size-K/mpi/r_large_hs_8.pclp-vm/data.7
247 [140579882321664] INFO perfrun.mrte <> - Mrte plugin is initialized
247 [140579882321664] INFO perfrun.launcher <> - plugin [emon] was disabled because it doesn't support the given collection type.
247 [140579882321664] INFO perfrun.launcher <> - plugin [cuscol] was disabled because it doesn't support the given collection type.
247 [140579882321664] INFO perfrun.launcher <> - plugin [stdsrc] was disabled because it doesn't support the given collection type.
247 [140579882321664] INFO perfrun.launcher <> - plugin [sep] was disabled because it doesn't support the given collection type.
247 [140579882321664] INFO perfrun.launcher <> - plugin [vtsspp] was disabled because it doesn't support the given collection type.
247 [140579882321664] INFO perfrun.launcher <> - plugin [perf] was disabled because it doesn't support the given collection type.
247 [140579882321664] INFO perfrun.launcher <> - plugin [aoclprofile] was disabled because it doesn't support the given collection type.
247 [140579882321664] INFO perfrun.tpss <> - initialize tpss controller
247 [140579882321664] INFO perfrun.tpss <> - configure collection mode: value = cpu:counters:nostack
247 [140579882321664] INFO perfrun.tpss <> - configure collection mode: value = cpu:stack
247 [140579882321664] INFO perfrun.tpss <> - default obj-size-min=1024
247 [140579882321664] INFO perfrun.tpss <> - default hash-table-size=0
247 [140579882321664] INFO perfrun.launcher <> - plugin [media] was disabled because it doesn't support the given collection type.
248 [140579882321664] INFO perfrun.launcher <> - plugin [] was disabled because it doesn't support the given collection type.
248 [140579882321664] INFO perfrun.launcher <> - plugin [] was disabled because it doesn't support the given collection type.
248 [140579882321664] INFO perfrun.launcher <> - plugin [parallelfs] was disabled because it doesn't support the given collection type.
248 [140579882321664] INFO perfrun.launcher <> - plugin [power] was disabled because it doesn't support the given collection type.
248 [140579882321664] INFO perfrun.launcher <> - plugin [] was disabled because it doesn't support the given collection type.
248 [140579882321664] INFO perfrun.launcher <> - plugin [ipmwatch] was disabled because it doesn't support the given collection type.
248 [140579882321664] INFO perfrun.launcher <> - plugin [os_counters] was disabled because it doesn't support the given collection type.
248 [140579882321664] INFO perfrun.launcher <> - plugin [l0_metrics] was disabled because it doesn't support the given collection type.
248 [140579891836736] INFO perfrun.launcher <> - set environment variable: LD_LIBRARY_PATH = /opt/intel/oneapi/vtune/2025.0/lib32/runtime:/opt/intel/oneapi/vtune/2025.0/lib64/runtime
248 [140579891836736] INFO perfrun.launcher <> - set environment variable: INTEL_LIBITTNOTIFY32 = /opt/intel/oneapi/vtune/2025.0/lib32/runtime/libittnotify_collector.so
249 [140579891836736] INFO perfrun.launcher <> - set environment variable: INTEL_LIBITTNOTIFY64 = /opt/intel/oneapi/vtune/2025.0/lib64/runtime/libittnotify_collector.so
249 [140579891836736] INFO perfrun.launcher <> - set environment variable: INTEL_ITTNOTIFY_GROUPS = 
249 [140579891836736] INFO perfrun.launcher <> - set environment variable: INTEL_JIT_PROFILER32 = /opt/intel/oneapi/vtune/2025.0/lib32/runtime/libittnotify_collector.so
249 [140579891836736] INFO perfrun.launcher <> - set environment variable: INTEL_JIT_PROFILER64 = /opt/intel/oneapi/vtune/2025.0/lib64/runtime/libittnotify_collector.so
249 [140579891836736] INFO perfrun.launcher <> - set environment variable: CCL_ITT_LEVEL = 1
249 [140579891836736] INFO perfrun.launcher <> - set environment variable: ENABLE_JITPROFILING = 1
250 [140579891836736] INFO perfrun.launcher <> - set environment variable: CL_CONFIG_USE_VTUNE = True
250 [140579891836736] INFO perfrun.launcher <> - set environment variable: LD_PRELOAD = libittnotify_collector.so:
250 [140579891836736] INFO perfrun.launcher <> - set environment variable: KMP_FORKJOIN_FRAMES = 0
250 [140579891836736] INFO perfrun.launcher <> - set environment variable: KMP_FORKJOIN_FRAMES_MODE = 0
251 [140579891836736] INFO perfrun.launcher <> - set environment variable: INTEL_MRTE_DATA_DIR = /home/student/APP/Proiect_Etapa2/Number-of-paths-of-size-K/mpi/r_large_hs_8.pclp-vm/data.7
251 [140579891836736] INFO perfrun.launcher <> - set environment variable: INTEL_MRTE_HOST_NAME = pclp-vm
251 [140579891836736] INFO perfrun.launcher <> - set environment variable: JAVA_TOOL_OPTIONS = -agentlib:amplxe_samplingmrte_javaprof_1.0 -Dsun.boot.library.path=/opt/intel/oneapi/vtune/2025.0/lib32/runtime:/opt/intel/oneapi/vtune/2025.0/lib64/runtime
251 [140579891836736] INFO perfrun.launcher <> - set environment variable: LD_LIBRARY_PATH = /opt/intel/oneapi/vtune/2025.0/lib32/runtime:/opt/intel/oneapi/vtune/2025.0/lib64/runtime
251 [140579891836736] INFO perfrun.launcher <> - set environment variable: CORECLR_ENABLE_PROFILING = 1
251 [140579891836736] INFO perfrun.launcher <> - set environment variable: CORECLR_PROFILER = {AA5E4821-E3B1-479c-B7FF-5AD047D22CED}
252 [140579891836736] INFO perfrun.launcher <> - set environment variable: CORECLR_PROFILER_PATH = /opt/intel/oneapi/vtune/2025.0/lib64/libamplxe_samplingmrte_clrprof_1.0.so
252 [140579891836736] INFO perfrun.launcher <> - set environment variable: INTEL_MRTE_PROFILER_MODE = mixed
252 [140579891836736] INFO perfrun.launcher <> - RpcServer: run RPC server to handle requests
253 [140579891836736] INFO perfrun.launcher <> - Launcher: command line to start before modification = ./matrix ../in/large.txt 1000000 1 2
253 [140579891836736] INFO perfrun.launcher <> - Launcher: command line to start after modification = /opt/intel/oneapi/vtune/2025.0/bin64/pin -error_file /home/student/APP/Proiect_Etapa2/Number-of-paths-of-size-K/mpi/r_large_hs_8.pclp-vm/data.7/pinerr.tpsslog -detach_reattach -follow_execv -tool_load_option deepbind -t64 /opt/intel/oneapi/vtune/2025.0/lib64/libtpsstool.so -t /opt/intel/oneapi/vtune/2025.0/lib32/libtpsstool.so -server_name tpss_ipc.6961 -prd_dir /opt/intel/oneapi/vtune/2025.0 -- ./matrix ../in/large.txt 1000000 1 2
353 [140579891836736] INFO perfrun.launcher <> - ProcessCreator object was created
354 [140579891836736] INFO perfrun.launcher <> - Launcher: the process was started in suspend mode
356 [140579882321664] WARN perfrun.system <> - Could not do anything with /sys/kernel/debug/kvm: boost::filesystem::status: Permission denied [system:13]: "/sys/kernel/debug/kvm", at file: vcs/perfrun1/plugins/system/src/trace_writer.cpp:787
357 [140579882321664] WARN perfrun.system <> - Folder "/var/run/libvirt/qemu/"doesn't exist, at file: vcs/perfrun1/plugins/system/src/trace_writer.cpp:800
357 [140579882321664] WARN perfrun.system <> - Only 2 usec accuracy achieved for reference point, at file: vcs/perfrun1/plugins/system/src/trace_writer.cpp:320
357 [140579882321664] INFO perfrun.itt <> - start itt controller for pid #7000
357 [140579882321664] INFO perfrun.tpss <> - start tpss controller for pid #7000
408 [140579891836736] INFO perfrun.launcher <> - Launcher: all plugins were started
408 [140579891836736] INFO perfrun.launcher <> - DirectoryMonitor object was created
408 [140579891836736] INFO perfrun.launcher <> - DirectoryMonitor: a callback was added
408 [140579891836736] INFO perfrun.launcher <> - DirectoryMonitor was started with pingTime = 1000
409 [140579891836736] INFO perfrun.launcher <> - DeadlineTimer is going to be constructed
409 [140579891836736] INFO perfrun.launcher <> - DeadlineTimer: a callback was added
411 [140579891836736] INFO perfrun.launcher <> - Launcher: resume the profiled application and  wait its termination or stop command
12365 [140579891836736] INFO perfrun.launcher <> - Launcher: the profiled application was terminated  with exit code = 0
12366 [140579882321664] WARN perfrun.system <> - Only 2 usec accuracy achieved for reference point, at file: vcs/perfrun1/plugins/system/src/trace_writer.cpp:320
12420 [140579882321664] INFO perfrun.itt <> - detach itt controller
12420 [140579882321664] INFO perfrun.itt <> - detach itt controller done
12420 [140579882321664] INFO perfrun.tpss <> - stop tpss controller
12421 [140579882321664] INFO perfrun.sdk <> - De-allocating TMU: /home/student/APP/Proiect_Etapa2/Number-of-paths-of-size-K/mpi/r_large_hs_8.pclp-vm/data.7/systemcollector-6961-pclp-vm.sc
12421 [140579882321664] INFO perfrun.system <> - closed the system trace file: /home/student/APP/Proiect_Etapa2/Number-of-paths-of-size-K/mpi/r_large_hs_8.pclp-vm/data.7/systemcollector-6961-pclp-vm.sc
12422 [140579891836736] INFO perfrun.launcher <> - Launcher: all plugins were stopped.
12422 [140579891836736] INFO perfrun.launcher <> - DeadlineTimer is going to be destroyed
12422 [140579891836736] INFO perfrun.launcher <> - DeadlineTimer was destroyed
12422 [140579891836736] INFO perfrun.launcher <> - DirectoryMonitor object was destroyed
12423 [140579891836736] WARN perfrun.launcher <> - Stop command is ignored because it is received when collection is already stopped, at file: vcs/perfrun1/launcher/src/command_handler.cpp:226
12423 [140579891836736] INFO perfrun.launcher <> - Application exit code: 0
12423 [140579891836736] INFO perfrun.launcher <> - Exit code: 0
