3 [140565266597696] INFO perfrun.launcher <> - Launcher main begin
4 [140565266597696] INFO perfrun.launcher <> - MessageCatalogInit finished
4 [140565266597696] INFO perfrun.launcher <> - Launcher instance created
4 [140565266597696] INFO perfrun.launcher <> - argc = 7; cmdline = /opt/intel/oneapi/vtune/2025.0/bin64/amplxe-runss --ui-output-format xml --ui-output-fd 5 --option-file /home/student/APP/Proiect_Etapa2/Number-of-paths-of-size-K/mpi/r_large_hs_8.pclp-vm/config/runss.options 
243 [140565266597696] INFO perfrun.perfcollector <> - SEP tool path: /opt/intel/oneapi/vtune/2025.0/bin64/sep
302 [140565266597696] INFO perfrun.launcher <> - create msngr2::ICliToolContext
305 [140565266597696] INFO perfrun.launcher <> - create file finder object
306 [140565266597696] INFO perfrun.launcher <> - create a result directory: pattern = /home/student/APP/Proiect_Etapa2/Number-of-paths-of-size-K/mpi/r_large_hs_8.pclp-vm pid = 4294967295
308 [140565266597696] INFO perfrun.sdk <> - checked that the directory /home/student/APP/Proiect_Etapa2/Number-of-paths-of-size-K/mpi/r_large_hs_8.pclp-vm is a local directory
308 [140565266597696] INFO perfrun.sdk <> - the directory /home/student/APP/Proiect_Etapa2/Number-of-paths-of-size-K/mpi/r_large_hs_8.pclp-vm is a local directory with FS type ID 61267
308 [140565266597696] INFO perfrun.launcher <> - create data directory = /home/student/APP/Proiect_Etapa2/Number-of-paths-of-size-K/mpi/r_large_hs_8.pclp-vm/data.0
308 [140565266597696] INFO perfrun.launcher <> - Creating the master collection flag
312 [140565266597696] INFO perfrun.launcher <> - Done creating the master collection flag
313 [140565257082624] INFO perfrun.launcher <> - plugin [remoteplug] was disabled because it doesn't support the given collection type.
315 [140565257082624] INFO perfrun.sdk <> - Allocating TMU :/home/student/APP/Proiect_Etapa2/Number-of-paths-of-size-K/mpi/r_large_hs_8.pclp-vm/data.0/systemcollector-6921-pclp-vm.sc
315 [140565257082624] INFO perfrun.system <> - Tpss based collection
317 [140565257082624] INFO perfrun.launcher <> - plugin [ptracecollector] was disabled because it doesn't support the given collection type.
317 [140565257082624] INFO perfrun.launcher <> - plugin [gpu] was disabled because it doesn't support the given collection type.
317 [140565257082624] INFO perfrun.launcher <> - plugin [] was disabled because it doesn't support the given collection type.
317 [140565257082624] INFO perfrun.launcher <> - plugin [] was disabled because it doesn't support the given collection type.
317 [140565257082624] INFO perfrun.launcher <> - plugin [] was disabled because it doesn't support the given collection type.
317 [140565257082624] INFO perfrun.mrte <> - system-wide mode is 0
317 [140565257082624] INFO perfrun.mrte <> - Getting  mrte profiling environment ...
444 [140565257082624] INFO perfrun.mrte <> - INTEL_MRTE_DATA_DIR=/home/student/APP/Proiect_Etapa2/Number-of-paths-of-size-K/mpi/r_large_hs_8.pclp-vm/data.0
444 [140565257082624] INFO perfrun.mrte <> - INTEL_MRTE_HOST_NAME=pclp-vm
444 [140565257082624] INFO perfrun.mrte <> - JAVA_TOOL_OPTIONS=-agentlib:amplxe_samplingmrte_javaprof_1.0 -Dsun.boot.library.path=/opt/intel/oneapi/vtune/2025.0/lib32/runtime:/opt/intel/oneapi/vtune/2025.0/lib64/runtime
444 [140565257082624] INFO perfrun.mrte <> - LD_LIBRARY_PATH=/opt/intel/oneapi/vtune/2025.0/lib32/runtime:/opt/intel/oneapi/vtune/2025.0/lib64/runtime
444 [140565257082624] INFO perfrun.mrte <> - CORECLR_ENABLE_PROFILING=1
444 [140565257082624] INFO perfrun.mrte <> - CORECLR_PROFILER={AA5E4821-E3B1-479c-B7FF-5AD047D22CED}
444 [140565257082624] INFO perfrun.mrte <> - CORECLR_PROFILER_PATH=/opt/intel/oneapi/vtune/2025.0/lib64/libamplxe_samplingmrte_clrprof_1.0.so
444 [140565257082624] INFO perfrun.mrte <> - INTEL_MRTE_PROFILER_MODE=mixed
444 [140565257082624] INFO perfrun.mrte <> - Data directory: /home/student/APP/Proiect_Etapa2/Number-of-paths-of-size-K/mpi/r_large_hs_8.pclp-vm/data.0
444 [140565257082624] INFO perfrun.mrte <> - Mrte plugin is initialized
444 [140565257082624] INFO perfrun.launcher <> - plugin [emon] was disabled because it doesn't support the given collection type.
444 [140565257082624] INFO perfrun.launcher <> - plugin [cuscol] was disabled because it doesn't support the given collection type.
444 [140565257082624] INFO perfrun.launcher <> - plugin [stdsrc] was disabled because it doesn't support the given collection type.
444 [140565257082624] INFO perfrun.launcher <> - plugin [sep] was disabled because it doesn't support the given collection type.
444 [140565257082624] INFO perfrun.launcher <> - plugin [vtsspp] was disabled because it doesn't support the given collection type.
444 [140565257082624] INFO perfrun.launcher <> - plugin [perf] was disabled because it doesn't support the given collection type.
444 [140565257082624] INFO perfrun.launcher <> - plugin [aoclprofile] was disabled because it doesn't support the given collection type.
444 [140565257082624] INFO perfrun.tpss <> - initialize tpss controller
445 [140565257082624] INFO perfrun.tpss <> - configure collection mode: value = cpu:counters:nostack
445 [140565257082624] INFO perfrun.tpss <> - configure collection mode: value = cpu:stack
445 [140565257082624] INFO perfrun.tpss <> - default obj-size-min=1024
445 [140565257082624] INFO perfrun.tpss <> - default hash-table-size=0
445 [140565257082624] INFO perfrun.launcher <> - plugin [media] was disabled because it doesn't support the given collection type.
445 [140565257082624] INFO perfrun.launcher <> - plugin [] was disabled because it doesn't support the given collection type.
445 [140565257082624] INFO perfrun.launcher <> - plugin [] was disabled because it doesn't support the given collection type.
445 [140565257082624] INFO perfrun.launcher <> - plugin [parallelfs] was disabled because it doesn't support the given collection type.
445 [140565257082624] INFO perfrun.launcher <> - plugin [power] was disabled because it doesn't support the given collection type.
445 [140565257082624] INFO perfrun.launcher <> - plugin [] was disabled because it doesn't support the given collection type.
445 [140565257082624] INFO perfrun.launcher <> - plugin [ipmwatch] was disabled because it doesn't support the given collection type.
445 [140565257082624] INFO perfrun.launcher <> - plugin [os_counters] was disabled because it doesn't support the given collection type.
445 [140565257082624] INFO perfrun.launcher <> - plugin [l0_metrics] was disabled because it doesn't support the given collection type.
446 [140565266597696] INFO perfrun.launcher <> - set environment variable: LD_LIBRARY_PATH = /opt/intel/oneapi/vtune/2025.0/lib32/runtime:/opt/intel/oneapi/vtune/2025.0/lib64/runtime
448 [140565266597696] INFO perfrun.launcher <> - set environment variable: INTEL_LIBITTNOTIFY32 = /opt/intel/oneapi/vtune/2025.0/lib32/runtime/libittnotify_collector.so
448 [140565266597696] INFO perfrun.launcher <> - set environment variable: INTEL_LIBITTNOTIFY64 = /opt/intel/oneapi/vtune/2025.0/lib64/runtime/libittnotify_collector.so
449 [140565266597696] INFO perfrun.launcher <> - set environment variable: INTEL_ITTNOTIFY_GROUPS = 
450 [140565266597696] INFO perfrun.launcher <> - set environment variable: INTEL_JIT_PROFILER32 = /opt/intel/oneapi/vtune/2025.0/lib32/runtime/libittnotify_collector.so
451 [140565266597696] INFO perfrun.launcher <> - set environment variable: INTEL_JIT_PROFILER64 = /opt/intel/oneapi/vtune/2025.0/lib64/runtime/libittnotify_collector.so
451 [140565266597696] INFO perfrun.launcher <> - set environment variable: CCL_ITT_LEVEL = 1
452 [140565266597696] INFO perfrun.launcher <> - set environment variable: ENABLE_JITPROFILING = 1
452 [140565266597696] INFO perfrun.launcher <> - set environment variable: CL_CONFIG_USE_VTUNE = True
453 [140565266597696] INFO perfrun.launcher <> - set environment variable: LD_PRELOAD = libittnotify_collector.so:
454 [140565266597696] INFO perfrun.launcher <> - set environment variable: KMP_FORKJOIN_FRAMES = 0
454 [140565266597696] INFO perfrun.launcher <> - set environment variable: KMP_FORKJOIN_FRAMES_MODE = 0
454 [140565266597696] INFO perfrun.launcher <> - set environment variable: INTEL_MRTE_DATA_DIR = /home/student/APP/Proiect_Etapa2/Number-of-paths-of-size-K/mpi/r_large_hs_8.pclp-vm/data.0
455 [140565266597696] INFO perfrun.launcher <> - set environment variable: INTEL_MRTE_HOST_NAME = pclp-vm
455 [140565266597696] INFO perfrun.launcher <> - set environment variable: JAVA_TOOL_OPTIONS = -agentlib:amplxe_samplingmrte_javaprof_1.0 -Dsun.boot.library.path=/opt/intel/oneapi/vtune/2025.0/lib32/runtime:/opt/intel/oneapi/vtune/2025.0/lib64/runtime
455 [140565266597696] INFO perfrun.launcher <> - set environment variable: LD_LIBRARY_PATH = /opt/intel/oneapi/vtune/2025.0/lib32/runtime:/opt/intel/oneapi/vtune/2025.0/lib64/runtime
456 [140565266597696] INFO perfrun.launcher <> - set environment variable: CORECLR_ENABLE_PROFILING = 1
457 [140565266597696] INFO perfrun.launcher <> - set environment variable: CORECLR_PROFILER = {AA5E4821-E3B1-479c-B7FF-5AD047D22CED}
457 [140565266597696] INFO perfrun.launcher <> - set environment variable: CORECLR_PROFILER_PATH = /opt/intel/oneapi/vtune/2025.0/lib64/libamplxe_samplingmrte_clrprof_1.0.so
457 [140565266597696] INFO perfrun.launcher <> - set environment variable: INTEL_MRTE_PROFILER_MODE = mixed
458 [140565266597696] INFO perfrun.launcher <> - RpcServer: run RPC server to handle requests
459 [140565266597696] INFO perfrun.launcher <> - Launcher: command line to start before modification = ./matrix ../in/large.txt 1000000 1 2
459 [140565266597696] INFO perfrun.launcher <> - Launcher: command line to start after modification = /opt/intel/oneapi/vtune/2025.0/bin64/pin -error_file /home/student/APP/Proiect_Etapa2/Number-of-paths-of-size-K/mpi/r_large_hs_8.pclp-vm/data.0/pinerr.tpsslog -detach_reattach -follow_execv -tool_load_option deepbind -t64 /opt/intel/oneapi/vtune/2025.0/lib64/libtpsstool.so -t /opt/intel/oneapi/vtune/2025.0/lib32/libtpsstool.so -server_name tpss_ipc.6921 -prd_dir /opt/intel/oneapi/vtune/2025.0 -- ./matrix ../in/large.txt 1000000 1 2
459 [140565266597696] INFO perfrun.launcher <> - ProcessCreator object was created
464 [140565266597696] INFO perfrun.launcher <> - Launcher: the process was started in suspend mode
479 [140565257082624] WARN perfrun.system <> - Could not do anything with /sys/kernel/debug/kvm: boost::filesystem::status: Permission denied [system:13]: "/sys/kernel/debug/kvm", at file: vcs/perfrun1/plugins/system/src/trace_writer.cpp:787
479 [140565257082624] WARN perfrun.system <> - Folder "/var/run/libvirt/qemu/"doesn't exist, at file: vcs/perfrun1/plugins/system/src/trace_writer.cpp:800
483 [140565257082624] WARN perfrun.sdk <> - Failed to find xl binary on any of the system paths: /bin, /sbin, /usr/bin, /usr/sbin., at file: vcs/perfrun1/sdk/src/utils.cpp:205
484 [140565257082624] WARN perfrun.system <> - Only 2 usec accuracy achieved for reference point, at file: vcs/perfrun1/plugins/system/src/trace_writer.cpp:320
484 [140565257082624] WARN perfrun.system <> - Could not start ContainerMapping collector, at file: vcs/perfrun1/plugins/system/src/controller.cpp:450
531 [140565257082624] INFO perfrun.vdso <> - Helper runtool '/opt/intel/oneapi/vtune/2025.0/bin32/amplxe-runss -dump-vdso -r /home/student/APP/Proiect_Etapa2/Number-of-paths-of-size-K/mpi/r_large_hs_8.pclp-vm --tmp-dir /tmp/amplxe-tmp-student' returned 1
779 [140565257082624] INFO perfrun.vdso <> - Helper runtool '/opt/intel/oneapi/vtune/2025.0/bin64/amplxe-runss -dump-vdso -r /home/student/APP/Proiect_Etapa2/Number-of-paths-of-size-K/mpi/r_large_hs_8.pclp-vm --tmp-dir /tmp/amplxe-tmp-student' returned 0
779 [140565257082624] INFO perfrun.itt <> - start itt controller for pid #6972
779 [140565257082624] INFO perfrun.tpss <> - start tpss controller for pid #6972
830 [140565266597696] INFO perfrun.launcher <> - Launcher: all plugins were started
831 [140565266597696] INFO perfrun.launcher <> - DirectoryMonitor object was created
831 [140565266597696] INFO perfrun.launcher <> - DirectoryMonitor: a callback was added
831 [140565266597696] INFO perfrun.launcher <> - DirectoryMonitor was started with pingTime = 1000
831 [140565266597696] INFO perfrun.launcher <> - DeadlineTimer is going to be constructed
831 [140565266597696] INFO perfrun.launcher <> - DeadlineTimer: a callback was added
836 [140565266597696] INFO perfrun.launcher <> - Launcher: resume the profiled application and  wait its termination or stop command
12812 [140565266597696] INFO perfrun.launcher <> - Launcher: the profiled application was terminated  with exit code = 0
13348 [140565257082624] INFO perfrun.itt <> - detach itt controller
13348 [140565257082624] INFO perfrun.itt <> - detach itt controller done
13348 [140565257082624] INFO perfrun.tpss <> - stop tpss controller
13349 [140565257082624] INFO perfrun.sdk <> - De-allocating TMU: /home/student/APP/Proiect_Etapa2/Number-of-paths-of-size-K/mpi/r_large_hs_8.pclp-vm/data.0/systemcollector-6921-pclp-vm.sc
13350 [140565257082624] INFO perfrun.system <> - closed the system trace file: /home/student/APP/Proiect_Etapa2/Number-of-paths-of-size-K/mpi/r_large_hs_8.pclp-vm/data.0/systemcollector-6921-pclp-vm.sc
13350 [140565266597696] INFO perfrun.launcher <> - Launcher: all plugins were stopped.
13350 [140565266597696] INFO perfrun.launcher <> - DeadlineTimer is going to be destroyed
13351 [140565266597696] INFO perfrun.launcher <> - DeadlineTimer was destroyed
13351 [140565266597696] INFO perfrun.launcher <> - DirectoryMonitor object was destroyed
13351 [140565266597696] WARN perfrun.launcher <> - Stop command is ignored because it is received when collection is already stopped, at file: vcs/perfrun1/launcher/src/command_handler.cpp:226
13354 [140565266597696] INFO perfrun.launcher <> - Application exit code: 0
13354 [140565266597696] INFO perfrun.launcher <> - Exit code: 0
