5 [139746136709440] INFO perfrun.launcher <> - Launcher main begin
7 [139746136709440] INFO perfrun.launcher <> - MessageCatalogInit finished
7 [139746136709440] INFO perfrun.launcher <> - Launcher instance created
8 [139746136709440] INFO perfrun.launcher <> - argc = 6; cmdline = /opt/intel/oneapi/vtune/2025.0/bin64/amplxe-runss -dump-vdso -r /home/student/APP/Proiect_Etapa2/Number-of-paths-of-size-K/Pthreads_MPI/8t_16p_large.pclp-vm --tmp-dir /tmp/amplxe-tmp-student 
96 [139746136709440] INFO perfrun.perfcollector <> - SEP tool path: /opt/intel/oneapi/vtune/2025.0/bin64/sep
224 [139746136709440] INFO perfrun.launcher <> - create msngr2::ICliToolContext
225 [139746136709440] INFO perfrun.launcher <> - create file finder object
229 [139746127189760] INFO perfrun.launcher <> - plugin [remoteplug] was disabled because it doesn't support the given collection type.
230 [139746127189760] INFO perfrun.launcher <> - plugin [system] was disabled because it doesn't support the given collection type.
230 [139746127189760] INFO perfrun.vdso <> - dumping [vdso] pseudomodule
240 [139746127189760] INFO perfrun.launcher <> - plugin [itt] was disabled because it doesn't support the given collection type.
241 [139746127189760] INFO perfrun.launcher <> - plugin [ptracecollector] was disabled because it doesn't support the given collection type.
241 [139746127189760] INFO perfrun.launcher <> - plugin [gpu] was disabled because it doesn't support the given collection type.
242 [139746127189760] INFO perfrun.launcher <> - plugin [] was disabled because it doesn't support the given collection type.
242 [139746127189760] INFO perfrun.launcher <> - plugin [] was disabled because it doesn't support the given collection type.
243 [139746127189760] INFO perfrun.launcher <> - plugin [] was disabled because it doesn't support the given collection type.
243 [139746127189760] INFO perfrun.launcher <> - plugin [mrte] was disabled because it doesn't support the given collection type.
243 [139746127189760] INFO perfrun.launcher <> - plugin [emon] was disabled because it doesn't support the given collection type.
244 [139746127189760] INFO perfrun.launcher <> - plugin [cuscol] was disabled because it doesn't support the given collection type.
244 [139746127189760] INFO perfrun.launcher <> - plugin [stdsrc] was disabled because it doesn't support the given collection type.
244 [139746127189760] INFO perfrun.launcher <> - plugin [sep] was disabled because it doesn't support the given collection type.
245 [139746127189760] INFO perfrun.launcher <> - plugin [vtsspp] was disabled because it doesn't support the given collection type.
245 [139746127189760] INFO perfrun.launcher <> - plugin [perf] was disabled because it doesn't support the given collection type.
245 [139746127189760] INFO perfrun.launcher <> - plugin [aoclprofile] was disabled because it doesn't support the given collection type.
246 [139746127189760] INFO perfrun.launcher <> - plugin [tpss] was disabled because it doesn't support the given collection type.
246 [139746127189760] INFO perfrun.launcher <> - plugin [media] was disabled because it doesn't support the given collection type.
246 [139746127189760] INFO perfrun.launcher <> - plugin [] was disabled because it doesn't support the given collection type.
247 [139746127189760] INFO perfrun.launcher <> - plugin [] was disabled because it doesn't support the given collection type.
247 [139746127189760] INFO perfrun.launcher <> - plugin [parallelfs] was disabled because it doesn't support the given collection type.
247 [139746127189760] INFO perfrun.launcher <> - plugin [power] was disabled because it doesn't support the given collection type.
248 [139746127189760] INFO perfrun.launcher <> - plugin [] was disabled because it doesn't support the given collection type.
248 [139746127189760] INFO perfrun.launcher <> - plugin [ipmwatch] was disabled because it doesn't support the given collection type.
249 [139746127189760] INFO perfrun.launcher <> - plugin [os_counters] was disabled because it doesn't support the given collection type.
249 [139746127189760] INFO perfrun.launcher <> - plugin [l0_metrics] was disabled because it doesn't support the given collection type.
250 [139746136709440] INFO perfrun.launcher <> - Application exit code: 0
250 [139746136709440] INFO perfrun.launcher <> - Exit code: 0
