4 [140188754515776] INFO perfrun.launcher <> - Launcher main begin
6 [140188754515776] INFO perfrun.launcher <> - MessageCatalogInit finished
6 [140188754515776] INFO perfrun.launcher <> - Launcher instance created
6 [140188754515776] INFO perfrun.launcher <> - argc = 7; cmdline = /opt/intel/oneapi/vtune/2025.0/bin64/amplxe-runss --ui-output-format xml --ui-output-fd 5 --option-file /home/student/APP/Proiect_Etapa2/Number-of-paths-of-size-K/Pthreads/reports/r002hs/config/runss.options 
113 [140188754515776] INFO perfrun.perfcollector <> - SEP tool path: /opt/intel/oneapi/vtune/2025.0/bin64/sep
210 [140188754515776] INFO perfrun.launcher <> - create msngr2::ICliToolContext
211 [140188754515776] INFO perfrun.launcher <> - create file finder object
212 [140188754515776] INFO perfrun.launcher <> - create a result directory: pattern = /home/student/APP/Proiect_Etapa2/Number-of-paths-of-size-K/Pthreads/reports/r002hs pid = 4294967295
213 [140188754515776] INFO perfrun.sdk <> - checked that the directory /home/student/APP/Proiect_Etapa2/Number-of-paths-of-size-K/Pthreads/reports/r002hs is a local directory
213 [140188754515776] INFO perfrun.sdk <> - the directory /home/student/APP/Proiect_Etapa2/Number-of-paths-of-size-K/Pthreads/reports/r002hs is a local directory with FS type ID 61267
213 [140188754515776] INFO perfrun.launcher <> - create data directory = /home/student/APP/Proiect_Etapa2/Number-of-paths-of-size-K/Pthreads/reports/r002hs/data.0
214 [140188754515776] INFO perfrun.launcher <> - Creating the master collection flag
221 [140188754515776] INFO perfrun.launcher <> - Done creating the master collection flag
223 [140188745000704] INFO perfrun.launcher <> - plugin [remoteplug] was disabled because it doesn't support the given collection type.
224 [140188745000704] INFO perfrun.sdk <> - Allocating TMU :/home/student/APP/Proiect_Etapa2/Number-of-paths-of-size-K/Pthreads/reports/r002hs/data.0/systemcollector-11225-pclp-vm.sc
225 [140188745000704] INFO perfrun.system <> - Tpss based collection
226 [140188745000704] INFO perfrun.launcher <> - plugin [ptracecollector] was disabled because it doesn't support the given collection type.
226 [140188745000704] INFO perfrun.launcher <> - plugin [gpu] was disabled because it doesn't support the given collection type.
226 [140188745000704] INFO perfrun.launcher <> - plugin [] was disabled because it doesn't support the given collection type.
226 [140188745000704] INFO perfrun.launcher <> - plugin [] was disabled because it doesn't support the given collection type.
226 [140188745000704] INFO perfrun.launcher <> - plugin [] was disabled because it doesn't support the given collection type.
226 [140188745000704] INFO perfrun.mrte <> - system-wide mode is 0
226 [140188745000704] INFO perfrun.mrte <> - Getting  mrte profiling environment ...
248 [140188745000704] INFO perfrun.mrte <> - INTEL_MRTE_DATA_DIR=/home/student/APP/Proiect_Etapa2/Number-of-paths-of-size-K/Pthreads/reports/r002hs/data.0
248 [140188745000704] INFO perfrun.mrte <> - INTEL_MRTE_HOST_NAME=pclp-vm
248 [140188745000704] INFO perfrun.mrte <> - JAVA_TOOL_OPTIONS=-agentlib:amplxe_samplingmrte_javaprof_1.0 -Dsun.boot.library.path=/opt/intel/oneapi/vtune/2025.0/lib32/runtime:/opt/intel/oneapi/vtune/2025.0/lib64/runtime
248 [140188745000704] INFO perfrun.mrte <> - LD_LIBRARY_PATH=/opt/intel/oneapi/vtune/2025.0/lib32/runtime:/opt/intel/oneapi/vtune/2025.0/lib64/runtime
248 [140188745000704] INFO perfrun.mrte <> - CORECLR_ENABLE_PROFILING=1
248 [140188745000704] INFO perfrun.mrte <> - CORECLR_PROFILER={AA5E4821-E3B1-479c-B7FF-5AD047D22CED}
248 [140188745000704] INFO perfrun.mrte <> - CORECLR_PROFILER_PATH=/opt/intel/oneapi/vtune/2025.0/lib64/libamplxe_samplingmrte_clrprof_1.0.so
248 [140188745000704] INFO perfrun.mrte <> - INTEL_MRTE_PROFILER_MODE=mixed
248 [140188745000704] INFO perfrun.mrte <> - Data directory: /home/student/APP/Proiect_Etapa2/Number-of-paths-of-size-K/Pthreads/reports/r002hs/data.0
248 [140188745000704] INFO perfrun.mrte <> - Mrte plugin is initialized
248 [140188745000704] INFO perfrun.launcher <> - plugin [emon] was disabled because it doesn't support the given collection type.
248 [140188745000704] INFO perfrun.launcher <> - plugin [cuscol] was disabled because it doesn't support the given collection type.
248 [140188745000704] INFO perfrun.launcher <> - plugin [stdsrc] was disabled because it doesn't support the given collection type.
248 [140188745000704] INFO perfrun.launcher <> - plugin [sep] was disabled because it doesn't support the given collection type.
248 [140188745000704] INFO perfrun.launcher <> - plugin [vtsspp] was disabled because it doesn't support the given collection type.
248 [140188745000704] INFO perfrun.launcher <> - plugin [perf] was disabled because it doesn't support the given collection type.
248 [140188745000704] INFO perfrun.launcher <> - plugin [aoclprofile] was disabled because it doesn't support the given collection type.
248 [140188745000704] INFO perfrun.tpss <> - initialize tpss controller
249 [140188745000704] INFO perfrun.tpss <> - configure collection mode: value = cpu:counters:nostack
249 [140188745000704] INFO perfrun.tpss <> - configure collection mode: value = cpu:stack
249 [140188745000704] INFO perfrun.tpss <> - default obj-size-min=1024
249 [140188745000704] INFO perfrun.tpss <> - default hash-table-size=0
249 [140188745000704] INFO perfrun.launcher <> - plugin [media] was disabled because it doesn't support the given collection type.
249 [140188745000704] INFO perfrun.launcher <> - plugin [] was disabled because it doesn't support the given collection type.
249 [140188745000704] INFO perfrun.launcher <> - plugin [] was disabled because it doesn't support the given collection type.
249 [140188745000704] INFO perfrun.launcher <> - plugin [parallelfs] was disabled because it doesn't support the given collection type.
249 [140188745000704] INFO perfrun.launcher <> - plugin [power] was disabled because it doesn't support the given collection type.
249 [140188745000704] INFO perfrun.launcher <> - plugin [] was disabled because it doesn't support the given collection type.
249 [140188745000704] INFO perfrun.launcher <> - plugin [ipmwatch] was disabled because it doesn't support the given collection type.
249 [140188745000704] INFO perfrun.launcher <> - plugin [os_counters] was disabled because it doesn't support the given collection type.
249 [140188745000704] INFO perfrun.launcher <> - plugin [l0_metrics] was disabled because it doesn't support the given collection type.
250 [140188754515776] INFO perfrun.launcher <> - set environment variable: LD_LIBRARY_PATH = /opt/intel/oneapi/vtune/2025.0/lib32/runtime:/opt/intel/oneapi/vtune/2025.0/lib64/runtime
250 [140188754515776] INFO perfrun.launcher <> - set environment variable: INTEL_LIBITTNOTIFY32 = /opt/intel/oneapi/vtune/2025.0/lib32/runtime/libittnotify_collector.so
251 [140188754515776] INFO perfrun.launcher <> - set environment variable: INTEL_LIBITTNOTIFY64 = /opt/intel/oneapi/vtune/2025.0/lib64/runtime/libittnotify_collector.so
252 [140188754515776] INFO perfrun.launcher <> - set environment variable: INTEL_ITTNOTIFY_GROUPS = 
252 [140188754515776] INFO perfrun.launcher <> - set environment variable: INTEL_JIT_PROFILER32 = /opt/intel/oneapi/vtune/2025.0/lib32/runtime/libittnotify_collector.so
254 [140188754515776] INFO perfrun.launcher <> - set environment variable: INTEL_JIT_PROFILER64 = /opt/intel/oneapi/vtune/2025.0/lib64/runtime/libittnotify_collector.so
254 [140188754515776] INFO perfrun.launcher <> - set environment variable: CCL_ITT_LEVEL = 1
255 [140188754515776] INFO perfrun.launcher <> - set environment variable: ENABLE_JITPROFILING = 1
255 [140188754515776] INFO perfrun.launcher <> - set environment variable: CL_CONFIG_USE_VTUNE = True
256 [140188754515776] INFO perfrun.launcher <> - set environment variable: KMP_FORKJOIN_FRAMES = 0
256 [140188754515776] INFO perfrun.launcher <> - set environment variable: KMP_FORKJOIN_FRAMES_MODE = 0
257 [140188754515776] INFO perfrun.launcher <> - set environment variable: INTEL_MRTE_DATA_DIR = /home/student/APP/Proiect_Etapa2/Number-of-paths-of-size-K/Pthreads/reports/r002hs/data.0
258 [140188754515776] INFO perfrun.launcher <> - set environment variable: INTEL_MRTE_HOST_NAME = pclp-vm
259 [140188754515776] INFO perfrun.launcher <> - set environment variable: JAVA_TOOL_OPTIONS = -agentlib:amplxe_samplingmrte_javaprof_1.0 -Dsun.boot.library.path=/opt/intel/oneapi/vtune/2025.0/lib32/runtime:/opt/intel/oneapi/vtune/2025.0/lib64/runtime
259 [140188754515776] INFO perfrun.launcher <> - set environment variable: LD_LIBRARY_PATH = /opt/intel/oneapi/vtune/2025.0/lib32/runtime:/opt/intel/oneapi/vtune/2025.0/lib64/runtime
259 [140188754515776] INFO perfrun.launcher <> - set environment variable: CORECLR_ENABLE_PROFILING = 1
260 [140188754515776] INFO perfrun.launcher <> - set environment variable: CORECLR_PROFILER = {AA5E4821-E3B1-479c-B7FF-5AD047D22CED}
260 [140188754515776] INFO perfrun.launcher <> - set environment variable: CORECLR_PROFILER_PATH = /opt/intel/oneapi/vtune/2025.0/lib64/libamplxe_samplingmrte_clrprof_1.0.so
261 [140188754515776] INFO perfrun.launcher <> - set environment variable: INTEL_MRTE_PROFILER_MODE = mixed
261 [140188754515776] INFO perfrun.launcher <> - RpcServer: run RPC server to handle requests
264 [140188754515776] INFO perfrun.launcher <> - Launcher: command line to start before modification = ./matrix ../in/large.txt 1000000 1 2 16
267 [140188754515776] INFO perfrun.launcher <> - Launcher: command line to start after modification = /opt/intel/oneapi/vtune/2025.0/bin64/pin -error_file /home/student/APP/Proiect_Etapa2/Number-of-paths-of-size-K/Pthreads/reports/r002hs/data.0/pinerr.tpsslog -detach_reattach -follow_execv -tool_load_option deepbind -t64 /opt/intel/oneapi/vtune/2025.0/lib64/libtpsstool.so -t /opt/intel/oneapi/vtune/2025.0/lib32/libtpsstool.so -server_name tpss_ipc.11225 -prd_dir /opt/intel/oneapi/vtune/2025.0 -- ./matrix ../in/large.txt 1000000 1 2 16
268 [140188754515776] INFO perfrun.launcher <> - ProcessCreator object was created
283 [140188754515776] INFO perfrun.launcher <> - Launcher: the process was started in suspend mode
293 [140188745000704] WARN perfrun.system <> - Could not do anything with /sys/kernel/debug/kvm: boost::filesystem::status: Permission denied [system:13]: "/sys/kernel/debug/kvm", at file: vcs/perfrun1/plugins/system/src/trace_writer.cpp:787
293 [140188745000704] WARN perfrun.system <> - Folder "/var/run/libvirt/qemu/"doesn't exist, at file: vcs/perfrun1/plugins/system/src/trace_writer.cpp:800
295 [140188745000704] WARN perfrun.sdk <> - Failed to find xl binary on any of the system paths: /bin, /sbin, /usr/bin, /usr/sbin., at file: vcs/perfrun1/sdk/src/utils.cpp:205
296 [140188745000704] WARN perfrun.system <> - Only 3 usec accuracy achieved for reference point, at file: vcs/perfrun1/plugins/system/src/trace_writer.cpp:320
296 [140188745000704] WARN perfrun.system <> - Could not start ContainerMapping collector, at file: vcs/perfrun1/plugins/system/src/controller.cpp:450
322 [140188745000704] INFO perfrun.vdso <> - Helper runtool '/opt/intel/oneapi/vtune/2025.0/bin32/amplxe-runss -dump-vdso -r /home/student/APP/Proiect_Etapa2/Number-of-paths-of-size-K/Pthreads/reports/r002hs --tmp-dir /tmp/amplxe-tmp-student' returned 1
533 [140188745000704] INFO perfrun.vdso <> - Helper runtool '/opt/intel/oneapi/vtune/2025.0/bin64/amplxe-runss -dump-vdso -r /home/student/APP/Proiect_Etapa2/Number-of-paths-of-size-K/Pthreads/reports/r002hs --tmp-dir /tmp/amplxe-tmp-student' returned 0
533 [140188745000704] INFO perfrun.itt <> - start itt controller for pid #11230
533 [140188745000704] INFO perfrun.tpss <> - start tpss controller for pid #11230
586 [140188754515776] INFO perfrun.launcher <> - Launcher: all plugins were started
586 [140188754515776] INFO perfrun.launcher <> - DirectoryMonitor object was created
586 [140188754515776] INFO perfrun.launcher <> - DirectoryMonitor: a callback was added
586 [140188754515776] INFO perfrun.launcher <> - DirectoryMonitor was started with pingTime = 1000
587 [140188754515776] INFO perfrun.launcher <> - DeadlineTimer is going to be constructed
587 [140188754515776] INFO perfrun.launcher <> - DeadlineTimer: a callback was added
602 [140188754515776] INFO perfrun.launcher <> - Launcher: resume the profiled application and  wait its termination or stop command
25094 [140188754515776] INFO perfrun.launcher <> - Launcher: the profiled application was terminated  with exit code = 0
25317 [140188745000704] INFO perfrun.itt <> - detach itt controller
25317 [140188745000704] INFO perfrun.itt <> - detach itt controller done
25317 [140188745000704] INFO perfrun.tpss <> - stop tpss controller
25334 [140188745000704] INFO perfrun.sdk <> - De-allocating TMU: /home/student/APP/Proiect_Etapa2/Number-of-paths-of-size-K/Pthreads/reports/r002hs/data.0/systemcollector-11225-pclp-vm.sc
25334 [140188745000704] INFO perfrun.system <> - closed the system trace file: /home/student/APP/Proiect_Etapa2/Number-of-paths-of-size-K/Pthreads/reports/r002hs/data.0/systemcollector-11225-pclp-vm.sc
25334 [140188754515776] INFO perfrun.launcher <> - Launcher: all plugins were stopped.
25334 [140188754515776] INFO perfrun.launcher <> - DeadlineTimer is going to be destroyed
25334 [140188754515776] INFO perfrun.launcher <> - DeadlineTimer was destroyed
25334 [140188754515776] INFO perfrun.launcher <> - DirectoryMonitor object was destroyed
25335 [140188754515776] WARN perfrun.launcher <> - Stop command is ignored because it is received when collection is already stopped, at file: vcs/perfrun1/launcher/src/command_handler.cpp:226
25350 [140188754515776] INFO perfrun.launcher <> - Application exit code: 0
25350 [140188754515776] INFO perfrun.launcher <> - Exit code: 0
