7 [139740133644096] INFO perfrun.launcher <> - Launcher main begin
10 [139740133644096] INFO perfrun.launcher <> - MessageCatalogInit finished
10 [139740133644096] INFO perfrun.launcher <> - Launcher instance created
10 [139740133644096] INFO perfrun.launcher <> - argc = 7; cmdline = /opt/intel/oneapi/vtune/2025.0/bin64/amplxe-runss --ui-output-format xml --ui-output-fd 5 --option-file /home/student/APP/Proiect_Etapa2/Number-of-paths-of-size-K/mpi/r_large_hs_8.pclp-vm/config/runss.options.5 
287 [139740133644096] INFO perfrun.perfcollector <> - SEP tool path: /opt/intel/oneapi/vtune/2025.0/bin64/sep
318 [139740133644096] INFO perfrun.launcher <> - create msngr2::ICliToolContext
319 [139740133644096] INFO perfrun.launcher <> - create file finder object
319 [139740133644096] INFO perfrun.launcher <> - create a result directory: pattern = /home/student/APP/Proiect_Etapa2/Number-of-paths-of-size-K/mpi/r_large_hs_8.pclp-vm pid = 4294967295
321 [139740133644096] INFO perfrun.sdk <> - checked that the directory /home/student/APP/Proiect_Etapa2/Number-of-paths-of-size-K/mpi/r_large_hs_8.pclp-vm is a local directory
321 [139740133644096] INFO perfrun.sdk <> - the directory /home/student/APP/Proiect_Etapa2/Number-of-paths-of-size-K/mpi/r_large_hs_8.pclp-vm is a local directory with FS type ID 61267
322 [139740133644096] INFO perfrun.launcher <> - create data directory = /home/student/APP/Proiect_Etapa2/Number-of-paths-of-size-K/mpi/r_large_hs_8.pclp-vm/data.4
322 [139740133644096] INFO perfrun.launcher <> - Creating the master collection flag
322 [139740133644096] INFO perfrun.launcher <> - Done creating the master collection flag
324 [139740124129024] INFO perfrun.launcher <> - plugin [remoteplug] was disabled because it doesn't support the given collection type.
326 [139740124129024] INFO perfrun.sdk <> - Allocating TMU :/home/student/APP/Proiect_Etapa2/Number-of-paths-of-size-K/mpi/r_large_hs_8.pclp-vm/data.4/systemcollector-6941-pclp-vm.sc
326 [139740124129024] INFO perfrun.launcher <> - plugin [vdso] was disabled because it doesn't support the given collection type.
327 [139740124129024] INFO perfrun.launcher <> - plugin [ptracecollector] was disabled because it doesn't support the given collection type.
327 [139740124129024] INFO perfrun.launcher <> - plugin [gpu] was disabled because it doesn't support the given collection type.
327 [139740124129024] INFO perfrun.launcher <> - plugin [] was disabled because it doesn't support the given collection type.
327 [139740124129024] INFO perfrun.launcher <> - plugin [] was disabled because it doesn't support the given collection type.
327 [139740124129024] INFO perfrun.launcher <> - plugin [] was disabled because it doesn't support the given collection type.
327 [139740124129024] INFO perfrun.mrte <> - system-wide mode is 0
327 [139740124129024] INFO perfrun.mrte <> - Getting  mrte profiling environment ...
353 [139740124129024] INFO perfrun.mrte <> - INTEL_MRTE_DATA_DIR=/home/student/APP/Proiect_Etapa2/Number-of-paths-of-size-K/mpi/r_large_hs_8.pclp-vm/data.4
353 [139740124129024] INFO perfrun.mrte <> - INTEL_MRTE_HOST_NAME=pclp-vm
353 [139740124129024] INFO perfrun.mrte <> - JAVA_TOOL_OPTIONS=-agentlib:amplxe_samplingmrte_javaprof_1.0 -Dsun.boot.library.path=/opt/intel/oneapi/vtune/2025.0/lib32/runtime:/opt/intel/oneapi/vtune/2025.0/lib64/runtime
353 [139740124129024] INFO perfrun.mrte <> - LD_LIBRARY_PATH=/opt/intel/oneapi/vtune/2025.0/lib32/runtime:/opt/intel/oneapi/vtune/2025.0/lib64/runtime
353 [139740124129024] INFO perfrun.mrte <> - CORECLR_ENABLE_PROFILING=1
353 [139740124129024] INFO perfrun.mrte <> - CORECLR_PROFILER={AA5E4821-E3B1-479c-B7FF-5AD047D22CED}
353 [139740124129024] INFO perfrun.mrte <> - CORECLR_PROFILER_PATH=/opt/intel/oneapi/vtune/2025.0/lib64/libamplxe_samplingmrte_clrprof_1.0.so
353 [139740124129024] INFO perfrun.mrte <> - INTEL_MRTE_PROFILER_MODE=mixed
353 [139740124129024] INFO perfrun.mrte <> - Data directory: /home/student/APP/Proiect_Etapa2/Number-of-paths-of-size-K/mpi/r_large_hs_8.pclp-vm/data.4
353 [139740124129024] INFO perfrun.mrte <> - Mrte plugin is initialized
353 [139740124129024] INFO perfrun.launcher <> - plugin [emon] was disabled because it doesn't support the given collection type.
353 [139740124129024] INFO perfrun.launcher <> - plugin [cuscol] was disabled because it doesn't support the given collection type.
353 [139740124129024] INFO perfrun.launcher <> - plugin [stdsrc] was disabled because it doesn't support the given collection type.
353 [139740124129024] INFO perfrun.launcher <> - plugin [sep] was disabled because it doesn't support the given collection type.
353 [139740124129024] INFO perfrun.launcher <> - plugin [vtsspp] was disabled because it doesn't support the given collection type.
353 [139740124129024] INFO perfrun.launcher <> - plugin [perf] was disabled because it doesn't support the given collection type.
354 [139740124129024] INFO perfrun.launcher <> - plugin [aoclprofile] was disabled because it doesn't support the given collection type.
354 [139740124129024] INFO perfrun.tpss <> - initialize tpss controller
354 [139740124129024] INFO perfrun.tpss <> - configure collection mode: value = cpu:counters:nostack
354 [139740124129024] INFO perfrun.tpss <> - configure collection mode: value = cpu:stack
354 [139740124129024] INFO perfrun.tpss <> - default obj-size-min=1024
354 [139740124129024] INFO perfrun.tpss <> - default hash-table-size=0
354 [139740124129024] INFO perfrun.launcher <> - plugin [media] was disabled because it doesn't support the given collection type.
354 [139740124129024] INFO perfrun.launcher <> - plugin [] was disabled because it doesn't support the given collection type.
354 [139740124129024] INFO perfrun.launcher <> - plugin [] was disabled because it doesn't support the given collection type.
354 [139740124129024] INFO perfrun.launcher <> - plugin [parallelfs] was disabled because it doesn't support the given collection type.
354 [139740124129024] INFO perfrun.launcher <> - plugin [power] was disabled because it doesn't support the given collection type.
354 [139740124129024] INFO perfrun.launcher <> - plugin [] was disabled because it doesn't support the given collection type.
354 [139740124129024] INFO perfrun.launcher <> - plugin [ipmwatch] was disabled because it doesn't support the given collection type.
354 [139740124129024] INFO perfrun.launcher <> - plugin [os_counters] was disabled because it doesn't support the given collection type.
354 [139740124129024] INFO perfrun.launcher <> - plugin [l0_metrics] was disabled because it doesn't support the given collection type.
355 [139740133644096] INFO perfrun.launcher <> - set environment variable: LD_LIBRARY_PATH = /opt/intel/oneapi/vtune/2025.0/lib32/runtime:/opt/intel/oneapi/vtune/2025.0/lib64/runtime
355 [139740133644096] INFO perfrun.launcher <> - set environment variable: INTEL_LIBITTNOTIFY32 = /opt/intel/oneapi/vtune/2025.0/lib32/runtime/libittnotify_collector.so
355 [139740133644096] INFO perfrun.launcher <> - set environment variable: INTEL_LIBITTNOTIFY64 = /opt/intel/oneapi/vtune/2025.0/lib64/runtime/libittnotify_collector.so
355 [139740133644096] INFO perfrun.launcher <> - set environment variable: INTEL_ITTNOTIFY_GROUPS = 
356 [139740133644096] INFO perfrun.launcher <> - set environment variable: INTEL_JIT_PROFILER32 = /opt/intel/oneapi/vtune/2025.0/lib32/runtime/libittnotify_collector.so
356 [139740133644096] INFO perfrun.launcher <> - set environment variable: INTEL_JIT_PROFILER64 = /opt/intel/oneapi/vtune/2025.0/lib64/runtime/libittnotify_collector.so
356 [139740133644096] INFO perfrun.launcher <> - set environment variable: CCL_ITT_LEVEL = 1
356 [139740133644096] INFO perfrun.launcher <> - set environment variable: ENABLE_JITPROFILING = 1
356 [139740133644096] INFO perfrun.launcher <> - set environment variable: CL_CONFIG_USE_VTUNE = True
357 [139740133644096] INFO perfrun.launcher <> - set environment variable: LD_PRELOAD = libittnotify_collector.so:
357 [139740133644096] INFO perfrun.launcher <> - set environment variable: KMP_FORKJOIN_FRAMES = 0
357 [139740133644096] INFO perfrun.launcher <> - set environment variable: KMP_FORKJOIN_FRAMES_MODE = 0
358 [139740133644096] INFO perfrun.launcher <> - set environment variable: INTEL_MRTE_DATA_DIR = /home/student/APP/Proiect_Etapa2/Number-of-paths-of-size-K/mpi/r_large_hs_8.pclp-vm/data.4
358 [139740133644096] INFO perfrun.launcher <> - set environment variable: INTEL_MRTE_HOST_NAME = pclp-vm
358 [139740133644096] INFO perfrun.launcher <> - set environment variable: JAVA_TOOL_OPTIONS = -agentlib:amplxe_samplingmrte_javaprof_1.0 -Dsun.boot.library.path=/opt/intel/oneapi/vtune/2025.0/lib32/runtime:/opt/intel/oneapi/vtune/2025.0/lib64/runtime
358 [139740133644096] INFO perfrun.launcher <> - set environment variable: LD_LIBRARY_PATH = /opt/intel/oneapi/vtune/2025.0/lib32/runtime:/opt/intel/oneapi/vtune/2025.0/lib64/runtime
359 [139740133644096] INFO perfrun.launcher <> - set environment variable: CORECLR_ENABLE_PROFILING = 1
359 [139740133644096] INFO perfrun.launcher <> - set environment variable: CORECLR_PROFILER = {AA5E4821-E3B1-479c-B7FF-5AD047D22CED}
359 [139740133644096] INFO perfrun.launcher <> - set environment variable: CORECLR_PROFILER_PATH = /opt/intel/oneapi/vtune/2025.0/lib64/libamplxe_samplingmrte_clrprof_1.0.so
359 [139740133644096] INFO perfrun.launcher <> - set environment variable: INTEL_MRTE_PROFILER_MODE = mixed
359 [139740133644096] INFO perfrun.launcher <> - RpcServer: run RPC server to handle requests
361 [139740133644096] INFO perfrun.launcher <> - Launcher: command line to start before modification = ./matrix ../in/large.txt 1000000 1 2
361 [139740133644096] INFO perfrun.launcher <> - Launcher: command line to start after modification = /opt/intel/oneapi/vtune/2025.0/bin64/pin -error_file /home/student/APP/Proiect_Etapa2/Number-of-paths-of-size-K/mpi/r_large_hs_8.pclp-vm/data.4/pinerr.tpsslog -detach_reattach -follow_execv -tool_load_option deepbind -t64 /opt/intel/oneapi/vtune/2025.0/lib64/libtpsstool.so -t /opt/intel/oneapi/vtune/2025.0/lib32/libtpsstool.so -server_name tpss_ipc.6941 -prd_dir /opt/intel/oneapi/vtune/2025.0 -- ./matrix ../in/large.txt 1000000 1 2
662 [139740133644096] INFO perfrun.launcher <> - ProcessCreator object was created
663 [139740133644096] INFO perfrun.launcher <> - Launcher: the process was started in suspend mode
665 [139740124129024] WARN perfrun.system <> - Could not do anything with /sys/kernel/debug/kvm: boost::filesystem::status: Permission denied [system:13]: "/sys/kernel/debug/kvm", at file: vcs/perfrun1/plugins/system/src/trace_writer.cpp:787
665 [139740124129024] WARN perfrun.system <> - Folder "/var/run/libvirt/qemu/"doesn't exist, at file: vcs/perfrun1/plugins/system/src/trace_writer.cpp:800
665 [139740124129024] INFO perfrun.itt <> - start itt controller for pid #7015
666 [139740124129024] INFO perfrun.tpss <> - start tpss controller for pid #7015
716 [139740133644096] INFO perfrun.launcher <> - Launcher: all plugins were started
717 [139740133644096] INFO perfrun.launcher <> - DirectoryMonitor object was created
717 [139740133644096] INFO perfrun.launcher <> - DirectoryMonitor: a callback was added
717 [139740133644096] INFO perfrun.launcher <> - DirectoryMonitor was started with pingTime = 1000
717 [139740133644096] INFO perfrun.launcher <> - DeadlineTimer is going to be constructed
717 [139740133644096] INFO perfrun.launcher <> - DeadlineTimer: a callback was added
718 [139740133644096] INFO perfrun.launcher <> - Launcher: resume the profiled application and  wait its termination or stop command
12613 [139740133644096] INFO perfrun.launcher <> - Launcher: the profiled application was terminated  with exit code = 0
12651 [139740124129024] INFO perfrun.itt <> - detach itt controller
12651 [139740124129024] INFO perfrun.itt <> - detach itt controller done
12651 [139740124129024] INFO perfrun.tpss <> - stop tpss controller
12652 [139740124129024] INFO perfrun.sdk <> - De-allocating TMU: /home/student/APP/Proiect_Etapa2/Number-of-paths-of-size-K/mpi/r_large_hs_8.pclp-vm/data.4/systemcollector-6941-pclp-vm.sc
12652 [139740124129024] INFO perfrun.system <> - closed the system trace file: /home/student/APP/Proiect_Etapa2/Number-of-paths-of-size-K/mpi/r_large_hs_8.pclp-vm/data.4/systemcollector-6941-pclp-vm.sc
12652 [139740133644096] INFO perfrun.launcher <> - Launcher: all plugins were stopped.
12652 [139740133644096] INFO perfrun.launcher <> - DeadlineTimer is going to be destroyed
12652 [139740133644096] INFO perfrun.launcher <> - DeadlineTimer was destroyed
12652 [139740133644096] INFO perfrun.launcher <> - DirectoryMonitor object was destroyed
12652 [139740133644096] WARN perfrun.launcher <> - Stop command is ignored because it is received when collection is already stopped, at file: vcs/perfrun1/launcher/src/command_handler.cpp:226
12653 [139740133644096] INFO perfrun.launcher <> - Application exit code: 0
12653 [139740133644096] INFO perfrun.launcher <> - Exit code: 0
