7 [140291721377600] INFO perfrun.launcher <> - Launcher main begin
10 [140291721377600] INFO perfrun.launcher <> - MessageCatalogInit finished
10 [140291721377600] INFO perfrun.launcher <> - Launcher instance created
10 [140291721377600] INFO perfrun.launcher <> - argc = 7; cmdline = /opt/intel/oneapi/vtune/2025.0/bin64/amplxe-runss --ui-output-format xml --ui-output-fd 5 --option-file /home/student/APP/Proiect_Etapa2/Number-of-paths-of-size-K/mpi/r_large_hs_8.pclp-vm/config/runss.options.2 
237 [140291721377600] INFO perfrun.perfcollector <> - SEP tool path: /opt/intel/oneapi/vtune/2025.0/bin64/sep
258 [140291721377600] INFO perfrun.launcher <> - create msngr2::ICliToolContext
258 [140291721377600] INFO perfrun.launcher <> - create file finder object
259 [140291721377600] INFO perfrun.launcher <> - create a result directory: pattern = /home/student/APP/Proiect_Etapa2/Number-of-paths-of-size-K/mpi/r_large_hs_8.pclp-vm pid = 4294967295
262 [140291721377600] INFO perfrun.sdk <> - checked that the directory /home/student/APP/Proiect_Etapa2/Number-of-paths-of-size-K/mpi/r_large_hs_8.pclp-vm is a local directory
262 [140291721377600] INFO perfrun.sdk <> - the directory /home/student/APP/Proiect_Etapa2/Number-of-paths-of-size-K/mpi/r_large_hs_8.pclp-vm is a local directory with FS type ID 61267
262 [140291721377600] INFO perfrun.launcher <> - create data directory = /home/student/APP/Proiect_Etapa2/Number-of-paths-of-size-K/mpi/r_large_hs_8.pclp-vm/data.1
262 [140291721377600] INFO perfrun.launcher <> - Creating the master collection flag
262 [140291721377600] INFO perfrun.launcher <> - Done creating the master collection flag
264 [140291711862528] INFO perfrun.launcher <> - plugin [remoteplug] was disabled because it doesn't support the given collection type.
268 [140291711862528] INFO perfrun.sdk <> - Allocating TMU :/home/student/APP/Proiect_Etapa2/Number-of-paths-of-size-K/mpi/r_large_hs_8.pclp-vm/data.1/systemcollector-6928-pclp-vm.sc
268 [140291711862528] INFO perfrun.launcher <> - plugin [vdso] was disabled because it doesn't support the given collection type.
269 [140291711862528] INFO perfrun.launcher <> - plugin [ptracecollector] was disabled because it doesn't support the given collection type.
269 [140291711862528] INFO perfrun.launcher <> - plugin [gpu] was disabled because it doesn't support the given collection type.
269 [140291711862528] INFO perfrun.launcher <> - plugin [] was disabled because it doesn't support the given collection type.
269 [140291711862528] INFO perfrun.launcher <> - plugin [] was disabled because it doesn't support the given collection type.
269 [140291711862528] INFO perfrun.launcher <> - plugin [] was disabled because it doesn't support the given collection type.
269 [140291711862528] INFO perfrun.mrte <> - system-wide mode is 0
269 [140291711862528] INFO perfrun.mrte <> - Getting  mrte profiling environment ...
352 [140291711862528] INFO perfrun.mrte <> - INTEL_MRTE_DATA_DIR=/home/student/APP/Proiect_Etapa2/Number-of-paths-of-size-K/mpi/r_large_hs_8.pclp-vm/data.1
352 [140291711862528] INFO perfrun.mrte <> - INTEL_MRTE_HOST_NAME=pclp-vm
352 [140291711862528] INFO perfrun.mrte <> - JAVA_TOOL_OPTIONS=-agentlib:amplxe_samplingmrte_javaprof_1.0 -Dsun.boot.library.path=/opt/intel/oneapi/vtune/2025.0/lib32/runtime:/opt/intel/oneapi/vtune/2025.0/lib64/runtime
352 [140291711862528] INFO perfrun.mrte <> - LD_LIBRARY_PATH=/opt/intel/oneapi/vtune/2025.0/lib32/runtime:/opt/intel/oneapi/vtune/2025.0/lib64/runtime
352 [140291711862528] INFO perfrun.mrte <> - CORECLR_ENABLE_PROFILING=1
352 [140291711862528] INFO perfrun.mrte <> - CORECLR_PROFILER={AA5E4821-E3B1-479c-B7FF-5AD047D22CED}
352 [140291711862528] INFO perfrun.mrte <> - CORECLR_PROFILER_PATH=/opt/intel/oneapi/vtune/2025.0/lib64/libamplxe_samplingmrte_clrprof_1.0.so
352 [140291711862528] INFO perfrun.mrte <> - INTEL_MRTE_PROFILER_MODE=mixed
352 [140291711862528] INFO perfrun.mrte <> - Data directory: /home/student/APP/Proiect_Etapa2/Number-of-paths-of-size-K/mpi/r_large_hs_8.pclp-vm/data.1
352 [140291711862528] INFO perfrun.mrte <> - Mrte plugin is initialized
352 [140291711862528] INFO perfrun.launcher <> - plugin [emon] was disabled because it doesn't support the given collection type.
352 [140291711862528] INFO perfrun.launcher <> - plugin [cuscol] was disabled because it doesn't support the given collection type.
352 [140291711862528] INFO perfrun.launcher <> - plugin [stdsrc] was disabled because it doesn't support the given collection type.
352 [140291711862528] INFO perfrun.launcher <> - plugin [sep] was disabled because it doesn't support the given collection type.
352 [140291711862528] INFO perfrun.launcher <> - plugin [vtsspp] was disabled because it doesn't support the given collection type.
352 [140291711862528] INFO perfrun.launcher <> - plugin [perf] was disabled because it doesn't support the given collection type.
352 [140291711862528] INFO perfrun.launcher <> - plugin [aoclprofile] was disabled because it doesn't support the given collection type.
352 [140291711862528] INFO perfrun.tpss <> - initialize tpss controller
353 [140291711862528] INFO perfrun.tpss <> - configure collection mode: value = cpu:counters:nostack
353 [140291711862528] INFO perfrun.tpss <> - configure collection mode: value = cpu:stack
353 [140291711862528] INFO perfrun.tpss <> - default obj-size-min=1024
353 [140291711862528] INFO perfrun.tpss <> - default hash-table-size=0
353 [140291711862528] INFO perfrun.launcher <> - plugin [media] was disabled because it doesn't support the given collection type.
353 [140291711862528] INFO perfrun.launcher <> - plugin [] was disabled because it doesn't support the given collection type.
353 [140291711862528] INFO perfrun.launcher <> - plugin [] was disabled because it doesn't support the given collection type.
353 [140291711862528] INFO perfrun.launcher <> - plugin [parallelfs] was disabled because it doesn't support the given collection type.
353 [140291711862528] INFO perfrun.launcher <> - plugin [power] was disabled because it doesn't support the given collection type.
353 [140291711862528] INFO perfrun.launcher <> - plugin [] was disabled because it doesn't support the given collection type.
353 [140291711862528] INFO perfrun.launcher <> - plugin [ipmwatch] was disabled because it doesn't support the given collection type.
353 [140291711862528] INFO perfrun.launcher <> - plugin [os_counters] was disabled because it doesn't support the given collection type.
353 [140291711862528] INFO perfrun.launcher <> - plugin [l0_metrics] was disabled because it doesn't support the given collection type.
353 [140291721377600] INFO perfrun.launcher <> - set environment variable: LD_LIBRARY_PATH = /opt/intel/oneapi/vtune/2025.0/lib32/runtime:/opt/intel/oneapi/vtune/2025.0/lib64/runtime
353 [140291721377600] INFO perfrun.launcher <> - set environment variable: INTEL_LIBITTNOTIFY32 = /opt/intel/oneapi/vtune/2025.0/lib32/runtime/libittnotify_collector.so
353 [140291721377600] INFO perfrun.launcher <> - set environment variable: INTEL_LIBITTNOTIFY64 = /opt/intel/oneapi/vtune/2025.0/lib64/runtime/libittnotify_collector.so
353 [140291721377600] INFO perfrun.launcher <> - set environment variable: INTEL_ITTNOTIFY_GROUPS = 
354 [140291721377600] INFO perfrun.launcher <> - set environment variable: INTEL_JIT_PROFILER32 = /opt/intel/oneapi/vtune/2025.0/lib32/runtime/libittnotify_collector.so
354 [140291721377600] INFO perfrun.launcher <> - set environment variable: INTEL_JIT_PROFILER64 = /opt/intel/oneapi/vtune/2025.0/lib64/runtime/libittnotify_collector.so
354 [140291721377600] INFO perfrun.launcher <> - set environment variable: CCL_ITT_LEVEL = 1
355 [140291721377600] INFO perfrun.launcher <> - set environment variable: ENABLE_JITPROFILING = 1
355 [140291721377600] INFO perfrun.launcher <> - set environment variable: CL_CONFIG_USE_VTUNE = True
355 [140291721377600] INFO perfrun.launcher <> - set environment variable: LD_PRELOAD = libittnotify_collector.so:
356 [140291721377600] INFO perfrun.launcher <> - set environment variable: KMP_FORKJOIN_FRAMES = 0
356 [140291721377600] INFO perfrun.launcher <> - set environment variable: KMP_FORKJOIN_FRAMES_MODE = 0
356 [140291721377600] INFO perfrun.launcher <> - set environment variable: INTEL_MRTE_DATA_DIR = /home/student/APP/Proiect_Etapa2/Number-of-paths-of-size-K/mpi/r_large_hs_8.pclp-vm/data.1
357 [140291721377600] INFO perfrun.launcher <> - set environment variable: INTEL_MRTE_HOST_NAME = pclp-vm
358 [140291721377600] INFO perfrun.launcher <> - set environment variable: JAVA_TOOL_OPTIONS = -agentlib:amplxe_samplingmrte_javaprof_1.0 -Dsun.boot.library.path=/opt/intel/oneapi/vtune/2025.0/lib32/runtime:/opt/intel/oneapi/vtune/2025.0/lib64/runtime
358 [140291721377600] INFO perfrun.launcher <> - set environment variable: LD_LIBRARY_PATH = /opt/intel/oneapi/vtune/2025.0/lib32/runtime:/opt/intel/oneapi/vtune/2025.0/lib64/runtime
358 [140291721377600] INFO perfrun.launcher <> - set environment variable: CORECLR_ENABLE_PROFILING = 1
359 [140291721377600] INFO perfrun.launcher <> - set environment variable: CORECLR_PROFILER = {AA5E4821-E3B1-479c-B7FF-5AD047D22CED}
360 [140291721377600] INFO perfrun.launcher <> - set environment variable: CORECLR_PROFILER_PATH = /opt/intel/oneapi/vtune/2025.0/lib64/libamplxe_samplingmrte_clrprof_1.0.so
360 [140291721377600] INFO perfrun.launcher <> - set environment variable: INTEL_MRTE_PROFILER_MODE = mixed
360 [140291721377600] INFO perfrun.launcher <> - RpcServer: run RPC server to handle requests
362 [140291721377600] INFO perfrun.launcher <> - Launcher: command line to start before modification = ./matrix ../in/large.txt 1000000 1 2
363 [140291721377600] INFO perfrun.launcher <> - Launcher: command line to start after modification = /opt/intel/oneapi/vtune/2025.0/bin64/pin -error_file /home/student/APP/Proiect_Etapa2/Number-of-paths-of-size-K/mpi/r_large_hs_8.pclp-vm/data.1/pinerr.tpsslog -detach_reattach -follow_execv -tool_load_option deepbind -t64 /opt/intel/oneapi/vtune/2025.0/lib64/libtpsstool.so -t /opt/intel/oneapi/vtune/2025.0/lib32/libtpsstool.so -server_name tpss_ipc.6928 -prd_dir /opt/intel/oneapi/vtune/2025.0 -- ./matrix ../in/large.txt 1000000 1 2
764 [140291721377600] INFO perfrun.launcher <> - ProcessCreator object was created
765 [140291721377600] INFO perfrun.launcher <> - Launcher: the process was started in suspend mode
767 [140291711862528] WARN perfrun.system <> - Could not do anything with /sys/kernel/debug/kvm: boost::filesystem::status: Permission denied [system:13]: "/sys/kernel/debug/kvm", at file: vcs/perfrun1/plugins/system/src/trace_writer.cpp:787
767 [140291711862528] WARN perfrun.system <> - Folder "/var/run/libvirt/qemu/"doesn't exist, at file: vcs/perfrun1/plugins/system/src/trace_writer.cpp:800
767 [140291711862528] INFO perfrun.itt <> - start itt controller for pid #7006
768 [140291711862528] INFO perfrun.tpss <> - start tpss controller for pid #7006
818 [140291721377600] INFO perfrun.launcher <> - Launcher: all plugins were started
820 [140291721377600] INFO perfrun.launcher <> - DirectoryMonitor object was created
820 [140291721377600] INFO perfrun.launcher <> - DirectoryMonitor: a callback was added
820 [140291721377600] INFO perfrun.launcher <> - DirectoryMonitor was started with pingTime = 1000
820 [140291721377600] INFO perfrun.launcher <> - DeadlineTimer is going to be constructed
820 [140291721377600] INFO perfrun.launcher <> - DeadlineTimer: a callback was added
822 [140291721377600] INFO perfrun.launcher <> - Launcher: resume the profiled application and  wait its termination or stop command
12730 [140291721377600] INFO perfrun.launcher <> - Launcher: the profiled application was terminated  with exit code = 0
12770 [140291711862528] INFO perfrun.itt <> - detach itt controller
12770 [140291711862528] INFO perfrun.itt <> - detach itt controller done
12770 [140291711862528] INFO perfrun.tpss <> - stop tpss controller
12778 [140291711862528] INFO perfrun.sdk <> - De-allocating TMU: /home/student/APP/Proiect_Etapa2/Number-of-paths-of-size-K/mpi/r_large_hs_8.pclp-vm/data.1/systemcollector-6928-pclp-vm.sc
12778 [140291711862528] INFO perfrun.system <> - closed the system trace file: /home/student/APP/Proiect_Etapa2/Number-of-paths-of-size-K/mpi/r_large_hs_8.pclp-vm/data.1/systemcollector-6928-pclp-vm.sc
12779 [140291721377600] INFO perfrun.launcher <> - Launcher: all plugins were stopped.
12779 [140291721377600] INFO perfrun.launcher <> - DeadlineTimer is going to be destroyed
12779 [140291721377600] INFO perfrun.launcher <> - DeadlineTimer was destroyed
12779 [140291721377600] INFO perfrun.launcher <> - DirectoryMonitor object was destroyed
12780 [140291721377600] WARN perfrun.launcher <> - Stop command is ignored because it is received when collection is already stopped, at file: vcs/perfrun1/launcher/src/command_handler.cpp:226
12780 [140291721377600] INFO perfrun.launcher <> - Application exit code: 0
12780 [140291721377600] INFO perfrun.launcher <> - Exit code: 0
