4 [139621910873920] INFO perfrun.launcher <> - Launcher main begin
6 [139621910873920] INFO perfrun.launcher <> - MessageCatalogInit finished
7 [139621910873920] INFO perfrun.launcher <> - Launcher instance created
7 [139621910873920] INFO perfrun.launcher <> - argc = 7; cmdline = /opt/intel/oneapi/vtune/2025.0/bin64/amplxe-runss --ui-output-format xml --ui-output-fd 5 --option-file /home/student/APP/Proiect_Etapa2/Number-of-paths-of-size-K/Pthreads/reports/r001hs/config/runss.options 
135 [139621910873920] INFO perfrun.perfcollector <> - SEP tool path: /opt/intel/oneapi/vtune/2025.0/bin64/sep
221 [139621910873920] INFO perfrun.launcher <> - create msngr2::ICliToolContext
222 [139621910873920] INFO perfrun.launcher <> - create file finder object
223 [139621910873920] INFO perfrun.launcher <> - create a result directory: pattern = /home/student/APP/Proiect_Etapa2/Number-of-paths-of-size-K/Pthreads/reports/r001hs pid = 4294967295
225 [139621910873920] INFO perfrun.sdk <> - checked that the directory /home/student/APP/Proiect_Etapa2/Number-of-paths-of-size-K/Pthreads/reports/r001hs is a local directory
225 [139621910873920] INFO perfrun.sdk <> - the directory /home/student/APP/Proiect_Etapa2/Number-of-paths-of-size-K/Pthreads/reports/r001hs is a local directory with FS type ID 61267
226 [139621910873920] INFO perfrun.launcher <> - create data directory = /home/student/APP/Proiect_Etapa2/Number-of-paths-of-size-K/Pthreads/reports/r001hs/data.0
227 [139621910873920] INFO perfrun.launcher <> - Creating the master collection flag
231 [139621910873920] INFO perfrun.launcher <> - Done creating the master collection flag
233 [139621901358848] INFO perfrun.launcher <> - plugin [remoteplug] was disabled because it doesn't support the given collection type.
234 [139621901358848] INFO perfrun.sdk <> - Allocating TMU :/home/student/APP/Proiect_Etapa2/Number-of-paths-of-size-K/Pthreads/reports/r001hs/data.0/systemcollector-10820-pclp-vm.sc
234 [139621901358848] INFO perfrun.system <> - Tpss based collection
234 [139621901358848] INFO perfrun.launcher <> - plugin [ptracecollector] was disabled because it doesn't support the given collection type.
234 [139621901358848] INFO perfrun.launcher <> - plugin [gpu] was disabled because it doesn't support the given collection type.
234 [139621901358848] INFO perfrun.launcher <> - plugin [] was disabled because it doesn't support the given collection type.
234 [139621901358848] INFO perfrun.launcher <> - plugin [] was disabled because it doesn't support the given collection type.
234 [139621901358848] INFO perfrun.launcher <> - plugin [] was disabled because it doesn't support the given collection type.
234 [139621901358848] INFO perfrun.mrte <> - system-wide mode is 0
234 [139621901358848] INFO perfrun.mrte <> - Getting  mrte profiling environment ...
249 [139621901358848] INFO perfrun.mrte <> - INTEL_MRTE_DATA_DIR=/home/student/APP/Proiect_Etapa2/Number-of-paths-of-size-K/Pthreads/reports/r001hs/data.0
249 [139621901358848] INFO perfrun.mrte <> - INTEL_MRTE_HOST_NAME=pclp-vm
249 [139621901358848] INFO perfrun.mrte <> - JAVA_TOOL_OPTIONS=-agentlib:amplxe_samplingmrte_javaprof_1.0 -Dsun.boot.library.path=/opt/intel/oneapi/vtune/2025.0/lib32/runtime:/opt/intel/oneapi/vtune/2025.0/lib64/runtime
249 [139621901358848] INFO perfrun.mrte <> - LD_LIBRARY_PATH=/opt/intel/oneapi/vtune/2025.0/lib32/runtime:/opt/intel/oneapi/vtune/2025.0/lib64/runtime
249 [139621901358848] INFO perfrun.mrte <> - CORECLR_ENABLE_PROFILING=1
249 [139621901358848] INFO perfrun.mrte <> - CORECLR_PROFILER={AA5E4821-E3B1-479c-B7FF-5AD047D22CED}
249 [139621901358848] INFO perfrun.mrte <> - CORECLR_PROFILER_PATH=/opt/intel/oneapi/vtune/2025.0/lib64/libamplxe_samplingmrte_clrprof_1.0.so
249 [139621901358848] INFO perfrun.mrte <> - INTEL_MRTE_PROFILER_MODE=mixed
249 [139621901358848] INFO perfrun.mrte <> - Data directory: /home/student/APP/Proiect_Etapa2/Number-of-paths-of-size-K/Pthreads/reports/r001hs/data.0
249 [139621901358848] INFO perfrun.mrte <> - Mrte plugin is initialized
249 [139621901358848] INFO perfrun.launcher <> - plugin [emon] was disabled because it doesn't support the given collection type.
249 [139621901358848] INFO perfrun.launcher <> - plugin [cuscol] was disabled because it doesn't support the given collection type.
249 [139621901358848] INFO perfrun.launcher <> - plugin [stdsrc] was disabled because it doesn't support the given collection type.
249 [139621901358848] INFO perfrun.launcher <> - plugin [sep] was disabled because it doesn't support the given collection type.
249 [139621901358848] INFO perfrun.launcher <> - plugin [vtsspp] was disabled because it doesn't support the given collection type.
249 [139621901358848] INFO perfrun.launcher <> - plugin [perf] was disabled because it doesn't support the given collection type.
250 [139621901358848] INFO perfrun.launcher <> - plugin [aoclprofile] was disabled because it doesn't support the given collection type.
250 [139621901358848] INFO perfrun.tpss <> - initialize tpss controller
250 [139621901358848] INFO perfrun.tpss <> - configure collection mode: value = cpu:counters:nostack
250 [139621901358848] INFO perfrun.tpss <> - configure collection mode: value = cpu:stack
250 [139621901358848] INFO perfrun.tpss <> - default obj-size-min=1024
250 [139621901358848] INFO perfrun.tpss <> - default hash-table-size=0
250 [139621901358848] INFO perfrun.launcher <> - plugin [media] was disabled because it doesn't support the given collection type.
250 [139621901358848] INFO perfrun.launcher <> - plugin [] was disabled because it doesn't support the given collection type.
250 [139621901358848] INFO perfrun.launcher <> - plugin [] was disabled because it doesn't support the given collection type.
250 [139621901358848] INFO perfrun.launcher <> - plugin [parallelfs] was disabled because it doesn't support the given collection type.
250 [139621901358848] INFO perfrun.launcher <> - plugin [power] was disabled because it doesn't support the given collection type.
250 [139621901358848] INFO perfrun.launcher <> - plugin [] was disabled because it doesn't support the given collection type.
250 [139621901358848] INFO perfrun.launcher <> - plugin [ipmwatch] was disabled because it doesn't support the given collection type.
250 [139621901358848] INFO perfrun.launcher <> - plugin [os_counters] was disabled because it doesn't support the given collection type.
250 [139621901358848] INFO perfrun.launcher <> - plugin [l0_metrics] was disabled because it doesn't support the given collection type.
251 [139621910873920] INFO perfrun.launcher <> - set environment variable: LD_LIBRARY_PATH = /opt/intel/oneapi/vtune/2025.0/lib32/runtime:/opt/intel/oneapi/vtune/2025.0/lib64/runtime
253 [139621910873920] INFO perfrun.launcher <> - set environment variable: INTEL_LIBITTNOTIFY32 = /opt/intel/oneapi/vtune/2025.0/lib32/runtime/libittnotify_collector.so
253 [139621910873920] INFO perfrun.launcher <> - set environment variable: INTEL_LIBITTNOTIFY64 = /opt/intel/oneapi/vtune/2025.0/lib64/runtime/libittnotify_collector.so
254 [139621910873920] INFO perfrun.launcher <> - set environment variable: INTEL_ITTNOTIFY_GROUPS = 
255 [139621910873920] INFO perfrun.launcher <> - set environment variable: INTEL_JIT_PROFILER32 = /opt/intel/oneapi/vtune/2025.0/lib32/runtime/libittnotify_collector.so
256 [139621910873920] INFO perfrun.launcher <> - set environment variable: INTEL_JIT_PROFILER64 = /opt/intel/oneapi/vtune/2025.0/lib64/runtime/libittnotify_collector.so
258 [139621910873920] INFO perfrun.launcher <> - set environment variable: CCL_ITT_LEVEL = 1
260 [139621910873920] INFO perfrun.launcher <> - set environment variable: ENABLE_JITPROFILING = 1
262 [139621910873920] INFO perfrun.launcher <> - set environment variable: CL_CONFIG_USE_VTUNE = True
263 [139621910873920] INFO perfrun.launcher <> - set environment variable: KMP_FORKJOIN_FRAMES = 0
264 [139621910873920] INFO perfrun.launcher <> - set environment variable: KMP_FORKJOIN_FRAMES_MODE = 0
265 [139621910873920] INFO perfrun.launcher <> - set environment variable: INTEL_MRTE_DATA_DIR = /home/student/APP/Proiect_Etapa2/Number-of-paths-of-size-K/Pthreads/reports/r001hs/data.0
268 [139621910873920] INFO perfrun.launcher <> - set environment variable: INTEL_MRTE_HOST_NAME = pclp-vm
269 [139621910873920] INFO perfrun.launcher <> - set environment variable: JAVA_TOOL_OPTIONS = -agentlib:amplxe_samplingmrte_javaprof_1.0 -Dsun.boot.library.path=/opt/intel/oneapi/vtune/2025.0/lib32/runtime:/opt/intel/oneapi/vtune/2025.0/lib64/runtime
270 [139621910873920] INFO perfrun.launcher <> - set environment variable: LD_LIBRARY_PATH = /opt/intel/oneapi/vtune/2025.0/lib32/runtime:/opt/intel/oneapi/vtune/2025.0/lib64/runtime
271 [139621910873920] INFO perfrun.launcher <> - set environment variable: CORECLR_ENABLE_PROFILING = 1
273 [139621910873920] INFO perfrun.launcher <> - set environment variable: CORECLR_PROFILER = {AA5E4821-E3B1-479c-B7FF-5AD047D22CED}
274 [139621910873920] INFO perfrun.launcher <> - set environment variable: CORECLR_PROFILER_PATH = /opt/intel/oneapi/vtune/2025.0/lib64/libamplxe_samplingmrte_clrprof_1.0.so
275 [139621910873920] INFO perfrun.launcher <> - set environment variable: INTEL_MRTE_PROFILER_MODE = mixed
275 [139621910873920] INFO perfrun.launcher <> - RpcServer: run RPC server to handle requests
277 [139621910873920] INFO perfrun.launcher <> - Launcher: command line to start before modification = ./matrix ../in/large.txt 1000000 1 2 8
278 [139621910873920] INFO perfrun.launcher <> - Launcher: command line to start after modification = /opt/intel/oneapi/vtune/2025.0/bin64/pin -error_file /home/student/APP/Proiect_Etapa2/Number-of-paths-of-size-K/Pthreads/reports/r001hs/data.0/pinerr.tpsslog -detach_reattach -follow_execv -tool_load_option deepbind -t64 /opt/intel/oneapi/vtune/2025.0/lib64/libtpsstool.so -t /opt/intel/oneapi/vtune/2025.0/lib32/libtpsstool.so -server_name tpss_ipc.10820 -prd_dir /opt/intel/oneapi/vtune/2025.0 -- ./matrix ../in/large.txt 1000000 1 2 8
281 [139621910873920] INFO perfrun.launcher <> - ProcessCreator object was created
283 [139621910873920] INFO perfrun.launcher <> - Launcher: the process was started in suspend mode
286 [139621901358848] WARN perfrun.system <> - Could not do anything with /sys/kernel/debug/kvm: boost::filesystem::status: Permission denied [system:13]: "/sys/kernel/debug/kvm", at file: vcs/perfrun1/plugins/system/src/trace_writer.cpp:787
286 [139621901358848] WARN perfrun.system <> - Folder "/var/run/libvirt/qemu/"doesn't exist, at file: vcs/perfrun1/plugins/system/src/trace_writer.cpp:800
289 [139621901358848] WARN perfrun.sdk <> - Failed to find xl binary on any of the system paths: /bin, /sbin, /usr/bin, /usr/sbin., at file: vcs/perfrun1/sdk/src/utils.cpp:205
289 [139621901358848] WARN perfrun.system <> - Only 2 usec accuracy achieved for reference point, at file: vcs/perfrun1/plugins/system/src/trace_writer.cpp:320
289 [139621901358848] WARN perfrun.system <> - Could not start ContainerMapping collector, at file: vcs/perfrun1/plugins/system/src/controller.cpp:450
303 [139621901358848] INFO perfrun.vdso <> - Helper runtool '/opt/intel/oneapi/vtune/2025.0/bin32/amplxe-runss -dump-vdso -r /home/student/APP/Proiect_Etapa2/Number-of-paths-of-size-K/Pthreads/reports/r001hs --tmp-dir /tmp/amplxe-tmp-student' returned 1
579 [139621901358848] INFO perfrun.vdso <> - Helper runtool '/opt/intel/oneapi/vtune/2025.0/bin64/amplxe-runss -dump-vdso -r /home/student/APP/Proiect_Etapa2/Number-of-paths-of-size-K/Pthreads/reports/r001hs --tmp-dir /tmp/amplxe-tmp-student' returned 0
579 [139621901358848] INFO perfrun.itt <> - start itt controller for pid #10825
580 [139621901358848] INFO perfrun.tpss <> - start tpss controller for pid #10825
632 [139621910873920] INFO perfrun.launcher <> - Launcher: all plugins were started
632 [139621910873920] INFO perfrun.launcher <> - DirectoryMonitor object was created
632 [139621910873920] INFO perfrun.launcher <> - DirectoryMonitor: a callback was added
633 [139621910873920] INFO perfrun.launcher <> - DirectoryMonitor was started with pingTime = 1000
633 [139621910873920] INFO perfrun.launcher <> - DeadlineTimer is going to be constructed
633 [139621910873920] INFO perfrun.launcher <> - DeadlineTimer: a callback was added
639 [139621910873920] INFO perfrun.launcher <> - Launcher: resume the profiled application and  wait its termination or stop command
24955 [139621910873920] INFO perfrun.launcher <> - Launcher: the profiled application was terminated  with exit code = 0
24969 [139621901358848] WARN perfrun.system <> - Only 2 usec accuracy achieved for reference point, at file: vcs/perfrun1/plugins/system/src/trace_writer.cpp:320
25069 [139621901358848] INFO perfrun.itt <> - detach itt controller
25069 [139621901358848] INFO perfrun.itt <> - detach itt controller done
25069 [139621901358848] INFO perfrun.tpss <> - stop tpss controller
25077 [139621901358848] INFO perfrun.sdk <> - De-allocating TMU: /home/student/APP/Proiect_Etapa2/Number-of-paths-of-size-K/Pthreads/reports/r001hs/data.0/systemcollector-10820-pclp-vm.sc
25077 [139621901358848] INFO perfrun.system <> - closed the system trace file: /home/student/APP/Proiect_Etapa2/Number-of-paths-of-size-K/Pthreads/reports/r001hs/data.0/systemcollector-10820-pclp-vm.sc
25082 [139621910873920] INFO perfrun.launcher <> - Launcher: all plugins were stopped.
25083 [139621910873920] INFO perfrun.launcher <> - DeadlineTimer is going to be destroyed
25083 [139621910873920] INFO perfrun.launcher <> - DeadlineTimer was destroyed
25083 [139621910873920] INFO perfrun.launcher <> - DirectoryMonitor object was destroyed
25083 [139621910873920] WARN perfrun.launcher <> - Stop command is ignored because it is received when collection is already stopped, at file: vcs/perfrun1/launcher/src/command_handler.cpp:226
25094 [139621910873920] INFO perfrun.launcher <> - Application exit code: 0
25094 [139621910873920] INFO perfrun.launcher <> - Exit code: 0
