6 [139866477799232] INFO perfrun.launcher <> - Launcher main begin
7 [139866477799232] INFO perfrun.launcher <> - MessageCatalogInit finished
7 [139866477799232] INFO perfrun.launcher <> - Launcher instance created
7 [139866477799232] INFO perfrun.launcher <> - argc = 7; cmdline = /opt/intel/oneapi/vtune/2025.0/bin64/amplxe-runss --ui-output-format xml --ui-output-fd 5 --option-file /home/student/APP/Proiect_Etapa2/Number-of-paths-of-size-K/Pthreads_MPI/8t_16p_large.pclp-vm/config/runss.options 
85 [139866477799232] INFO perfrun.perfcollector <> - SEP tool path: /opt/intel/oneapi/vtune/2025.0/bin64/sep
180 [139866477799232] INFO perfrun.launcher <> - create msngr2::ICliToolContext
181 [139866477799232] INFO perfrun.launcher <> - create file finder object
181 [139866477799232] INFO perfrun.launcher <> - create a result directory: pattern = /home/student/APP/Proiect_Etapa2/Number-of-paths-of-size-K/Pthreads_MPI/8t_16p_large.pclp-vm pid = 4294967295
183 [139866477799232] INFO perfrun.sdk <> - checked that the directory /home/student/APP/Proiect_Etapa2/Number-of-paths-of-size-K/Pthreads_MPI/8t_16p_large.pclp-vm is a local directory
183 [139866477799232] INFO perfrun.sdk <> - the directory /home/student/APP/Proiect_Etapa2/Number-of-paths-of-size-K/Pthreads_MPI/8t_16p_large.pclp-vm is a local directory with FS type ID 61267
183 [139866477799232] INFO perfrun.launcher <> - create data directory = /home/student/APP/Proiect_Etapa2/Number-of-paths-of-size-K/Pthreads_MPI/8t_16p_large.pclp-vm/data.0
185 [139866477799232] INFO perfrun.launcher <> - Creating the master collection flag
191 [139866477799232] INFO perfrun.launcher <> - Done creating the master collection flag
193 [139866468284160] INFO perfrun.launcher <> - plugin [remoteplug] was disabled because it doesn't support the given collection type.
193 [139866468284160] INFO perfrun.sdk <> - Allocating TMU :/home/student/APP/Proiect_Etapa2/Number-of-paths-of-size-K/Pthreads_MPI/8t_16p_large.pclp-vm/data.0/systemcollector-81302-pclp-vm.sc
194 [139866468284160] INFO perfrun.system <> - Tpss based collection
195 [139866468284160] INFO perfrun.launcher <> - plugin [ptracecollector] was disabled because it doesn't support the given collection type.
195 [139866468284160] INFO perfrun.launcher <> - plugin [gpu] was disabled because it doesn't support the given collection type.
195 [139866468284160] INFO perfrun.launcher <> - plugin [] was disabled because it doesn't support the given collection type.
195 [139866468284160] INFO perfrun.launcher <> - plugin [] was disabled because it doesn't support the given collection type.
195 [139866468284160] INFO perfrun.launcher <> - plugin [] was disabled because it doesn't support the given collection type.
195 [139866468284160] INFO perfrun.mrte <> - system-wide mode is 0
195 [139866468284160] INFO perfrun.mrte <> - Getting  mrte profiling environment ...
211 [139866468284160] INFO perfrun.mrte <> - INTEL_MRTE_DATA_DIR=/home/student/APP/Proiect_Etapa2/Number-of-paths-of-size-K/Pthreads_MPI/8t_16p_large.pclp-vm/data.0
211 [139866468284160] INFO perfrun.mrte <> - INTEL_MRTE_HOST_NAME=pclp-vm
211 [139866468284160] INFO perfrun.mrte <> - JAVA_TOOL_OPTIONS=-agentlib:amplxe_samplingmrte_javaprof_1.0 -Dsun.boot.library.path=/opt/intel/oneapi/vtune/2025.0/lib32/runtime:/opt/intel/oneapi/vtune/2025.0/lib64/runtime
211 [139866468284160] INFO perfrun.mrte <> - LD_LIBRARY_PATH=/opt/intel/oneapi/vtune/2025.0/lib32/runtime:/opt/intel/oneapi/vtune/2025.0/lib64/runtime
211 [139866468284160] INFO perfrun.mrte <> - CORECLR_ENABLE_PROFILING=1
211 [139866468284160] INFO perfrun.mrte <> - CORECLR_PROFILER={AA5E4821-E3B1-479c-B7FF-5AD047D22CED}
211 [139866468284160] INFO perfrun.mrte <> - CORECLR_PROFILER_PATH=/opt/intel/oneapi/vtune/2025.0/lib64/libamplxe_samplingmrte_clrprof_1.0.so
211 [139866468284160] INFO perfrun.mrte <> - INTEL_MRTE_PROFILER_MODE=mixed
211 [139866468284160] INFO perfrun.mrte <> - Data directory: /home/student/APP/Proiect_Etapa2/Number-of-paths-of-size-K/Pthreads_MPI/8t_16p_large.pclp-vm/data.0
211 [139866468284160] INFO perfrun.mrte <> - Mrte plugin is initialized
211 [139866468284160] INFO perfrun.launcher <> - plugin [emon] was disabled because it doesn't support the given collection type.
211 [139866468284160] INFO perfrun.launcher <> - plugin [cuscol] was disabled because it doesn't support the given collection type.
211 [139866468284160] INFO perfrun.launcher <> - plugin [stdsrc] was disabled because it doesn't support the given collection type.
211 [139866468284160] INFO perfrun.launcher <> - plugin [sep] was disabled because it doesn't support the given collection type.
211 [139866468284160] INFO perfrun.launcher <> - plugin [vtsspp] was disabled because it doesn't support the given collection type.
211 [139866468284160] INFO perfrun.launcher <> - plugin [perf] was disabled because it doesn't support the given collection type.
211 [139866468284160] INFO perfrun.launcher <> - plugin [aoclprofile] was disabled because it doesn't support the given collection type.
211 [139866468284160] INFO perfrun.tpss <> - initialize tpss controller
212 [139866468284160] INFO perfrun.tpss <> - configure collection mode: value = cpu:counters:nostack
213 [139866468284160] INFO perfrun.tpss <> - configure collection mode: value = cpu:stack
213 [139866468284160] INFO perfrun.tpss <> - default obj-size-min=1024
213 [139866468284160] INFO perfrun.tpss <> - default hash-table-size=0
213 [139866468284160] INFO perfrun.launcher <> - plugin [media] was disabled because it doesn't support the given collection type.
213 [139866468284160] INFO perfrun.launcher <> - plugin [] was disabled because it doesn't support the given collection type.
213 [139866468284160] INFO perfrun.launcher <> - plugin [] was disabled because it doesn't support the given collection type.
213 [139866468284160] INFO perfrun.launcher <> - plugin [parallelfs] was disabled because it doesn't support the given collection type.
213 [139866468284160] INFO perfrun.launcher <> - plugin [power] was disabled because it doesn't support the given collection type.
213 [139866468284160] INFO perfrun.launcher <> - plugin [] was disabled because it doesn't support the given collection type.
213 [139866468284160] INFO perfrun.launcher <> - plugin [ipmwatch] was disabled because it doesn't support the given collection type.
213 [139866468284160] INFO perfrun.launcher <> - plugin [os_counters] was disabled because it doesn't support the given collection type.
213 [139866468284160] INFO perfrun.launcher <> - plugin [l0_metrics] was disabled because it doesn't support the given collection type.
215 [139866477799232] INFO perfrun.launcher <> - set environment variable: LD_LIBRARY_PATH = /opt/intel/oneapi/vtune/2025.0/lib32/runtime:/opt/intel/oneapi/vtune/2025.0/lib64/runtime
216 [139866477799232] INFO perfrun.launcher <> - set environment variable: INTEL_LIBITTNOTIFY32 = /opt/intel/oneapi/vtune/2025.0/lib32/runtime/libittnotify_collector.so
218 [139866477799232] INFO perfrun.launcher <> - set environment variable: INTEL_LIBITTNOTIFY64 = /opt/intel/oneapi/vtune/2025.0/lib64/runtime/libittnotify_collector.so
219 [139866477799232] INFO perfrun.launcher <> - set environment variable: INTEL_ITTNOTIFY_GROUPS = 
219 [139866477799232] INFO perfrun.launcher <> - set environment variable: INTEL_JIT_PROFILER32 = /opt/intel/oneapi/vtune/2025.0/lib32/runtime/libittnotify_collector.so
220 [139866477799232] INFO perfrun.launcher <> - set environment variable: INTEL_JIT_PROFILER64 = /opt/intel/oneapi/vtune/2025.0/lib64/runtime/libittnotify_collector.so
220 [139866477799232] INFO perfrun.launcher <> - set environment variable: CCL_ITT_LEVEL = 1
221 [139866477799232] INFO perfrun.launcher <> - set environment variable: ENABLE_JITPROFILING = 1
222 [139866477799232] INFO perfrun.launcher <> - set environment variable: CL_CONFIG_USE_VTUNE = True
223 [139866477799232] INFO perfrun.launcher <> - set environment variable: LD_PRELOAD = libittnotify_collector.so:
223 [139866477799232] INFO perfrun.launcher <> - set environment variable: KMP_FORKJOIN_FRAMES = 0
224 [139866477799232] INFO perfrun.launcher <> - set environment variable: KMP_FORKJOIN_FRAMES_MODE = 0
225 [139866477799232] INFO perfrun.launcher <> - set environment variable: INTEL_MRTE_DATA_DIR = /home/student/APP/Proiect_Etapa2/Number-of-paths-of-size-K/Pthreads_MPI/8t_16p_large.pclp-vm/data.0
225 [139866477799232] INFO perfrun.launcher <> - set environment variable: INTEL_MRTE_HOST_NAME = pclp-vm
225 [139866477799232] INFO perfrun.launcher <> - set environment variable: JAVA_TOOL_OPTIONS = -agentlib:amplxe_samplingmrte_javaprof_1.0 -Dsun.boot.library.path=/opt/intel/oneapi/vtune/2025.0/lib32/runtime:/opt/intel/oneapi/vtune/2025.0/lib64/runtime
226 [139866477799232] INFO perfrun.launcher <> - set environment variable: LD_LIBRARY_PATH = /opt/intel/oneapi/vtune/2025.0/lib32/runtime:/opt/intel/oneapi/vtune/2025.0/lib64/runtime
226 [139866477799232] INFO perfrun.launcher <> - set environment variable: CORECLR_ENABLE_PROFILING = 1
227 [139866477799232] INFO perfrun.launcher <> - set environment variable: CORECLR_PROFILER = {AA5E4821-E3B1-479c-B7FF-5AD047D22CED}
228 [139866477799232] INFO perfrun.launcher <> - set environment variable: CORECLR_PROFILER_PATH = /opt/intel/oneapi/vtune/2025.0/lib64/libamplxe_samplingmrte_clrprof_1.0.so
229 [139866477799232] INFO perfrun.launcher <> - set environment variable: INTEL_MRTE_PROFILER_MODE = mixed
229 [139866477799232] INFO perfrun.launcher <> - RpcServer: run RPC server to handle requests
230 [139866477799232] INFO perfrun.launcher <> - Launcher: command line to start before modification = mpirun --oversubscribe -np 16 ./mpi_pthreads ../in/large.txt 1000000 1 2 8
231 [139866477799232] INFO perfrun.launcher <> - Launcher: command line to start after modification = /opt/intel/oneapi/vtune/2025.0/bin64/pin -error_file /home/student/APP/Proiect_Etapa2/Number-of-paths-of-size-K/Pthreads_MPI/8t_16p_large.pclp-vm/data.0/pinerr.tpsslog -detach_reattach -follow_execv -tool_load_option deepbind -t64 /opt/intel/oneapi/vtune/2025.0/lib64/libtpsstool.so -t /opt/intel/oneapi/vtune/2025.0/lib32/libtpsstool.so -server_name tpss_ipc.81302 -prd_dir /opt/intel/oneapi/vtune/2025.0 -- mpirun --oversubscribe -np 16 ./mpi_pthreads ../in/large.txt 1000000 1 2 8
231 [139866477799232] INFO perfrun.launcher <> - ProcessCreator object was created
232 [139866477799232] INFO perfrun.launcher <> - Launcher: the process was started in suspend mode
236 [139866468284160] WARN perfrun.system <> - Could not do anything with /sys/kernel/debug/kvm: boost::filesystem::status: Permission denied [system:13]: "/sys/kernel/debug/kvm", at file: vcs/perfrun1/plugins/system/src/trace_writer.cpp:787
236 [139866468284160] WARN perfrun.system <> - Folder "/var/run/libvirt/qemu/"doesn't exist, at file: vcs/perfrun1/plugins/system/src/trace_writer.cpp:800
238 [139866468284160] WARN perfrun.sdk <> - Failed to find xl binary on any of the system paths: /bin, /sbin, /usr/bin, /usr/sbin., at file: vcs/perfrun1/sdk/src/utils.cpp:205
240 [139866468284160] WARN perfrun.system <> - Only 21 usec accuracy achieved for reference point, at file: vcs/perfrun1/plugins/system/src/trace_writer.cpp:320
241 [139866468284160] WARN perfrun.system <> - Could not start ContainerMapping collector, at file: vcs/perfrun1/plugins/system/src/controller.cpp:450
248 [139866468284160] INFO perfrun.vdso <> - Helper runtool '/opt/intel/oneapi/vtune/2025.0/bin32/amplxe-runss -dump-vdso -r /home/student/APP/Proiect_Etapa2/Number-of-paths-of-size-K/Pthreads_MPI/8t_16p_large.pclp-vm --tmp-dir /tmp/amplxe-tmp-student' returned 1
552 [139866468284160] INFO perfrun.vdso <> - Helper runtool '/opt/intel/oneapi/vtune/2025.0/bin64/amplxe-runss -dump-vdso -r /home/student/APP/Proiect_Etapa2/Number-of-paths-of-size-K/Pthreads_MPI/8t_16p_large.pclp-vm --tmp-dir /tmp/amplxe-tmp-student' returned 0
552 [139866468284160] INFO perfrun.itt <> - start itt controller for pid #81307
553 [139866468284160] INFO perfrun.tpss <> - start tpss controller for pid #81307
606 [139866477799232] INFO perfrun.launcher <> - Launcher: all plugins were started
606 [139866477799232] INFO perfrun.launcher <> - DirectoryMonitor object was created
607 [139866477799232] INFO perfrun.launcher <> - DirectoryMonitor: a callback was added
607 [139866477799232] INFO perfrun.launcher <> - DirectoryMonitor was started with pingTime = 1000
607 [139866477799232] INFO perfrun.launcher <> - DeadlineTimer is going to be constructed
608 [139866477799232] INFO perfrun.launcher <> - DeadlineTimer: a callback was added
618 [139866477799232] INFO perfrun.launcher <> - Launcher: resume the profiled application and  wait its termination or stop command
161935 [139866477799232] INFO perfrun.launcher <> - Launcher: the profiled application was terminated  with exit code = 0
162025 [139866468284160] WARN perfrun.system <> - Only 51 usec accuracy achieved for reference point, at file: vcs/perfrun1/plugins/system/src/trace_writer.cpp:320
163061 [139866468284160] INFO perfrun.itt <> - detach itt controller
163061 [139866468284160] INFO perfrun.itt <> - detach itt controller done
163061 [139866468284160] INFO perfrun.tpss <> - stop tpss controller
163176 [139866468284160] INFO perfrun.sdk <> - De-allocating TMU: /home/student/APP/Proiect_Etapa2/Number-of-paths-of-size-K/Pthreads_MPI/8t_16p_large.pclp-vm/data.0/systemcollector-81302-pclp-vm.sc
163177 [139866468284160] INFO perfrun.system <> - closed the system trace file: /home/student/APP/Proiect_Etapa2/Number-of-paths-of-size-K/Pthreads_MPI/8t_16p_large.pclp-vm/data.0/systemcollector-81302-pclp-vm.sc
163179 [139866477799232] INFO perfrun.launcher <> - Launcher: all plugins were stopped.
163179 [139866477799232] INFO perfrun.launcher <> - DeadlineTimer is going to be destroyed
163181 [139866477799232] INFO perfrun.launcher <> - DeadlineTimer was destroyed
163182 [139866477799232] INFO perfrun.launcher <> - DirectoryMonitor object was destroyed
163183 [139866477799232] WARN perfrun.launcher <> - Stop command is ignored because it is received when collection is already stopped, at file: vcs/perfrun1/launcher/src/command_handler.cpp:226
163267 [139866477799232] INFO perfrun.launcher <> - Application exit code: 0
163267 [139866477799232] INFO perfrun.launcher <> - Exit code: 0
