4 [139955550373696] INFO perfrun.launcher <> - Launcher main begin
6 [139955550373696] INFO perfrun.launcher <> - MessageCatalogInit finished
7 [139955550373696] INFO perfrun.launcher <> - Launcher instance created
7 [139955550373696] INFO perfrun.launcher <> - argc = 7; cmdline = /opt/intel/oneapi/vtune/2025.0/bin64/amplxe-runss --ui-output-format xml --ui-output-fd 5 --option-file /home/student/APP/Proiect_Etapa2/Number-of-paths-of-size-K/Pthreads_MPI/16t_16p_large.pclp-vm/config/runss.options 
79 [139955550373696] INFO perfrun.perfcollector <> - SEP tool path: /opt/intel/oneapi/vtune/2025.0/bin64/sep
199 [139955550373696] INFO perfrun.launcher <> - create msngr2::ICliToolContext
201 [139955550373696] INFO perfrun.launcher <> - create file finder object
202 [139955550373696] INFO perfrun.launcher <> - create a result directory: pattern = /home/student/APP/Proiect_Etapa2/Number-of-paths-of-size-K/Pthreads_MPI/16t_16p_large.pclp-vm pid = 4294967295
203 [139955550373696] INFO perfrun.sdk <> - checked that the directory /home/student/APP/Proiect_Etapa2/Number-of-paths-of-size-K/Pthreads_MPI/16t_16p_large.pclp-vm is a local directory
203 [139955550373696] INFO perfrun.sdk <> - the directory /home/student/APP/Proiect_Etapa2/Number-of-paths-of-size-K/Pthreads_MPI/16t_16p_large.pclp-vm is a local directory with FS type ID 61267
205 [139955550373696] INFO perfrun.launcher <> - create data directory = /home/student/APP/Proiect_Etapa2/Number-of-paths-of-size-K/Pthreads_MPI/16t_16p_large.pclp-vm/data.0
206 [139955550373696] INFO perfrun.launcher <> - Creating the master collection flag
212 [139955550373696] INFO perfrun.launcher <> - Done creating the master collection flag
214 [139955540858624] INFO perfrun.launcher <> - plugin [remoteplug] was disabled because it doesn't support the given collection type.
214 [139955540858624] INFO perfrun.sdk <> - Allocating TMU :/home/student/APP/Proiect_Etapa2/Number-of-paths-of-size-K/Pthreads_MPI/16t_16p_large.pclp-vm/data.0/systemcollector-89449-pclp-vm.sc
214 [139955540858624] INFO perfrun.system <> - Tpss based collection
215 [139955540858624] INFO perfrun.launcher <> - plugin [ptracecollector] was disabled because it doesn't support the given collection type.
215 [139955540858624] INFO perfrun.launcher <> - plugin [gpu] was disabled because it doesn't support the given collection type.
215 [139955540858624] INFO perfrun.launcher <> - plugin [] was disabled because it doesn't support the given collection type.
215 [139955540858624] INFO perfrun.launcher <> - plugin [] was disabled because it doesn't support the given collection type.
215 [139955540858624] INFO perfrun.launcher <> - plugin [] was disabled because it doesn't support the given collection type.
215 [139955540858624] INFO perfrun.mrte <> - system-wide mode is 0
215 [139955540858624] INFO perfrun.mrte <> - Getting  mrte profiling environment ...
230 [139955540858624] INFO perfrun.mrte <> - INTEL_MRTE_DATA_DIR=/home/student/APP/Proiect_Etapa2/Number-of-paths-of-size-K/Pthreads_MPI/16t_16p_large.pclp-vm/data.0
230 [139955540858624] INFO perfrun.mrte <> - INTEL_MRTE_HOST_NAME=pclp-vm
230 [139955540858624] INFO perfrun.mrte <> - JAVA_TOOL_OPTIONS=-agentlib:amplxe_samplingmrte_javaprof_1.0 -Dsun.boot.library.path=/opt/intel/oneapi/vtune/2025.0/lib32/runtime:/opt/intel/oneapi/vtune/2025.0/lib64/runtime
230 [139955540858624] INFO perfrun.mrte <> - LD_LIBRARY_PATH=/opt/intel/oneapi/vtune/2025.0/lib32/runtime:/opt/intel/oneapi/vtune/2025.0/lib64/runtime
230 [139955540858624] INFO perfrun.mrte <> - CORECLR_ENABLE_PROFILING=1
230 [139955540858624] INFO perfrun.mrte <> - CORECLR_PROFILER={AA5E4821-E3B1-479c-B7FF-5AD047D22CED}
230 [139955540858624] INFO perfrun.mrte <> - CORECLR_PROFILER_PATH=/opt/intel/oneapi/vtune/2025.0/lib64/libamplxe_samplingmrte_clrprof_1.0.so
230 [139955540858624] INFO perfrun.mrte <> - INTEL_MRTE_PROFILER_MODE=mixed
230 [139955540858624] INFO perfrun.mrte <> - Data directory: /home/student/APP/Proiect_Etapa2/Number-of-paths-of-size-K/Pthreads_MPI/16t_16p_large.pclp-vm/data.0
230 [139955540858624] INFO perfrun.mrte <> - Mrte plugin is initialized
230 [139955540858624] INFO perfrun.launcher <> - plugin [emon] was disabled because it doesn't support the given collection type.
230 [139955540858624] INFO perfrun.launcher <> - plugin [cuscol] was disabled because it doesn't support the given collection type.
230 [139955540858624] INFO perfrun.launcher <> - plugin [stdsrc] was disabled because it doesn't support the given collection type.
230 [139955540858624] INFO perfrun.launcher <> - plugin [sep] was disabled because it doesn't support the given collection type.
230 [139955540858624] INFO perfrun.launcher <> - plugin [vtsspp] was disabled because it doesn't support the given collection type.
230 [139955540858624] INFO perfrun.launcher <> - plugin [perf] was disabled because it doesn't support the given collection type.
230 [139955540858624] INFO perfrun.launcher <> - plugin [aoclprofile] was disabled because it doesn't support the given collection type.
230 [139955540858624] INFO perfrun.tpss <> - initialize tpss controller
231 [139955540858624] INFO perfrun.tpss <> - configure collection mode: value = cpu:counters:nostack
231 [139955540858624] INFO perfrun.tpss <> - configure collection mode: value = cpu:stack
231 [139955540858624] INFO perfrun.tpss <> - default obj-size-min=1024
231 [139955540858624] INFO perfrun.tpss <> - default hash-table-size=0
231 [139955540858624] INFO perfrun.launcher <> - plugin [media] was disabled because it doesn't support the given collection type.
231 [139955540858624] INFO perfrun.launcher <> - plugin [] was disabled because it doesn't support the given collection type.
231 [139955540858624] INFO perfrun.launcher <> - plugin [] was disabled because it doesn't support the given collection type.
231 [139955540858624] INFO perfrun.launcher <> - plugin [parallelfs] was disabled because it doesn't support the given collection type.
231 [139955540858624] INFO perfrun.launcher <> - plugin [power] was disabled because it doesn't support the given collection type.
231 [139955540858624] INFO perfrun.launcher <> - plugin [] was disabled because it doesn't support the given collection type.
231 [139955540858624] INFO perfrun.launcher <> - plugin [ipmwatch] was disabled because it doesn't support the given collection type.
231 [139955540858624] INFO perfrun.launcher <> - plugin [os_counters] was disabled because it doesn't support the given collection type.
231 [139955540858624] INFO perfrun.launcher <> - plugin [l0_metrics] was disabled because it doesn't support the given collection type.
234 [139955550373696] INFO perfrun.launcher <> - set environment variable: LD_LIBRARY_PATH = /opt/intel/oneapi/vtune/2025.0/lib32/runtime:/opt/intel/oneapi/vtune/2025.0/lib64/runtime
235 [139955550373696] INFO perfrun.launcher <> - set environment variable: INTEL_LIBITTNOTIFY32 = /opt/intel/oneapi/vtune/2025.0/lib32/runtime/libittnotify_collector.so
235 [139955550373696] INFO perfrun.launcher <> - set environment variable: INTEL_LIBITTNOTIFY64 = /opt/intel/oneapi/vtune/2025.0/lib64/runtime/libittnotify_collector.so
236 [139955550373696] INFO perfrun.launcher <> - set environment variable: INTEL_ITTNOTIFY_GROUPS = 
237 [139955550373696] INFO perfrun.launcher <> - set environment variable: INTEL_JIT_PROFILER32 = /opt/intel/oneapi/vtune/2025.0/lib32/runtime/libittnotify_collector.so
238 [139955550373696] INFO perfrun.launcher <> - set environment variable: INTEL_JIT_PROFILER64 = /opt/intel/oneapi/vtune/2025.0/lib64/runtime/libittnotify_collector.so
240 [139955550373696] INFO perfrun.launcher <> - set environment variable: CCL_ITT_LEVEL = 1
242 [139955550373696] INFO perfrun.launcher <> - set environment variable: ENABLE_JITPROFILING = 1
243 [139955550373696] INFO perfrun.launcher <> - set environment variable: CL_CONFIG_USE_VTUNE = True
245 [139955550373696] INFO perfrun.launcher <> - set environment variable: LD_PRELOAD = libittnotify_collector.so:
246 [139955550373696] INFO perfrun.launcher <> - set environment variable: KMP_FORKJOIN_FRAMES = 0
246 [139955550373696] INFO perfrun.launcher <> - set environment variable: KMP_FORKJOIN_FRAMES_MODE = 0
247 [139955550373696] INFO perfrun.launcher <> - set environment variable: INTEL_MRTE_DATA_DIR = /home/student/APP/Proiect_Etapa2/Number-of-paths-of-size-K/Pthreads_MPI/16t_16p_large.pclp-vm/data.0
248 [139955550373696] INFO perfrun.launcher <> - set environment variable: INTEL_MRTE_HOST_NAME = pclp-vm
248 [139955550373696] INFO perfrun.launcher <> - set environment variable: JAVA_TOOL_OPTIONS = -agentlib:amplxe_samplingmrte_javaprof_1.0 -Dsun.boot.library.path=/opt/intel/oneapi/vtune/2025.0/lib32/runtime:/opt/intel/oneapi/vtune/2025.0/lib64/runtime
249 [139955550373696] INFO perfrun.launcher <> - set environment variable: LD_LIBRARY_PATH = /opt/intel/oneapi/vtune/2025.0/lib32/runtime:/opt/intel/oneapi/vtune/2025.0/lib64/runtime
250 [139955550373696] INFO perfrun.launcher <> - set environment variable: CORECLR_ENABLE_PROFILING = 1
250 [139955550373696] INFO perfrun.launcher <> - set environment variable: CORECLR_PROFILER = {AA5E4821-E3B1-479c-B7FF-5AD047D22CED}
251 [139955550373696] INFO perfrun.launcher <> - set environment variable: CORECLR_PROFILER_PATH = /opt/intel/oneapi/vtune/2025.0/lib64/libamplxe_samplingmrte_clrprof_1.0.so
251 [139955550373696] INFO perfrun.launcher <> - set environment variable: INTEL_MRTE_PROFILER_MODE = mixed
252 [139955550373696] INFO perfrun.launcher <> - RpcServer: run RPC server to handle requests
253 [139955550373696] INFO perfrun.launcher <> - Launcher: command line to start before modification = mpirun --oversubscribe -np 16 ./mpi_pthreads ../in/large.txt 1000000 1 2 16
253 [139955550373696] INFO perfrun.launcher <> - Launcher: command line to start after modification = /opt/intel/oneapi/vtune/2025.0/bin64/pin -error_file /home/student/APP/Proiect_Etapa2/Number-of-paths-of-size-K/Pthreads_MPI/16t_16p_large.pclp-vm/data.0/pinerr.tpsslog -detach_reattach -follow_execv -tool_load_option deepbind -t64 /opt/intel/oneapi/vtune/2025.0/lib64/libtpsstool.so -t /opt/intel/oneapi/vtune/2025.0/lib32/libtpsstool.so -server_name tpss_ipc.89449 -prd_dir /opt/intel/oneapi/vtune/2025.0 -- mpirun --oversubscribe -np 16 ./mpi_pthreads ../in/large.txt 1000000 1 2 16
253 [139955550373696] INFO perfrun.launcher <> - ProcessCreator object was created
254 [139955550373696] INFO perfrun.launcher <> - Launcher: the process was started in suspend mode
256 [139955540858624] WARN perfrun.system <> - Could not do anything with /sys/kernel/debug/kvm: boost::filesystem::status: Permission denied [system:13]: "/sys/kernel/debug/kvm", at file: vcs/perfrun1/plugins/system/src/trace_writer.cpp:787
256 [139955540858624] WARN perfrun.system <> - Folder "/var/run/libvirt/qemu/"doesn't exist, at file: vcs/perfrun1/plugins/system/src/trace_writer.cpp:800
258 [139955540858624] WARN perfrun.sdk <> - Failed to find xl binary on any of the system paths: /bin, /sbin, /usr/bin, /usr/sbin., at file: vcs/perfrun1/sdk/src/utils.cpp:205
260 [139955540858624] WARN perfrun.system <> - Only 50 usec accuracy achieved for reference point, at file: vcs/perfrun1/plugins/system/src/trace_writer.cpp:320
260 [139955540858624] WARN perfrun.system <> - Could not start ContainerMapping collector, at file: vcs/perfrun1/plugins/system/src/controller.cpp:450
270 [139955540858624] INFO perfrun.vdso <> - Helper runtool '/opt/intel/oneapi/vtune/2025.0/bin32/amplxe-runss -dump-vdso -r /home/student/APP/Proiect_Etapa2/Number-of-paths-of-size-K/Pthreads_MPI/16t_16p_large.pclp-vm --tmp-dir /tmp/amplxe-tmp-student' returned 1
545 [139955540858624] INFO perfrun.vdso <> - Helper runtool '/opt/intel/oneapi/vtune/2025.0/bin64/amplxe-runss -dump-vdso -r /home/student/APP/Proiect_Etapa2/Number-of-paths-of-size-K/Pthreads_MPI/16t_16p_large.pclp-vm --tmp-dir /tmp/amplxe-tmp-student' returned 0
545 [139955540858624] INFO perfrun.itt <> - start itt controller for pid #89454
546 [139955540858624] INFO perfrun.tpss <> - start tpss controller for pid #89454
598 [139955550373696] INFO perfrun.launcher <> - Launcher: all plugins were started
598 [139955550373696] INFO perfrun.launcher <> - DirectoryMonitor object was created
598 [139955550373696] INFO perfrun.launcher <> - DirectoryMonitor: a callback was added
599 [139955550373696] INFO perfrun.launcher <> - DirectoryMonitor was started with pingTime = 1000
599 [139955550373696] INFO perfrun.launcher <> - DeadlineTimer is going to be constructed
600 [139955550373696] INFO perfrun.launcher <> - DeadlineTimer: a callback was added
610 [139955550373696] INFO perfrun.launcher <> - Launcher: resume the profiled application and  wait its termination or stop command
136827 [139955550373696] INFO perfrun.launcher <> - Launcher: the profiled application was terminated  with exit code = 0
137025 [139955540858624] WARN perfrun.system <> - Only 51 usec accuracy achieved for reference point, at file: vcs/perfrun1/plugins/system/src/trace_writer.cpp:320
139138 [139955540858624] INFO perfrun.itt <> - detach itt controller
139138 [139955540858624] INFO perfrun.itt <> - detach itt controller done
139138 [139955540858624] INFO perfrun.tpss <> - stop tpss controller
139311 [139955540858624] INFO perfrun.sdk <> - De-allocating TMU: /home/student/APP/Proiect_Etapa2/Number-of-paths-of-size-K/Pthreads_MPI/16t_16p_large.pclp-vm/data.0/systemcollector-89449-pclp-vm.sc
139311 [139955540858624] INFO perfrun.system <> - closed the system trace file: /home/student/APP/Proiect_Etapa2/Number-of-paths-of-size-K/Pthreads_MPI/16t_16p_large.pclp-vm/data.0/systemcollector-89449-pclp-vm.sc
139330 [139955550373696] INFO perfrun.launcher <> - Launcher: all plugins were stopped.
139676 [139955550373696] INFO perfrun.launcher <> - DeadlineTimer is going to be destroyed
139677 [139955550373696] INFO perfrun.launcher <> - DeadlineTimer was destroyed
139677 [139955550373696] INFO perfrun.launcher <> - DirectoryMonitor object was destroyed
139678 [139955550373696] WARN perfrun.launcher <> - Stop command is ignored because it is received when collection is already stopped, at file: vcs/perfrun1/launcher/src/command_handler.cpp:226
139867 [139955550373696] INFO perfrun.launcher <> - Application exit code: 0
139867 [139955550373696] INFO perfrun.launcher <> - Exit code: 0
