53 [139970898347840] INFO perfrun.launcher <> - Launcher main begin
55 [139970898347840] INFO perfrun.launcher <> - MessageCatalogInit finished
55 [139970898347840] INFO perfrun.launcher <> - Launcher instance created
55 [139970898347840] INFO perfrun.launcher <> - argc = 7; cmdline = /opt/intel/oneapi/vtune/2025.0/bin64/amplxe-runss --ui-output-format xml --ui-output-fd 7 --option-file /home/student/APP/Proiect_Etapa2/Number-of-paths-of-size-K/mpi/r_large_hs_16.pclp-vm/config/runss.options.15 
611 [139970898347840] INFO perfrun.perfcollector <> - SEP tool path: /opt/intel/oneapi/vtune/2025.0/bin64/sep
804 [139970898347840] INFO perfrun.launcher <> - create msngr2::ICliToolContext
804 [139970898347840] INFO perfrun.launcher <> - create file finder object
805 [139970898347840] INFO perfrun.launcher <> - create a result directory: pattern = /home/student/APP/Proiect_Etapa2/Number-of-paths-of-size-K/mpi/r_large_hs_16.pclp-vm pid = 4294967295
807 [139970898347840] INFO perfrun.sdk <> - checked that the directory /home/student/APP/Proiect_Etapa2/Number-of-paths-of-size-K/mpi/r_large_hs_16.pclp-vm is a local directory
807 [139970898347840] INFO perfrun.sdk <> - the directory /home/student/APP/Proiect_Etapa2/Number-of-paths-of-size-K/mpi/r_large_hs_16.pclp-vm is a local directory with FS type ID 61267
807 [139970898347840] INFO perfrun.launcher <> - create data directory = /home/student/APP/Proiect_Etapa2/Number-of-paths-of-size-K/mpi/r_large_hs_16.pclp-vm/data.15
811 [139970898347840] INFO perfrun.launcher <> - Creating the master collection flag
811 [139970898347840] INFO perfrun.launcher <> - Done creating the master collection flag
812 [139970888832768] INFO perfrun.launcher <> - plugin [remoteplug] was disabled because it doesn't support the given collection type.
814 [139970888832768] INFO perfrun.sdk <> - Allocating TMU :/home/student/APP/Proiect_Etapa2/Number-of-paths-of-size-K/mpi/r_large_hs_16.pclp-vm/data.15/systemcollector-8127-pclp-vm.sc
815 [139970888832768] INFO perfrun.launcher <> - plugin [vdso] was disabled because it doesn't support the given collection type.
815 [139970888832768] INFO perfrun.launcher <> - plugin [ptracecollector] was disabled because it doesn't support the given collection type.
815 [139970888832768] INFO perfrun.launcher <> - plugin [gpu] was disabled because it doesn't support the given collection type.
815 [139970888832768] INFO perfrun.launcher <> - plugin [] was disabled because it doesn't support the given collection type.
815 [139970888832768] INFO perfrun.launcher <> - plugin [] was disabled because it doesn't support the given collection type.
815 [139970888832768] INFO perfrun.launcher <> - plugin [] was disabled because it doesn't support the given collection type.
815 [139970888832768] INFO perfrun.mrte <> - system-wide mode is 0
815 [139970888832768] INFO perfrun.mrte <> - Getting  mrte profiling environment ...
947 [139970888832768] INFO perfrun.mrte <> - INTEL_MRTE_DATA_DIR=/home/student/APP/Proiect_Etapa2/Number-of-paths-of-size-K/mpi/r_large_hs_16.pclp-vm/data.15
947 [139970888832768] INFO perfrun.mrte <> - INTEL_MRTE_HOST_NAME=pclp-vm
947 [139970888832768] INFO perfrun.mrte <> - JAVA_TOOL_OPTIONS=-agentlib:amplxe_samplingmrte_javaprof_1.0 -Dsun.boot.library.path=/opt/intel/oneapi/vtune/2025.0/lib32/runtime:/opt/intel/oneapi/vtune/2025.0/lib64/runtime
947 [139970888832768] INFO perfrun.mrte <> - LD_LIBRARY_PATH=/opt/intel/oneapi/vtune/2025.0/lib32/runtime:/opt/intel/oneapi/vtune/2025.0/lib64/runtime
947 [139970888832768] INFO perfrun.mrte <> - CORECLR_ENABLE_PROFILING=1
947 [139970888832768] INFO perfrun.mrte <> - CORECLR_PROFILER={AA5E4821-E3B1-479c-B7FF-5AD047D22CED}
947 [139970888832768] INFO perfrun.mrte <> - CORECLR_PROFILER_PATH=/opt/intel/oneapi/vtune/2025.0/lib64/libamplxe_samplingmrte_clrprof_1.0.so
947 [139970888832768] INFO perfrun.mrte <> - INTEL_MRTE_PROFILER_MODE=mixed
947 [139970888832768] INFO perfrun.mrte <> - Data directory: /home/student/APP/Proiect_Etapa2/Number-of-paths-of-size-K/mpi/r_large_hs_16.pclp-vm/data.15
947 [139970888832768] INFO perfrun.mrte <> - Mrte plugin is initialized
949 [139970888832768] INFO perfrun.launcher <> - plugin [emon] was disabled because it doesn't support the given collection type.
949 [139970888832768] INFO perfrun.launcher <> - plugin [cuscol] was disabled because it doesn't support the given collection type.
949 [139970888832768] INFO perfrun.launcher <> - plugin [stdsrc] was disabled because it doesn't support the given collection type.
949 [139970888832768] INFO perfrun.launcher <> - plugin [sep] was disabled because it doesn't support the given collection type.
949 [139970888832768] INFO perfrun.launcher <> - plugin [vtsspp] was disabled because it doesn't support the given collection type.
949 [139970888832768] INFO perfrun.launcher <> - plugin [perf] was disabled because it doesn't support the given collection type.
949 [139970888832768] INFO perfrun.launcher <> - plugin [aoclprofile] was disabled because it doesn't support the given collection type.
949 [139970888832768] INFO perfrun.tpss <> - initialize tpss controller
949 [139970888832768] INFO perfrun.tpss <> - configure collection mode: value = cpu:counters:nostack
949 [139970888832768] INFO perfrun.tpss <> - configure collection mode: value = cpu:stack
949 [139970888832768] INFO perfrun.tpss <> - default obj-size-min=1024
949 [139970888832768] INFO perfrun.tpss <> - default hash-table-size=0
949 [139970888832768] INFO perfrun.launcher <> - plugin [media] was disabled because it doesn't support the given collection type.
949 [139970888832768] INFO perfrun.launcher <> - plugin [] was disabled because it doesn't support the given collection type.
949 [139970888832768] INFO perfrun.launcher <> - plugin [] was disabled because it doesn't support the given collection type.
949 [139970888832768] INFO perfrun.launcher <> - plugin [parallelfs] was disabled because it doesn't support the given collection type.
949 [139970888832768] INFO perfrun.launcher <> - plugin [power] was disabled because it doesn't support the given collection type.
950 [139970888832768] INFO perfrun.launcher <> - plugin [] was disabled because it doesn't support the given collection type.
950 [139970888832768] INFO perfrun.launcher <> - plugin [ipmwatch] was disabled because it doesn't support the given collection type.
950 [139970888832768] INFO perfrun.launcher <> - plugin [os_counters] was disabled because it doesn't support the given collection type.
950 [139970888832768] INFO perfrun.launcher <> - plugin [l0_metrics] was disabled because it doesn't support the given collection type.
950 [139970898347840] INFO perfrun.launcher <> - set environment variable: LD_LIBRARY_PATH = /opt/intel/oneapi/vtune/2025.0/lib32/runtime:/opt/intel/oneapi/vtune/2025.0/lib64/runtime
950 [139970898347840] INFO perfrun.launcher <> - set environment variable: INTEL_LIBITTNOTIFY32 = /opt/intel/oneapi/vtune/2025.0/lib32/runtime/libittnotify_collector.so
950 [139970898347840] INFO perfrun.launcher <> - set environment variable: INTEL_LIBITTNOTIFY64 = /opt/intel/oneapi/vtune/2025.0/lib64/runtime/libittnotify_collector.so
950 [139970898347840] INFO perfrun.launcher <> - set environment variable: INTEL_ITTNOTIFY_GROUPS = 
950 [139970898347840] INFO perfrun.launcher <> - set environment variable: INTEL_JIT_PROFILER32 = /opt/intel/oneapi/vtune/2025.0/lib32/runtime/libittnotify_collector.so
950 [139970898347840] INFO perfrun.launcher <> - set environment variable: INTEL_JIT_PROFILER64 = /opt/intel/oneapi/vtune/2025.0/lib64/runtime/libittnotify_collector.so
950 [139970898347840] INFO perfrun.launcher <> - set environment variable: CCL_ITT_LEVEL = 1
950 [139970898347840] INFO perfrun.launcher <> - set environment variable: ENABLE_JITPROFILING = 1
950 [139970898347840] INFO perfrun.launcher <> - set environment variable: CL_CONFIG_USE_VTUNE = True
950 [139970898347840] INFO perfrun.launcher <> - set environment variable: LD_PRELOAD = libittnotify_collector.so:
950 [139970898347840] INFO perfrun.launcher <> - set environment variable: KMP_FORKJOIN_FRAMES = 0
951 [139970898347840] INFO perfrun.launcher <> - set environment variable: KMP_FORKJOIN_FRAMES_MODE = 0
951 [139970898347840] INFO perfrun.launcher <> - set environment variable: INTEL_MRTE_DATA_DIR = /home/student/APP/Proiect_Etapa2/Number-of-paths-of-size-K/mpi/r_large_hs_16.pclp-vm/data.15
951 [139970898347840] INFO perfrun.launcher <> - set environment variable: INTEL_MRTE_HOST_NAME = pclp-vm
951 [139970898347840] INFO perfrun.launcher <> - set environment variable: JAVA_TOOL_OPTIONS = -agentlib:amplxe_samplingmrte_javaprof_1.0 -Dsun.boot.library.path=/opt/intel/oneapi/vtune/2025.0/lib32/runtime:/opt/intel/oneapi/vtune/2025.0/lib64/runtime
951 [139970898347840] INFO perfrun.launcher <> - set environment variable: LD_LIBRARY_PATH = /opt/intel/oneapi/vtune/2025.0/lib32/runtime:/opt/intel/oneapi/vtune/2025.0/lib64/runtime
951 [139970898347840] INFO perfrun.launcher <> - set environment variable: CORECLR_ENABLE_PROFILING = 1
951 [139970898347840] INFO perfrun.launcher <> - set environment variable: CORECLR_PROFILER = {AA5E4821-E3B1-479c-B7FF-5AD047D22CED}
951 [139970898347840] INFO perfrun.launcher <> - set environment variable: CORECLR_PROFILER_PATH = /opt/intel/oneapi/vtune/2025.0/lib64/libamplxe_samplingmrte_clrprof_1.0.so
951 [139970898347840] INFO perfrun.launcher <> - set environment variable: INTEL_MRTE_PROFILER_MODE = mixed
951 [139970898347840] INFO perfrun.launcher <> - RpcServer: run RPC server to handle requests
952 [139970898347840] INFO perfrun.launcher <> - Launcher: command line to start before modification = ./matrix ../in/large.txt 1000000 1 2
953 [139970898347840] INFO perfrun.launcher <> - Launcher: command line to start after modification = /opt/intel/oneapi/vtune/2025.0/bin64/pin -error_file /home/student/APP/Proiect_Etapa2/Number-of-paths-of-size-K/mpi/r_large_hs_16.pclp-vm/data.15/pinerr.tpsslog -detach_reattach -follow_execv -tool_load_option deepbind -t64 /opt/intel/oneapi/vtune/2025.0/lib64/libtpsstool.so -t /opt/intel/oneapi/vtune/2025.0/lib32/libtpsstool.so -server_name tpss_ipc.8127 -prd_dir /opt/intel/oneapi/vtune/2025.0 -- ./matrix ../in/large.txt 1000000 1 2
953 [139970898347840] INFO perfrun.launcher <> - ProcessCreator object was created
957 [139970898347840] INFO perfrun.launcher <> - Launcher: the process was started in suspend mode
962 [139970888832768] WARN perfrun.system <> - Could not do anything with /sys/kernel/debug/kvm: boost::filesystem::status: Permission denied [system:13]: "/sys/kernel/debug/kvm", at file: vcs/perfrun1/plugins/system/src/trace_writer.cpp:787
963 [139970888832768] WARN perfrun.system <> - Folder "/var/run/libvirt/qemu/"doesn't exist, at file: vcs/perfrun1/plugins/system/src/trace_writer.cpp:800
963 [139970888832768] WARN perfrun.system <> - Only 2 usec accuracy achieved for reference point, at file: vcs/perfrun1/plugins/system/src/trace_writer.cpp:320
963 [139970888832768] INFO perfrun.itt <> - start itt controller for pid #8153
1059 [139970888832768] INFO perfrun.tpss <> - start tpss controller for pid #8153
1143 [139970898347840] INFO perfrun.launcher <> - Launcher: all plugins were started
1144 [139970898347840] INFO perfrun.launcher <> - DirectoryMonitor object was created
1144 [139970898347840] INFO perfrun.launcher <> - DirectoryMonitor: a callback was added
1145 [139970898347840] INFO perfrun.launcher <> - DirectoryMonitor was started with pingTime = 1000
1145 [139970898347840] INFO perfrun.launcher <> - DeadlineTimer is going to be constructed
1146 [139970898347840] INFO perfrun.launcher <> - DeadlineTimer: a callback was added
1148 [139970898347840] INFO perfrun.launcher <> - Launcher: resume the profiled application and  wait its termination or stop command
18767 [139970898347840] INFO perfrun.launcher <> - Launcher: the profiled application was terminated  with exit code = 0
18768 [139970888832768] WARN perfrun.system <> - Only 2 usec accuracy achieved for reference point, at file: vcs/perfrun1/plugins/system/src/trace_writer.cpp:320
18937 [139970888832768] INFO perfrun.itt <> - detach itt controller
18937 [139970888832768] INFO perfrun.itt <> - detach itt controller done
18937 [139970888832768] INFO perfrun.tpss <> - stop tpss controller
18967 [139970888832768] INFO perfrun.sdk <> - De-allocating TMU: /home/student/APP/Proiect_Etapa2/Number-of-paths-of-size-K/mpi/r_large_hs_16.pclp-vm/data.15/systemcollector-8127-pclp-vm.sc
18967 [139970888832768] INFO perfrun.system <> - closed the system trace file: /home/student/APP/Proiect_Etapa2/Number-of-paths-of-size-K/mpi/r_large_hs_16.pclp-vm/data.15/systemcollector-8127-pclp-vm.sc
18971 [139970898347840] INFO perfrun.launcher <> - Launcher: all plugins were stopped.
18971 [139970898347840] INFO perfrun.launcher <> - DeadlineTimer is going to be destroyed
18971 [139970898347840] INFO perfrun.launcher <> - DeadlineTimer was destroyed
18971 [139970898347840] INFO perfrun.launcher <> - DirectoryMonitor object was destroyed
18982 [139970898347840] WARN perfrun.launcher <> - Stop command is ignored because it is received when collection is already stopped, at file: vcs/perfrun1/launcher/src/command_handler.cpp:226
18982 [139970898347840] INFO perfrun.launcher <> - Application exit code: 0
18982 [139970898347840] INFO perfrun.launcher <> - Exit code: 0
