18 [140061320468288] INFO perfrun.launcher <> - Launcher main begin
22 [140061320468288] INFO perfrun.launcher <> - MessageCatalogInit finished
22 [140061320468288] INFO perfrun.launcher <> - Launcher instance created
22 [140061320468288] INFO perfrun.launcher <> - argc = 7; cmdline = /opt/intel/oneapi/vtune/2025.0/bin64/amplxe-runss --ui-output-format xml --ui-output-fd 7 --option-file /home/student/APP/Proiect_Etapa2/Number-of-paths-of-size-K/mpi/r_large_hs_16.pclp-vm/config/runss.options.13 
681 [140061320468288] INFO perfrun.perfcollector <> - SEP tool path: /opt/intel/oneapi/vtune/2025.0/bin64/sep
770 [140061320468288] INFO perfrun.launcher <> - create msngr2::ICliToolContext
771 [140061320468288] INFO perfrun.launcher <> - create file finder object
771 [140061320468288] INFO perfrun.launcher <> - create a result directory: pattern = /home/student/APP/Proiect_Etapa2/Number-of-paths-of-size-K/mpi/r_large_hs_16.pclp-vm pid = 4294967295
773 [140061320468288] INFO perfrun.sdk <> - checked that the directory /home/student/APP/Proiect_Etapa2/Number-of-paths-of-size-K/mpi/r_large_hs_16.pclp-vm is a local directory
773 [140061320468288] INFO perfrun.sdk <> - the directory /home/student/APP/Proiect_Etapa2/Number-of-paths-of-size-K/mpi/r_large_hs_16.pclp-vm is a local directory with FS type ID 61267
775 [140061320468288] INFO perfrun.launcher <> - create data directory = /home/student/APP/Proiect_Etapa2/Number-of-paths-of-size-K/mpi/r_large_hs_16.pclp-vm/data.14
776 [140061320468288] INFO perfrun.launcher <> - Creating the master collection flag
776 [140061320468288] INFO perfrun.launcher <> - Done creating the master collection flag
785 [140061310953216] INFO perfrun.launcher <> - plugin [remoteplug] was disabled because it doesn't support the given collection type.
795 [140061310953216] INFO perfrun.sdk <> - Allocating TMU :/home/student/APP/Proiect_Etapa2/Number-of-paths-of-size-K/mpi/r_large_hs_16.pclp-vm/data.14/systemcollector-8122-pclp-vm.sc
795 [140061310953216] INFO perfrun.launcher <> - plugin [vdso] was disabled because it doesn't support the given collection type.
795 [140061310953216] INFO perfrun.launcher <> - plugin [ptracecollector] was disabled because it doesn't support the given collection type.
795 [140061310953216] INFO perfrun.launcher <> - plugin [gpu] was disabled because it doesn't support the given collection type.
795 [140061310953216] INFO perfrun.launcher <> - plugin [] was disabled because it doesn't support the given collection type.
795 [140061310953216] INFO perfrun.launcher <> - plugin [] was disabled because it doesn't support the given collection type.
795 [140061310953216] INFO perfrun.launcher <> - plugin [] was disabled because it doesn't support the given collection type.
795 [140061310953216] INFO perfrun.mrte <> - system-wide mode is 0
795 [140061310953216] INFO perfrun.mrte <> - Getting  mrte profiling environment ...
826 [140061310953216] INFO perfrun.mrte <> - INTEL_MRTE_DATA_DIR=/home/student/APP/Proiect_Etapa2/Number-of-paths-of-size-K/mpi/r_large_hs_16.pclp-vm/data.14
826 [140061310953216] INFO perfrun.mrte <> - INTEL_MRTE_HOST_NAME=pclp-vm
826 [140061310953216] INFO perfrun.mrte <> - JAVA_TOOL_OPTIONS=-agentlib:amplxe_samplingmrte_javaprof_1.0 -Dsun.boot.library.path=/opt/intel/oneapi/vtune/2025.0/lib32/runtime:/opt/intel/oneapi/vtune/2025.0/lib64/runtime
826 [140061310953216] INFO perfrun.mrte <> - LD_LIBRARY_PATH=/opt/intel/oneapi/vtune/2025.0/lib32/runtime:/opt/intel/oneapi/vtune/2025.0/lib64/runtime
826 [140061310953216] INFO perfrun.mrte <> - CORECLR_ENABLE_PROFILING=1
826 [140061310953216] INFO perfrun.mrte <> - CORECLR_PROFILER={AA5E4821-E3B1-479c-B7FF-5AD047D22CED}
826 [140061310953216] INFO perfrun.mrte <> - CORECLR_PROFILER_PATH=/opt/intel/oneapi/vtune/2025.0/lib64/libamplxe_samplingmrte_clrprof_1.0.so
826 [140061310953216] INFO perfrun.mrte <> - INTEL_MRTE_PROFILER_MODE=mixed
826 [140061310953216] INFO perfrun.mrte <> - Data directory: /home/student/APP/Proiect_Etapa2/Number-of-paths-of-size-K/mpi/r_large_hs_16.pclp-vm/data.14
826 [140061310953216] INFO perfrun.mrte <> - Mrte plugin is initialized
827 [140061310953216] INFO perfrun.launcher <> - plugin [emon] was disabled because it doesn't support the given collection type.
827 [140061310953216] INFO perfrun.launcher <> - plugin [cuscol] was disabled because it doesn't support the given collection type.
827 [140061310953216] INFO perfrun.launcher <> - plugin [stdsrc] was disabled because it doesn't support the given collection type.
827 [140061310953216] INFO perfrun.launcher <> - plugin [sep] was disabled because it doesn't support the given collection type.
827 [140061310953216] INFO perfrun.launcher <> - plugin [vtsspp] was disabled because it doesn't support the given collection type.
827 [140061310953216] INFO perfrun.launcher <> - plugin [perf] was disabled because it doesn't support the given collection type.
827 [140061310953216] INFO perfrun.launcher <> - plugin [aoclprofile] was disabled because it doesn't support the given collection type.
827 [140061310953216] INFO perfrun.tpss <> - initialize tpss controller
827 [140061310953216] INFO perfrun.tpss <> - configure collection mode: value = cpu:counters:nostack
827 [140061310953216] INFO perfrun.tpss <> - configure collection mode: value = cpu:stack
827 [140061310953216] INFO perfrun.tpss <> - default obj-size-min=1024
827 [140061310953216] INFO perfrun.tpss <> - default hash-table-size=0
827 [140061310953216] INFO perfrun.launcher <> - plugin [media] was disabled because it doesn't support the given collection type.
827 [140061310953216] INFO perfrun.launcher <> - plugin [] was disabled because it doesn't support the given collection type.
827 [140061310953216] INFO perfrun.launcher <> - plugin [] was disabled because it doesn't support the given collection type.
827 [140061310953216] INFO perfrun.launcher <> - plugin [parallelfs] was disabled because it doesn't support the given collection type.
827 [140061310953216] INFO perfrun.launcher <> - plugin [power] was disabled because it doesn't support the given collection type.
827 [140061310953216] INFO perfrun.launcher <> - plugin [] was disabled because it doesn't support the given collection type.
827 [140061310953216] INFO perfrun.launcher <> - plugin [ipmwatch] was disabled because it doesn't support the given collection type.
827 [140061310953216] INFO perfrun.launcher <> - plugin [os_counters] was disabled because it doesn't support the given collection type.
827 [140061310953216] INFO perfrun.launcher <> - plugin [l0_metrics] was disabled because it doesn't support the given collection type.
865 [140061320468288] INFO perfrun.launcher <> - set environment variable: LD_LIBRARY_PATH = /opt/intel/oneapi/vtune/2025.0/lib32/runtime:/opt/intel/oneapi/vtune/2025.0/lib64/runtime
866 [140061320468288] INFO perfrun.launcher <> - set environment variable: INTEL_LIBITTNOTIFY32 = /opt/intel/oneapi/vtune/2025.0/lib32/runtime/libittnotify_collector.so
867 [140061320468288] INFO perfrun.launcher <> - set environment variable: INTEL_LIBITTNOTIFY64 = /opt/intel/oneapi/vtune/2025.0/lib64/runtime/libittnotify_collector.so
913 [140061320468288] INFO perfrun.launcher <> - set environment variable: INTEL_ITTNOTIFY_GROUPS = 
914 [140061320468288] INFO perfrun.launcher <> - set environment variable: INTEL_JIT_PROFILER32 = /opt/intel/oneapi/vtune/2025.0/lib32/runtime/libittnotify_collector.so
914 [140061320468288] INFO perfrun.launcher <> - set environment variable: INTEL_JIT_PROFILER64 = /opt/intel/oneapi/vtune/2025.0/lib64/runtime/libittnotify_collector.so
914 [140061320468288] INFO perfrun.launcher <> - set environment variable: CCL_ITT_LEVEL = 1
915 [140061320468288] INFO perfrun.launcher <> - set environment variable: ENABLE_JITPROFILING = 1
915 [140061320468288] INFO perfrun.launcher <> - set environment variable: CL_CONFIG_USE_VTUNE = True
915 [140061320468288] INFO perfrun.launcher <> - set environment variable: LD_PRELOAD = libittnotify_collector.so:
915 [140061320468288] INFO perfrun.launcher <> - set environment variable: KMP_FORKJOIN_FRAMES = 0
915 [140061320468288] INFO perfrun.launcher <> - set environment variable: KMP_FORKJOIN_FRAMES_MODE = 0
916 [140061320468288] INFO perfrun.launcher <> - set environment variable: INTEL_MRTE_DATA_DIR = /home/student/APP/Proiect_Etapa2/Number-of-paths-of-size-K/mpi/r_large_hs_16.pclp-vm/data.14
917 [140061320468288] INFO perfrun.launcher <> - set environment variable: INTEL_MRTE_HOST_NAME = pclp-vm
917 [140061320468288] INFO perfrun.launcher <> - set environment variable: JAVA_TOOL_OPTIONS = -agentlib:amplxe_samplingmrte_javaprof_1.0 -Dsun.boot.library.path=/opt/intel/oneapi/vtune/2025.0/lib32/runtime:/opt/intel/oneapi/vtune/2025.0/lib64/runtime
918 [140061320468288] INFO perfrun.launcher <> - set environment variable: LD_LIBRARY_PATH = /opt/intel/oneapi/vtune/2025.0/lib32/runtime:/opt/intel/oneapi/vtune/2025.0/lib64/runtime
918 [140061320468288] INFO perfrun.launcher <> - set environment variable: CORECLR_ENABLE_PROFILING = 1
918 [140061320468288] INFO perfrun.launcher <> - set environment variable: CORECLR_PROFILER = {AA5E4821-E3B1-479c-B7FF-5AD047D22CED}
919 [140061320468288] INFO perfrun.launcher <> - set environment variable: CORECLR_PROFILER_PATH = /opt/intel/oneapi/vtune/2025.0/lib64/libamplxe_samplingmrte_clrprof_1.0.so
919 [140061320468288] INFO perfrun.launcher <> - set environment variable: INTEL_MRTE_PROFILER_MODE = mixed
920 [140061320468288] INFO perfrun.launcher <> - RpcServer: run RPC server to handle requests
921 [140061320468288] INFO perfrun.launcher <> - Launcher: command line to start before modification = ./matrix ../in/large.txt 1000000 1 2
921 [140061320468288] INFO perfrun.launcher <> - Launcher: command line to start after modification = /opt/intel/oneapi/vtune/2025.0/bin64/pin -error_file /home/student/APP/Proiect_Etapa2/Number-of-paths-of-size-K/mpi/r_large_hs_16.pclp-vm/data.14/pinerr.tpsslog -detach_reattach -follow_execv -tool_load_option deepbind -t64 /opt/intel/oneapi/vtune/2025.0/lib64/libtpsstool.so -t /opt/intel/oneapi/vtune/2025.0/lib32/libtpsstool.so -server_name tpss_ipc.8122 -prd_dir /opt/intel/oneapi/vtune/2025.0 -- ./matrix ../in/large.txt 1000000 1 2
921 [140061320468288] INFO perfrun.launcher <> - ProcessCreator object was created
923 [140061320468288] INFO perfrun.launcher <> - Launcher: the process was started in suspend mode
927 [140061310953216] WARN perfrun.system <> - Could not do anything with /sys/kernel/debug/kvm: boost::filesystem::status: Permission denied [system:13]: "/sys/kernel/debug/kvm", at file: vcs/perfrun1/plugins/system/src/trace_writer.cpp:787
927 [140061310953216] WARN perfrun.system <> - Folder "/var/run/libvirt/qemu/"doesn't exist, at file: vcs/perfrun1/plugins/system/src/trace_writer.cpp:800
927 [140061310953216] INFO perfrun.itt <> - start itt controller for pid #8145
989 [140061310953216] INFO perfrun.tpss <> - start tpss controller for pid #8145
1041 [140061320468288] INFO perfrun.launcher <> - Launcher: all plugins were started
1041 [140061320468288] INFO perfrun.launcher <> - DirectoryMonitor object was created
1041 [140061320468288] INFO perfrun.launcher <> - DirectoryMonitor: a callback was added
1041 [140061320468288] INFO perfrun.launcher <> - DirectoryMonitor was started with pingTime = 1000
1041 [140061320468288] INFO perfrun.launcher <> - DeadlineTimer is going to be constructed
1042 [140061320468288] INFO perfrun.launcher <> - DeadlineTimer: a callback was added
1060 [140061320468288] INFO perfrun.launcher <> - Launcher: resume the profiled application and  wait its termination or stop command
18912 [140061320468288] INFO perfrun.launcher <> - Launcher: the profiled application was terminated  with exit code = 0
18912 [140061310953216] WARN perfrun.system <> - Only 2 usec accuracy achieved for reference point, at file: vcs/perfrun1/plugins/system/src/trace_writer.cpp:320
19078 [140061310953216] INFO perfrun.itt <> - detach itt controller
19078 [140061310953216] INFO perfrun.itt <> - detach itt controller done
19078 [140061310953216] INFO perfrun.tpss <> - stop tpss controller
19079 [140061310953216] INFO perfrun.sdk <> - De-allocating TMU: /home/student/APP/Proiect_Etapa2/Number-of-paths-of-size-K/mpi/r_large_hs_16.pclp-vm/data.14/systemcollector-8122-pclp-vm.sc
19079 [140061310953216] INFO perfrun.system <> - closed the system trace file: /home/student/APP/Proiect_Etapa2/Number-of-paths-of-size-K/mpi/r_large_hs_16.pclp-vm/data.14/systemcollector-8122-pclp-vm.sc
19079 [140061320468288] INFO perfrun.launcher <> - Launcher: all plugins were stopped.
19079 [140061320468288] INFO perfrun.launcher <> - DeadlineTimer is going to be destroyed
19079 [140061320468288] INFO perfrun.launcher <> - DeadlineTimer was destroyed
19079 [140061320468288] INFO perfrun.launcher <> - DirectoryMonitor object was destroyed
19079 [140061320468288] WARN perfrun.launcher <> - Stop command is ignored because it is received when collection is already stopped, at file: vcs/perfrun1/launcher/src/command_handler.cpp:226
19080 [140061320468288] INFO perfrun.launcher <> - Application exit code: 0
19080 [140061320468288] INFO perfrun.launcher <> - Exit code: 0
