2 [140629973112640] INFO perfrun.launcher <> - Launcher main begin
8 [140629973112640] INFO perfrun.launcher <> - MessageCatalogInit finished
8 [140629973112640] INFO perfrun.launcher <> - Launcher instance created
8 [140629973112640] INFO perfrun.launcher <> - argc = 7; cmdline = /opt/intel/oneapi/vtune/2025.0/bin64/amplxe-runss --ui-output-format xml --ui-output-fd 5 --option-file /home/student/APP/Proiect_Etapa2/Number-of-paths-of-size-K/mpi/r_large_hs_16.pclp-vm/config/runss.options.4 
230 [140629973112640] INFO perfrun.perfcollector <> - SEP tool path: /opt/intel/oneapi/vtune/2025.0/bin64/sep
271 [140629973112640] INFO perfrun.launcher <> - create msngr2::ICliToolContext
272 [140629973112640] INFO perfrun.launcher <> - create file finder object
272 [140629973112640] INFO perfrun.launcher <> - create a result directory: pattern = /home/student/APP/Proiect_Etapa2/Number-of-paths-of-size-K/mpi/r_large_hs_16.pclp-vm pid = 4294967295
273 [140629973112640] INFO perfrun.sdk <> - checked that the directory /home/student/APP/Proiect_Etapa2/Number-of-paths-of-size-K/mpi/r_large_hs_16.pclp-vm is a local directory
273 [140629973112640] INFO perfrun.sdk <> - the directory /home/student/APP/Proiect_Etapa2/Number-of-paths-of-size-K/mpi/r_large_hs_16.pclp-vm is a local directory with FS type ID 61267
273 [140629973112640] INFO perfrun.launcher <> - create data directory = /home/student/APP/Proiect_Etapa2/Number-of-paths-of-size-K/mpi/r_large_hs_16.pclp-vm/data.4
273 [140629973112640] INFO perfrun.launcher <> - Creating the master collection flag
273 [140629973112640] INFO perfrun.launcher <> - Done creating the master collection flag
274 [140629963597568] INFO perfrun.launcher <> - plugin [remoteplug] was disabled because it doesn't support the given collection type.
276 [140629963597568] INFO perfrun.sdk <> - Allocating TMU :/home/student/APP/Proiect_Etapa2/Number-of-paths-of-size-K/mpi/r_large_hs_16.pclp-vm/data.4/systemcollector-7807-pclp-vm.sc
277 [140629963597568] INFO perfrun.launcher <> - plugin [vdso] was disabled because it doesn't support the given collection type.
277 [140629963597568] INFO perfrun.launcher <> - plugin [ptracecollector] was disabled because it doesn't support the given collection type.
277 [140629963597568] INFO perfrun.launcher <> - plugin [gpu] was disabled because it doesn't support the given collection type.
277 [140629963597568] INFO perfrun.launcher <> - plugin [] was disabled because it doesn't support the given collection type.
277 [140629963597568] INFO perfrun.launcher <> - plugin [] was disabled because it doesn't support the given collection type.
277 [140629963597568] INFO perfrun.launcher <> - plugin [] was disabled because it doesn't support the given collection type.
277 [140629963597568] INFO perfrun.mrte <> - system-wide mode is 0
278 [140629963597568] INFO perfrun.mrte <> - Getting  mrte profiling environment ...
323 [140629963597568] INFO perfrun.mrte <> - INTEL_MRTE_DATA_DIR=/home/student/APP/Proiect_Etapa2/Number-of-paths-of-size-K/mpi/r_large_hs_16.pclp-vm/data.4
323 [140629963597568] INFO perfrun.mrte <> - INTEL_MRTE_HOST_NAME=pclp-vm
323 [140629963597568] INFO perfrun.mrte <> - JAVA_TOOL_OPTIONS=-agentlib:amplxe_samplingmrte_javaprof_1.0 -Dsun.boot.library.path=/opt/intel/oneapi/vtune/2025.0/lib32/runtime:/opt/intel/oneapi/vtune/2025.0/lib64/runtime
323 [140629963597568] INFO perfrun.mrte <> - LD_LIBRARY_PATH=/opt/intel/oneapi/vtune/2025.0/lib32/runtime:/opt/intel/oneapi/vtune/2025.0/lib64/runtime
323 [140629963597568] INFO perfrun.mrte <> - CORECLR_ENABLE_PROFILING=1
323 [140629963597568] INFO perfrun.mrte <> - CORECLR_PROFILER={AA5E4821-E3B1-479c-B7FF-5AD047D22CED}
323 [140629963597568] INFO perfrun.mrte <> - CORECLR_PROFILER_PATH=/opt/intel/oneapi/vtune/2025.0/lib64/libamplxe_samplingmrte_clrprof_1.0.so
323 [140629963597568] INFO perfrun.mrte <> - INTEL_MRTE_PROFILER_MODE=mixed
323 [140629963597568] INFO perfrun.mrte <> - Data directory: /home/student/APP/Proiect_Etapa2/Number-of-paths-of-size-K/mpi/r_large_hs_16.pclp-vm/data.4
323 [140629963597568] INFO perfrun.mrte <> - Mrte plugin is initialized
323 [140629963597568] INFO perfrun.launcher <> - plugin [emon] was disabled because it doesn't support the given collection type.
323 [140629963597568] INFO perfrun.launcher <> - plugin [cuscol] was disabled because it doesn't support the given collection type.
323 [140629963597568] INFO perfrun.launcher <> - plugin [stdsrc] was disabled because it doesn't support the given collection type.
323 [140629963597568] INFO perfrun.launcher <> - plugin [sep] was disabled because it doesn't support the given collection type.
323 [140629963597568] INFO perfrun.launcher <> - plugin [vtsspp] was disabled because it doesn't support the given collection type.
323 [140629963597568] INFO perfrun.launcher <> - plugin [perf] was disabled because it doesn't support the given collection type.
323 [140629963597568] INFO perfrun.launcher <> - plugin [aoclprofile] was disabled because it doesn't support the given collection type.
323 [140629963597568] INFO perfrun.tpss <> - initialize tpss controller
323 [140629963597568] INFO perfrun.tpss <> - configure collection mode: value = cpu:counters:nostack
323 [140629963597568] INFO perfrun.tpss <> - configure collection mode: value = cpu:stack
323 [140629963597568] INFO perfrun.tpss <> - default obj-size-min=1024
323 [140629963597568] INFO perfrun.tpss <> - default hash-table-size=0
323 [140629963597568] INFO perfrun.launcher <> - plugin [media] was disabled because it doesn't support the given collection type.
323 [140629963597568] INFO perfrun.launcher <> - plugin [] was disabled because it doesn't support the given collection type.
323 [140629963597568] INFO perfrun.launcher <> - plugin [] was disabled because it doesn't support the given collection type.
323 [140629963597568] INFO perfrun.launcher <> - plugin [parallelfs] was disabled because it doesn't support the given collection type.
323 [140629963597568] INFO perfrun.launcher <> - plugin [power] was disabled because it doesn't support the given collection type.
324 [140629963597568] INFO perfrun.launcher <> - plugin [] was disabled because it doesn't support the given collection type.
324 [140629963597568] INFO perfrun.launcher <> - plugin [ipmwatch] was disabled because it doesn't support the given collection type.
324 [140629963597568] INFO perfrun.launcher <> - plugin [os_counters] was disabled because it doesn't support the given collection type.
324 [140629963597568] INFO perfrun.launcher <> - plugin [l0_metrics] was disabled because it doesn't support the given collection type.
335 [140629973112640] INFO perfrun.launcher <> - set environment variable: LD_LIBRARY_PATH = /opt/intel/oneapi/vtune/2025.0/lib32/runtime:/opt/intel/oneapi/vtune/2025.0/lib64/runtime
336 [140629973112640] INFO perfrun.launcher <> - set environment variable: INTEL_LIBITTNOTIFY32 = /opt/intel/oneapi/vtune/2025.0/lib32/runtime/libittnotify_collector.so
349 [140629973112640] INFO perfrun.launcher <> - set environment variable: INTEL_LIBITTNOTIFY64 = /opt/intel/oneapi/vtune/2025.0/lib64/runtime/libittnotify_collector.so
352 [140629973112640] INFO perfrun.launcher <> - set environment variable: INTEL_ITTNOTIFY_GROUPS = 
352 [140629973112640] INFO perfrun.launcher <> - set environment variable: INTEL_JIT_PROFILER32 = /opt/intel/oneapi/vtune/2025.0/lib32/runtime/libittnotify_collector.so
352 [140629973112640] INFO perfrun.launcher <> - set environment variable: INTEL_JIT_PROFILER64 = /opt/intel/oneapi/vtune/2025.0/lib64/runtime/libittnotify_collector.so
354 [140629973112640] INFO perfrun.launcher <> - set environment variable: CCL_ITT_LEVEL = 1
354 [140629973112640] INFO perfrun.launcher <> - set environment variable: ENABLE_JITPROFILING = 1
355 [140629973112640] INFO perfrun.launcher <> - set environment variable: CL_CONFIG_USE_VTUNE = True
355 [140629973112640] INFO perfrun.launcher <> - set environment variable: LD_PRELOAD = libittnotify_collector.so:
355 [140629973112640] INFO perfrun.launcher <> - set environment variable: KMP_FORKJOIN_FRAMES = 0
356 [140629973112640] INFO perfrun.launcher <> - set environment variable: KMP_FORKJOIN_FRAMES_MODE = 0
356 [140629973112640] INFO perfrun.launcher <> - set environment variable: INTEL_MRTE_DATA_DIR = /home/student/APP/Proiect_Etapa2/Number-of-paths-of-size-K/mpi/r_large_hs_16.pclp-vm/data.4
356 [140629973112640] INFO perfrun.launcher <> - set environment variable: INTEL_MRTE_HOST_NAME = pclp-vm
356 [140629973112640] INFO perfrun.launcher <> - set environment variable: JAVA_TOOL_OPTIONS = -agentlib:amplxe_samplingmrte_javaprof_1.0 -Dsun.boot.library.path=/opt/intel/oneapi/vtune/2025.0/lib32/runtime:/opt/intel/oneapi/vtune/2025.0/lib64/runtime
356 [140629973112640] INFO perfrun.launcher <> - set environment variable: LD_LIBRARY_PATH = /opt/intel/oneapi/vtune/2025.0/lib32/runtime:/opt/intel/oneapi/vtune/2025.0/lib64/runtime
356 [140629973112640] INFO perfrun.launcher <> - set environment variable: CORECLR_ENABLE_PROFILING = 1
356 [140629973112640] INFO perfrun.launcher <> - set environment variable: CORECLR_PROFILER = {AA5E4821-E3B1-479c-B7FF-5AD047D22CED}
356 [140629973112640] INFO perfrun.launcher <> - set environment variable: CORECLR_PROFILER_PATH = /opt/intel/oneapi/vtune/2025.0/lib64/libamplxe_samplingmrte_clrprof_1.0.so
356 [140629973112640] INFO perfrun.launcher <> - set environment variable: INTEL_MRTE_PROFILER_MODE = mixed
356 [140629973112640] INFO perfrun.launcher <> - RpcServer: run RPC server to handle requests
357 [140629973112640] INFO perfrun.launcher <> - Launcher: command line to start before modification = ./matrix ../in/large.txt 1000000 1 2
357 [140629973112640] INFO perfrun.launcher <> - Launcher: command line to start after modification = /opt/intel/oneapi/vtune/2025.0/bin64/pin -error_file /home/student/APP/Proiect_Etapa2/Number-of-paths-of-size-K/mpi/r_large_hs_16.pclp-vm/data.4/pinerr.tpsslog -detach_reattach -follow_execv -tool_load_option deepbind -t64 /opt/intel/oneapi/vtune/2025.0/lib64/libtpsstool.so -t /opt/intel/oneapi/vtune/2025.0/lib32/libtpsstool.so -server_name tpss_ipc.7807 -prd_dir /opt/intel/oneapi/vtune/2025.0 -- ./matrix ../in/large.txt 1000000 1 2
558 [140629973112640] INFO perfrun.launcher <> - ProcessCreator object was created
564 [140629973112640] INFO perfrun.launcher <> - Launcher: the process was started in suspend mode
566 [140629963597568] WARN perfrun.system <> - Could not do anything with /sys/kernel/debug/kvm: boost::filesystem::status: Permission denied [system:13]: "/sys/kernel/debug/kvm", at file: vcs/perfrun1/plugins/system/src/trace_writer.cpp:787
566 [140629963597568] WARN perfrun.system <> - Folder "/var/run/libvirt/qemu/"doesn't exist, at file: vcs/perfrun1/plugins/system/src/trace_writer.cpp:800
566 [140629963597568] INFO perfrun.itt <> - start itt controller for pid #7925
570 [140629963597568] INFO perfrun.tpss <> - start tpss controller for pid #7925
621 [140629973112640] INFO perfrun.launcher <> - Launcher: all plugins were started
622 [140629973112640] INFO perfrun.launcher <> - DirectoryMonitor object was created
622 [140629973112640] INFO perfrun.launcher <> - DirectoryMonitor: a callback was added
622 [140629973112640] INFO perfrun.launcher <> - DirectoryMonitor was started with pingTime = 1000
622 [140629973112640] INFO perfrun.launcher <> - DeadlineTimer is going to be constructed
622 [140629973112640] INFO perfrun.launcher <> - DeadlineTimer: a callback was added
623 [140629973112640] INFO perfrun.launcher <> - Launcher: resume the profiled application and  wait its termination or stop command
21019 [140629973112640] INFO perfrun.launcher <> - Launcher: the profiled application was terminated  with exit code = 0
21020 [140629963597568] WARN perfrun.system <> - Only 2 usec accuracy achieved for reference point, at file: vcs/perfrun1/plugins/system/src/trace_writer.cpp:320
21108 [140629963597568] INFO perfrun.itt <> - detach itt controller
21108 [140629963597568] INFO perfrun.itt <> - detach itt controller done
21109 [140629963597568] INFO perfrun.tpss <> - stop tpss controller
21111 [140629963597568] INFO perfrun.sdk <> - De-allocating TMU: /home/student/APP/Proiect_Etapa2/Number-of-paths-of-size-K/mpi/r_large_hs_16.pclp-vm/data.4/systemcollector-7807-pclp-vm.sc
21111 [140629963597568] INFO perfrun.system <> - closed the system trace file: /home/student/APP/Proiect_Etapa2/Number-of-paths-of-size-K/mpi/r_large_hs_16.pclp-vm/data.4/systemcollector-7807-pclp-vm.sc
21112 [140629973112640] INFO perfrun.launcher <> - Launcher: all plugins were stopped.
21112 [140629973112640] INFO perfrun.launcher <> - DeadlineTimer is going to be destroyed
21112 [140629973112640] INFO perfrun.launcher <> - DeadlineTimer was destroyed
21112 [140629973112640] INFO perfrun.launcher <> - DirectoryMonitor object was destroyed
21113 [140629973112640] WARN perfrun.launcher <> - Stop command is ignored because it is received when collection is already stopped, at file: vcs/perfrun1/launcher/src/command_handler.cpp:226
21114 [140629973112640] INFO perfrun.launcher <> - Application exit code: 0
21114 [140629973112640] INFO perfrun.launcher <> - Exit code: 0
