2 [139931319052096] INFO perfrun.launcher <> - Launcher main begin
3 [139931319052096] INFO perfrun.launcher <> - MessageCatalogInit finished
3 [139931319052096] INFO perfrun.launcher <> - Launcher instance created
3 [139931319052096] INFO perfrun.launcher <> - argc = 7; cmdline = /opt/intel/oneapi/vtune/2025.0/bin64/amplxe-runss --ui-output-format xml --ui-output-fd 5 --option-file /home/student/APP/Proiect_Etapa2/Number-of-paths-of-size-K/mpi/r_large_hs_16.pclp-vm/config/runss.options.10 
86 [139931319052096] INFO perfrun.perfcollector <> - SEP tool path: /opt/intel/oneapi/vtune/2025.0/bin64/sep
104 [139931319052096] INFO perfrun.launcher <> - create msngr2::ICliToolContext
105 [139931319052096] INFO perfrun.launcher <> - create file finder object
105 [139931319052096] INFO perfrun.launcher <> - create a result directory: pattern = /home/student/APP/Proiect_Etapa2/Number-of-paths-of-size-K/mpi/r_large_hs_16.pclp-vm pid = 4294967295
106 [139931319052096] INFO perfrun.sdk <> - checked that the directory /home/student/APP/Proiect_Etapa2/Number-of-paths-of-size-K/mpi/r_large_hs_16.pclp-vm is a local directory
106 [139931319052096] INFO perfrun.sdk <> - the directory /home/student/APP/Proiect_Etapa2/Number-of-paths-of-size-K/mpi/r_large_hs_16.pclp-vm is a local directory with FS type ID 61267
106 [139931319052096] INFO perfrun.launcher <> - create data directory = /home/student/APP/Proiect_Etapa2/Number-of-paths-of-size-K/mpi/r_large_hs_16.pclp-vm/data.9
106 [139931319052096] INFO perfrun.launcher <> - Creating the master collection flag
106 [139931319052096] INFO perfrun.launcher <> - Done creating the master collection flag
108 [139931309537024] INFO perfrun.launcher <> - plugin [remoteplug] was disabled because it doesn't support the given collection type.
108 [139931309537024] INFO perfrun.sdk <> - Allocating TMU :/home/student/APP/Proiect_Etapa2/Number-of-paths-of-size-K/mpi/r_large_hs_16.pclp-vm/data.9/systemcollector-7848-pclp-vm.sc
109 [139931309537024] INFO perfrun.launcher <> - plugin [vdso] was disabled because it doesn't support the given collection type.
109 [139931309537024] INFO perfrun.launcher <> - plugin [ptracecollector] was disabled because it doesn't support the given collection type.
109 [139931309537024] INFO perfrun.launcher <> - plugin [gpu] was disabled because it doesn't support the given collection type.
109 [139931309537024] INFO perfrun.launcher <> - plugin [] was disabled because it doesn't support the given collection type.
109 [139931309537024] INFO perfrun.launcher <> - plugin [] was disabled because it doesn't support the given collection type.
109 [139931309537024] INFO perfrun.launcher <> - plugin [] was disabled because it doesn't support the given collection type.
109 [139931309537024] INFO perfrun.mrte <> - system-wide mode is 0
109 [139931309537024] INFO perfrun.mrte <> - Getting  mrte profiling environment ...
118 [139931309537024] INFO perfrun.mrte <> - INTEL_MRTE_DATA_DIR=/home/student/APP/Proiect_Etapa2/Number-of-paths-of-size-K/mpi/r_large_hs_16.pclp-vm/data.9
118 [139931309537024] INFO perfrun.mrte <> - INTEL_MRTE_HOST_NAME=pclp-vm
118 [139931309537024] INFO perfrun.mrte <> - JAVA_TOOL_OPTIONS=-agentlib:amplxe_samplingmrte_javaprof_1.0 -Dsun.boot.library.path=/opt/intel/oneapi/vtune/2025.0/lib32/runtime:/opt/intel/oneapi/vtune/2025.0/lib64/runtime
118 [139931309537024] INFO perfrun.mrte <> - LD_LIBRARY_PATH=/opt/intel/oneapi/vtune/2025.0/lib32/runtime:/opt/intel/oneapi/vtune/2025.0/lib64/runtime
118 [139931309537024] INFO perfrun.mrte <> - CORECLR_ENABLE_PROFILING=1
118 [139931309537024] INFO perfrun.mrte <> - CORECLR_PROFILER={AA5E4821-E3B1-479c-B7FF-5AD047D22CED}
118 [139931309537024] INFO perfrun.mrte <> - CORECLR_PROFILER_PATH=/opt/intel/oneapi/vtune/2025.0/lib64/libamplxe_samplingmrte_clrprof_1.0.so
118 [139931309537024] INFO perfrun.mrte <> - INTEL_MRTE_PROFILER_MODE=mixed
118 [139931309537024] INFO perfrun.mrte <> - Data directory: /home/student/APP/Proiect_Etapa2/Number-of-paths-of-size-K/mpi/r_large_hs_16.pclp-vm/data.9
118 [139931309537024] INFO perfrun.mrte <> - Mrte plugin is initialized
118 [139931309537024] INFO perfrun.launcher <> - plugin [emon] was disabled because it doesn't support the given collection type.
118 [139931309537024] INFO perfrun.launcher <> - plugin [cuscol] was disabled because it doesn't support the given collection type.
118 [139931309537024] INFO perfrun.launcher <> - plugin [stdsrc] was disabled because it doesn't support the given collection type.
118 [139931309537024] INFO perfrun.launcher <> - plugin [sep] was disabled because it doesn't support the given collection type.
118 [139931309537024] INFO perfrun.launcher <> - plugin [vtsspp] was disabled because it doesn't support the given collection type.
118 [139931309537024] INFO perfrun.launcher <> - plugin [perf] was disabled because it doesn't support the given collection type.
118 [139931309537024] INFO perfrun.launcher <> - plugin [aoclprofile] was disabled because it doesn't support the given collection type.
118 [139931309537024] INFO perfrun.tpss <> - initialize tpss controller
119 [139931309537024] INFO perfrun.tpss <> - configure collection mode: value = cpu:counters:nostack
119 [139931309537024] INFO perfrun.tpss <> - configure collection mode: value = cpu:stack
119 [139931309537024] INFO perfrun.tpss <> - default obj-size-min=1024
119 [139931309537024] INFO perfrun.tpss <> - default hash-table-size=0
119 [139931309537024] INFO perfrun.launcher <> - plugin [media] was disabled because it doesn't support the given collection type.
119 [139931309537024] INFO perfrun.launcher <> - plugin [] was disabled because it doesn't support the given collection type.
119 [139931309537024] INFO perfrun.launcher <> - plugin [] was disabled because it doesn't support the given collection type.
119 [139931309537024] INFO perfrun.launcher <> - plugin [parallelfs] was disabled because it doesn't support the given collection type.
119 [139931309537024] INFO perfrun.launcher <> - plugin [power] was disabled because it doesn't support the given collection type.
119 [139931309537024] INFO perfrun.launcher <> - plugin [] was disabled because it doesn't support the given collection type.
119 [139931309537024] INFO perfrun.launcher <> - plugin [ipmwatch] was disabled because it doesn't support the given collection type.
119 [139931309537024] INFO perfrun.launcher <> - plugin [os_counters] was disabled because it doesn't support the given collection type.
119 [139931309537024] INFO perfrun.launcher <> - plugin [l0_metrics] was disabled because it doesn't support the given collection type.
119 [139931319052096] INFO perfrun.launcher <> - set environment variable: LD_LIBRARY_PATH = /opt/intel/oneapi/vtune/2025.0/lib32/runtime:/opt/intel/oneapi/vtune/2025.0/lib64/runtime
119 [139931319052096] INFO perfrun.launcher <> - set environment variable: INTEL_LIBITTNOTIFY32 = /opt/intel/oneapi/vtune/2025.0/lib32/runtime/libittnotify_collector.so
119 [139931319052096] INFO perfrun.launcher <> - set environment variable: INTEL_LIBITTNOTIFY64 = /opt/intel/oneapi/vtune/2025.0/lib64/runtime/libittnotify_collector.so
119 [139931319052096] INFO perfrun.launcher <> - set environment variable: INTEL_ITTNOTIFY_GROUPS = 
119 [139931319052096] INFO perfrun.launcher <> - set environment variable: INTEL_JIT_PROFILER32 = /opt/intel/oneapi/vtune/2025.0/lib32/runtime/libittnotify_collector.so
119 [139931319052096] INFO perfrun.launcher <> - set environment variable: INTEL_JIT_PROFILER64 = /opt/intel/oneapi/vtune/2025.0/lib64/runtime/libittnotify_collector.so
119 [139931319052096] INFO perfrun.launcher <> - set environment variable: CCL_ITT_LEVEL = 1
120 [139931319052096] INFO perfrun.launcher <> - set environment variable: ENABLE_JITPROFILING = 1
120 [139931319052096] INFO perfrun.launcher <> - set environment variable: CL_CONFIG_USE_VTUNE = True
120 [139931319052096] INFO perfrun.launcher <> - set environment variable: LD_PRELOAD = libittnotify_collector.so:
120 [139931319052096] INFO perfrun.launcher <> - set environment variable: KMP_FORKJOIN_FRAMES = 0
120 [139931319052096] INFO perfrun.launcher <> - set environment variable: KMP_FORKJOIN_FRAMES_MODE = 0
120 [139931319052096] INFO perfrun.launcher <> - set environment variable: INTEL_MRTE_DATA_DIR = /home/student/APP/Proiect_Etapa2/Number-of-paths-of-size-K/mpi/r_large_hs_16.pclp-vm/data.9
120 [139931319052096] INFO perfrun.launcher <> - set environment variable: INTEL_MRTE_HOST_NAME = pclp-vm
120 [139931319052096] INFO perfrun.launcher <> - set environment variable: JAVA_TOOL_OPTIONS = -agentlib:amplxe_samplingmrte_javaprof_1.0 -Dsun.boot.library.path=/opt/intel/oneapi/vtune/2025.0/lib32/runtime:/opt/intel/oneapi/vtune/2025.0/lib64/runtime
120 [139931319052096] INFO perfrun.launcher <> - set environment variable: LD_LIBRARY_PATH = /opt/intel/oneapi/vtune/2025.0/lib32/runtime:/opt/intel/oneapi/vtune/2025.0/lib64/runtime
120 [139931319052096] INFO perfrun.launcher <> - set environment variable: CORECLR_ENABLE_PROFILING = 1
120 [139931319052096] INFO perfrun.launcher <> - set environment variable: CORECLR_PROFILER = {AA5E4821-E3B1-479c-B7FF-5AD047D22CED}
120 [139931319052096] INFO perfrun.launcher <> - set environment variable: CORECLR_PROFILER_PATH = /opt/intel/oneapi/vtune/2025.0/lib64/libamplxe_samplingmrte_clrprof_1.0.so
120 [139931319052096] INFO perfrun.launcher <> - set environment variable: INTEL_MRTE_PROFILER_MODE = mixed
120 [139931319052096] INFO perfrun.launcher <> - RpcServer: run RPC server to handle requests
122 [139931319052096] INFO perfrun.launcher <> - Launcher: command line to start before modification = ./matrix ../in/large.txt 1000000 1 2
122 [139931319052096] INFO perfrun.launcher <> - Launcher: command line to start after modification = /opt/intel/oneapi/vtune/2025.0/bin64/pin -error_file /home/student/APP/Proiect_Etapa2/Number-of-paths-of-size-K/mpi/r_large_hs_16.pclp-vm/data.9/pinerr.tpsslog -detach_reattach -follow_execv -tool_load_option deepbind -t64 /opt/intel/oneapi/vtune/2025.0/lib64/libtpsstool.so -t /opt/intel/oneapi/vtune/2025.0/lib32/libtpsstool.so -server_name tpss_ipc.7848 -prd_dir /opt/intel/oneapi/vtune/2025.0 -- ./matrix ../in/large.txt 1000000 1 2
222 [139931319052096] INFO perfrun.launcher <> - ProcessCreator object was created
239 [139931319052096] INFO perfrun.launcher <> - Launcher: the process was started in suspend mode
240 [139931309537024] WARN perfrun.system <> - Could not do anything with /sys/kernel/debug/kvm: boost::filesystem::status: Permission denied [system:13]: "/sys/kernel/debug/kvm", at file: vcs/perfrun1/plugins/system/src/trace_writer.cpp:787
240 [139931309537024] WARN perfrun.system <> - Folder "/var/run/libvirt/qemu/"doesn't exist, at file: vcs/perfrun1/plugins/system/src/trace_writer.cpp:800
240 [139931309537024] INFO perfrun.itt <> - start itt controller for pid #7929
247 [139931309537024] INFO perfrun.tpss <> - start tpss controller for pid #7929
298 [139931319052096] INFO perfrun.launcher <> - Launcher: all plugins were started
298 [139931319052096] INFO perfrun.launcher <> - DirectoryMonitor object was created
298 [139931319052096] INFO perfrun.launcher <> - DirectoryMonitor: a callback was added
298 [139931319052096] INFO perfrun.launcher <> - DirectoryMonitor was started with pingTime = 1000
298 [139931319052096] INFO perfrun.launcher <> - DeadlineTimer is going to be constructed
299 [139931319052096] INFO perfrun.launcher <> - DeadlineTimer: a callback was added
300 [139931319052096] INFO perfrun.launcher <> - Launcher: resume the profiled application and  wait its termination or stop command
20687 [139931319052096] INFO perfrun.launcher <> - Launcher: the profiled application was terminated  with exit code = 0
20786 [139931309537024] INFO perfrun.itt <> - detach itt controller
20786 [139931309537024] INFO perfrun.itt <> - detach itt controller done
20786 [139931309537024] INFO perfrun.tpss <> - stop tpss controller
20787 [139931309537024] INFO perfrun.sdk <> - De-allocating TMU: /home/student/APP/Proiect_Etapa2/Number-of-paths-of-size-K/mpi/r_large_hs_16.pclp-vm/data.9/systemcollector-7848-pclp-vm.sc
20787 [139931309537024] INFO perfrun.system <> - closed the system trace file: /home/student/APP/Proiect_Etapa2/Number-of-paths-of-size-K/mpi/r_large_hs_16.pclp-vm/data.9/systemcollector-7848-pclp-vm.sc
20787 [139931319052096] INFO perfrun.launcher <> - Launcher: all plugins were stopped.
20787 [139931319052096] INFO perfrun.launcher <> - DeadlineTimer is going to be destroyed
20787 [139931319052096] INFO perfrun.launcher <> - DeadlineTimer was destroyed
20787 [139931319052096] INFO perfrun.launcher <> - DirectoryMonitor object was destroyed
20787 [139931319052096] WARN perfrun.launcher <> - Stop command is ignored because it is received when collection is already stopped, at file: vcs/perfrun1/launcher/src/command_handler.cpp:226
20788 [139931319052096] INFO perfrun.launcher <> - Application exit code: 0
20788 [139931319052096] INFO perfrun.launcher <> - Exit code: 0
