22 [140635746355008] INFO perfrun.launcher <> - Launcher main begin
23 [140635746355008] INFO perfrun.launcher <> - MessageCatalogInit finished
23 [140635746355008] INFO perfrun.launcher <> - Launcher instance created
23 [140635746355008] INFO perfrun.launcher <> - argc = 7; cmdline = /opt/intel/oneapi/vtune/2025.0/bin64/amplxe-runss --ui-output-format xml --ui-output-fd 5 --option-file /home/student/APP/Proiect_Etapa2/Number-of-paths-of-size-K/mpi/r_large_hs_16.pclp-vm/config/runss.options.8 
110 [140635746355008] INFO perfrun.perfcollector <> - SEP tool path: /opt/intel/oneapi/vtune/2025.0/bin64/sep
145 [140635746355008] INFO perfrun.launcher <> - create msngr2::ICliToolContext
145 [140635746355008] INFO perfrun.launcher <> - create file finder object
145 [140635746355008] INFO perfrun.launcher <> - create a result directory: pattern = /home/student/APP/Proiect_Etapa2/Number-of-paths-of-size-K/mpi/r_large_hs_16.pclp-vm pid = 4294967295
146 [140635746355008] INFO perfrun.sdk <> - checked that the directory /home/student/APP/Proiect_Etapa2/Number-of-paths-of-size-K/mpi/r_large_hs_16.pclp-vm is a local directory
146 [140635746355008] INFO perfrun.sdk <> - the directory /home/student/APP/Proiect_Etapa2/Number-of-paths-of-size-K/mpi/r_large_hs_16.pclp-vm is a local directory with FS type ID 61267
146 [140635746355008] INFO perfrun.launcher <> - create data directory = /home/student/APP/Proiect_Etapa2/Number-of-paths-of-size-K/mpi/r_large_hs_16.pclp-vm/data.5
146 [140635746355008] INFO perfrun.launcher <> - Creating the master collection flag
146 [140635746355008] INFO perfrun.launcher <> - Done creating the master collection flag
147 [140635736839936] INFO perfrun.launcher <> - plugin [remoteplug] was disabled because it doesn't support the given collection type.
148 [140635736839936] INFO perfrun.sdk <> - Allocating TMU :/home/student/APP/Proiect_Etapa2/Number-of-paths-of-size-K/mpi/r_large_hs_16.pclp-vm/data.5/systemcollector-7817-pclp-vm.sc
149 [140635736839936] INFO perfrun.launcher <> - plugin [vdso] was disabled because it doesn't support the given collection type.
149 [140635736839936] INFO perfrun.launcher <> - plugin [ptracecollector] was disabled because it doesn't support the given collection type.
149 [140635736839936] INFO perfrun.launcher <> - plugin [gpu] was disabled because it doesn't support the given collection type.
149 [140635736839936] INFO perfrun.launcher <> - plugin [] was disabled because it doesn't support the given collection type.
149 [140635736839936] INFO perfrun.launcher <> - plugin [] was disabled because it doesn't support the given collection type.
149 [140635736839936] INFO perfrun.launcher <> - plugin [] was disabled because it doesn't support the given collection type.
149 [140635736839936] INFO perfrun.mrte <> - system-wide mode is 0
149 [140635736839936] INFO perfrun.mrte <> - Getting  mrte profiling environment ...
180 [140635736839936] INFO perfrun.mrte <> - INTEL_MRTE_DATA_DIR=/home/student/APP/Proiect_Etapa2/Number-of-paths-of-size-K/mpi/r_large_hs_16.pclp-vm/data.5
180 [140635736839936] INFO perfrun.mrte <> - INTEL_MRTE_HOST_NAME=pclp-vm
180 [140635736839936] INFO perfrun.mrte <> - JAVA_TOOL_OPTIONS=-agentlib:amplxe_samplingmrte_javaprof_1.0 -Dsun.boot.library.path=/opt/intel/oneapi/vtune/2025.0/lib32/runtime:/opt/intel/oneapi/vtune/2025.0/lib64/runtime
180 [140635736839936] INFO perfrun.mrte <> - LD_LIBRARY_PATH=/opt/intel/oneapi/vtune/2025.0/lib32/runtime:/opt/intel/oneapi/vtune/2025.0/lib64/runtime
180 [140635736839936] INFO perfrun.mrte <> - CORECLR_ENABLE_PROFILING=1
180 [140635736839936] INFO perfrun.mrte <> - CORECLR_PROFILER={AA5E4821-E3B1-479c-B7FF-5AD047D22CED}
180 [140635736839936] INFO perfrun.mrte <> - CORECLR_PROFILER_PATH=/opt/intel/oneapi/vtune/2025.0/lib64/libamplxe_samplingmrte_clrprof_1.0.so
180 [140635736839936] INFO perfrun.mrte <> - INTEL_MRTE_PROFILER_MODE=mixed
180 [140635736839936] INFO perfrun.mrte <> - Data directory: /home/student/APP/Proiect_Etapa2/Number-of-paths-of-size-K/mpi/r_large_hs_16.pclp-vm/data.5
180 [140635736839936] INFO perfrun.mrte <> - Mrte plugin is initialized
180 [140635736839936] INFO perfrun.launcher <> - plugin [emon] was disabled because it doesn't support the given collection type.
180 [140635736839936] INFO perfrun.launcher <> - plugin [cuscol] was disabled because it doesn't support the given collection type.
180 [140635736839936] INFO perfrun.launcher <> - plugin [stdsrc] was disabled because it doesn't support the given collection type.
180 [140635736839936] INFO perfrun.launcher <> - plugin [sep] was disabled because it doesn't support the given collection type.
180 [140635736839936] INFO perfrun.launcher <> - plugin [vtsspp] was disabled because it doesn't support the given collection type.
180 [140635736839936] INFO perfrun.launcher <> - plugin [perf] was disabled because it doesn't support the given collection type.
180 [140635736839936] INFO perfrun.launcher <> - plugin [aoclprofile] was disabled because it doesn't support the given collection type.
180 [140635736839936] INFO perfrun.tpss <> - initialize tpss controller
180 [140635736839936] INFO perfrun.tpss <> - configure collection mode: value = cpu:counters:nostack
181 [140635736839936] INFO perfrun.tpss <> - configure collection mode: value = cpu:stack
181 [140635736839936] INFO perfrun.tpss <> - default obj-size-min=1024
181 [140635736839936] INFO perfrun.tpss <> - default hash-table-size=0
181 [140635736839936] INFO perfrun.launcher <> - plugin [media] was disabled because it doesn't support the given collection type.
181 [140635736839936] INFO perfrun.launcher <> - plugin [] was disabled because it doesn't support the given collection type.
181 [140635736839936] INFO perfrun.launcher <> - plugin [] was disabled because it doesn't support the given collection type.
181 [140635736839936] INFO perfrun.launcher <> - plugin [parallelfs] was disabled because it doesn't support the given collection type.
181 [140635736839936] INFO perfrun.launcher <> - plugin [power] was disabled because it doesn't support the given collection type.
181 [140635736839936] INFO perfrun.launcher <> - plugin [] was disabled because it doesn't support the given collection type.
181 [140635736839936] INFO perfrun.launcher <> - plugin [ipmwatch] was disabled because it doesn't support the given collection type.
181 [140635736839936] INFO perfrun.launcher <> - plugin [os_counters] was disabled because it doesn't support the given collection type.
181 [140635736839936] INFO perfrun.launcher <> - plugin [l0_metrics] was disabled because it doesn't support the given collection type.
181 [140635746355008] INFO perfrun.launcher <> - set environment variable: LD_LIBRARY_PATH = /opt/intel/oneapi/vtune/2025.0/lib32/runtime:/opt/intel/oneapi/vtune/2025.0/lib64/runtime
181 [140635746355008] INFO perfrun.launcher <> - set environment variable: INTEL_LIBITTNOTIFY32 = /opt/intel/oneapi/vtune/2025.0/lib32/runtime/libittnotify_collector.so
181 [140635746355008] INFO perfrun.launcher <> - set environment variable: INTEL_LIBITTNOTIFY64 = /opt/intel/oneapi/vtune/2025.0/lib64/runtime/libittnotify_collector.so
181 [140635746355008] INFO perfrun.launcher <> - set environment variable: INTEL_ITTNOTIFY_GROUPS = 
181 [140635746355008] INFO perfrun.launcher <> - set environment variable: INTEL_JIT_PROFILER32 = /opt/intel/oneapi/vtune/2025.0/lib32/runtime/libittnotify_collector.so
181 [140635746355008] INFO perfrun.launcher <> - set environment variable: INTEL_JIT_PROFILER64 = /opt/intel/oneapi/vtune/2025.0/lib64/runtime/libittnotify_collector.so
182 [140635746355008] INFO perfrun.launcher <> - set environment variable: CCL_ITT_LEVEL = 1
182 [140635746355008] INFO perfrun.launcher <> - set environment variable: ENABLE_JITPROFILING = 1
182 [140635746355008] INFO perfrun.launcher <> - set environment variable: CL_CONFIG_USE_VTUNE = True
182 [140635746355008] INFO perfrun.launcher <> - set environment variable: LD_PRELOAD = libittnotify_collector.so:
182 [140635746355008] INFO perfrun.launcher <> - set environment variable: KMP_FORKJOIN_FRAMES = 0
182 [140635746355008] INFO perfrun.launcher <> - set environment variable: KMP_FORKJOIN_FRAMES_MODE = 0
182 [140635746355008] INFO perfrun.launcher <> - set environment variable: INTEL_MRTE_DATA_DIR = /home/student/APP/Proiect_Etapa2/Number-of-paths-of-size-K/mpi/r_large_hs_16.pclp-vm/data.5
182 [140635746355008] INFO perfrun.launcher <> - set environment variable: INTEL_MRTE_HOST_NAME = pclp-vm
182 [140635746355008] INFO perfrun.launcher <> - set environment variable: JAVA_TOOL_OPTIONS = -agentlib:amplxe_samplingmrte_javaprof_1.0 -Dsun.boot.library.path=/opt/intel/oneapi/vtune/2025.0/lib32/runtime:/opt/intel/oneapi/vtune/2025.0/lib64/runtime
182 [140635746355008] INFO perfrun.launcher <> - set environment variable: LD_LIBRARY_PATH = /opt/intel/oneapi/vtune/2025.0/lib32/runtime:/opt/intel/oneapi/vtune/2025.0/lib64/runtime
182 [140635746355008] INFO perfrun.launcher <> - set environment variable: CORECLR_ENABLE_PROFILING = 1
182 [140635746355008] INFO perfrun.launcher <> - set environment variable: CORECLR_PROFILER = {AA5E4821-E3B1-479c-B7FF-5AD047D22CED}
182 [140635746355008] INFO perfrun.launcher <> - set environment variable: CORECLR_PROFILER_PATH = /opt/intel/oneapi/vtune/2025.0/lib64/libamplxe_samplingmrte_clrprof_1.0.so
183 [140635746355008] INFO perfrun.launcher <> - set environment variable: INTEL_MRTE_PROFILER_MODE = mixed
183 [140635746355008] INFO perfrun.launcher <> - RpcServer: run RPC server to handle requests
183 [140635746355008] INFO perfrun.launcher <> - Launcher: command line to start before modification = ./matrix ../in/large.txt 1000000 1 2
183 [140635746355008] INFO perfrun.launcher <> - Launcher: command line to start after modification = /opt/intel/oneapi/vtune/2025.0/bin64/pin -error_file /home/student/APP/Proiect_Etapa2/Number-of-paths-of-size-K/mpi/r_large_hs_16.pclp-vm/data.5/pinerr.tpsslog -detach_reattach -follow_execv -tool_load_option deepbind -t64 /opt/intel/oneapi/vtune/2025.0/lib64/libtpsstool.so -t /opt/intel/oneapi/vtune/2025.0/lib32/libtpsstool.so -server_name tpss_ipc.7817 -prd_dir /opt/intel/oneapi/vtune/2025.0 -- ./matrix ../in/large.txt 1000000 1 2
384 [140635746355008] INFO perfrun.launcher <> - ProcessCreator object was created
384 [140635746355008] INFO perfrun.launcher <> - Launcher: the process was started in suspend mode
385 [140635736839936] WARN perfrun.system <> - Could not do anything with /sys/kernel/debug/kvm: boost::filesystem::status: Permission denied [system:13]: "/sys/kernel/debug/kvm", at file: vcs/perfrun1/plugins/system/src/trace_writer.cpp:787
386 [140635736839936] WARN perfrun.system <> - Folder "/var/run/libvirt/qemu/"doesn't exist, at file: vcs/perfrun1/plugins/system/src/trace_writer.cpp:800
386 [140635736839936] INFO perfrun.itt <> - start itt controller for pid #7904
390 [140635736839936] INFO perfrun.tpss <> - start tpss controller for pid #7904
442 [140635746355008] INFO perfrun.launcher <> - Launcher: all plugins were started
442 [140635746355008] INFO perfrun.launcher <> - DirectoryMonitor object was created
442 [140635746355008] INFO perfrun.launcher <> - DirectoryMonitor: a callback was added
442 [140635746355008] INFO perfrun.launcher <> - DirectoryMonitor was started with pingTime = 1000
442 [140635746355008] INFO perfrun.launcher <> - DeadlineTimer is going to be constructed
442 [140635746355008] INFO perfrun.launcher <> - DeadlineTimer: a callback was added
450 [140635746355008] INFO perfrun.launcher <> - Launcher: resume the profiled application and  wait its termination or stop command
20913 [140635746355008] INFO perfrun.launcher <> - Launcher: the profiled application was terminated  with exit code = 0
21038 [140635736839936] INFO perfrun.itt <> - detach itt controller
21039 [140635736839936] INFO perfrun.itt <> - detach itt controller done
21039 [140635736839936] INFO perfrun.tpss <> - stop tpss controller
21042 [140635736839936] INFO perfrun.sdk <> - De-allocating TMU: /home/student/APP/Proiect_Etapa2/Number-of-paths-of-size-K/mpi/r_large_hs_16.pclp-vm/data.5/systemcollector-7817-pclp-vm.sc
21043 [140635736839936] INFO perfrun.system <> - closed the system trace file: /home/student/APP/Proiect_Etapa2/Number-of-paths-of-size-K/mpi/r_large_hs_16.pclp-vm/data.5/systemcollector-7817-pclp-vm.sc
21053 [140635746355008] INFO perfrun.launcher <> - Launcher: all plugins were stopped.
21053 [140635746355008] INFO perfrun.launcher <> - DeadlineTimer is going to be destroyed
21054 [140635746355008] INFO perfrun.launcher <> - DeadlineTimer was destroyed
21054 [140635746355008] INFO perfrun.launcher <> - DirectoryMonitor object was destroyed
21054 [140635746355008] WARN perfrun.launcher <> - Stop command is ignored because it is received when collection is already stopped, at file: vcs/perfrun1/launcher/src/command_handler.cpp:226
21054 [140635746355008] INFO perfrun.launcher <> - Application exit code: 0
21054 [140635746355008] INFO perfrun.launcher <> - Exit code: 0
