7 [140112261166912] INFO perfrun.launcher <> - Launcher main begin
11 [140112261166912] INFO perfrun.launcher <> - MessageCatalogInit finished
11 [140112261166912] INFO perfrun.launcher <> - Launcher instance created
11 [140112261166912] INFO perfrun.launcher <> - argc = 7; cmdline = /opt/intel/oneapi/vtune/2025.0/bin64/amplxe-runss --ui-output-format xml --ui-output-fd 5 --option-file /home/student/APP/Proiect_Etapa2/Number-of-paths-of-size-K/mpi/r_large_hs_16.pclp-vm/config/runss.options.6 
127 [140112261166912] INFO perfrun.perfcollector <> - SEP tool path: /opt/intel/oneapi/vtune/2025.0/bin64/sep
140 [140112261166912] INFO perfrun.launcher <> - create msngr2::ICliToolContext
141 [140112261166912] INFO perfrun.launcher <> - create file finder object
141 [140112261166912] INFO perfrun.launcher <> - create a result directory: pattern = /home/student/APP/Proiect_Etapa2/Number-of-paths-of-size-K/mpi/r_large_hs_16.pclp-vm pid = 4294967295
143 [140112261166912] INFO perfrun.sdk <> - checked that the directory /home/student/APP/Proiect_Etapa2/Number-of-paths-of-size-K/mpi/r_large_hs_16.pclp-vm is a local directory
144 [140112261166912] INFO perfrun.sdk <> - the directory /home/student/APP/Proiect_Etapa2/Number-of-paths-of-size-K/mpi/r_large_hs_16.pclp-vm is a local directory with FS type ID 61267
144 [140112261166912] INFO perfrun.launcher <> - create data directory = /home/student/APP/Proiect_Etapa2/Number-of-paths-of-size-K/mpi/r_large_hs_16.pclp-vm/data.10
145 [140112261166912] INFO perfrun.launcher <> - Creating the master collection flag
145 [140112261166912] INFO perfrun.launcher <> - Done creating the master collection flag
146 [140112251651840] INFO perfrun.launcher <> - plugin [remoteplug] was disabled because it doesn't support the given collection type.
147 [140112251651840] INFO perfrun.sdk <> - Allocating TMU :/home/student/APP/Proiect_Etapa2/Number-of-paths-of-size-K/mpi/r_large_hs_16.pclp-vm/data.10/systemcollector-7840-pclp-vm.sc
148 [140112251651840] INFO perfrun.launcher <> - plugin [vdso] was disabled because it doesn't support the given collection type.
148 [140112251651840] INFO perfrun.launcher <> - plugin [ptracecollector] was disabled because it doesn't support the given collection type.
148 [140112251651840] INFO perfrun.launcher <> - plugin [gpu] was disabled because it doesn't support the given collection type.
148 [140112251651840] INFO perfrun.launcher <> - plugin [] was disabled because it doesn't support the given collection type.
149 [140112251651840] INFO perfrun.launcher <> - plugin [] was disabled because it doesn't support the given collection type.
149 [140112251651840] INFO perfrun.launcher <> - plugin [] was disabled because it doesn't support the given collection type.
150 [140112251651840] INFO perfrun.mrte <> - system-wide mode is 0
150 [140112251651840] INFO perfrun.mrte <> - Getting  mrte profiling environment ...
162 [140112251651840] INFO perfrun.mrte <> - INTEL_MRTE_DATA_DIR=/home/student/APP/Proiect_Etapa2/Number-of-paths-of-size-K/mpi/r_large_hs_16.pclp-vm/data.10
163 [140112251651840] INFO perfrun.mrte <> - INTEL_MRTE_HOST_NAME=pclp-vm
163 [140112251651840] INFO perfrun.mrte <> - JAVA_TOOL_OPTIONS=-agentlib:amplxe_samplingmrte_javaprof_1.0 -Dsun.boot.library.path=/opt/intel/oneapi/vtune/2025.0/lib32/runtime:/opt/intel/oneapi/vtune/2025.0/lib64/runtime
163 [140112251651840] INFO perfrun.mrte <> - LD_LIBRARY_PATH=/opt/intel/oneapi/vtune/2025.0/lib32/runtime:/opt/intel/oneapi/vtune/2025.0/lib64/runtime
164 [140112251651840] INFO perfrun.mrte <> - CORECLR_ENABLE_PROFILING=1
164 [140112251651840] INFO perfrun.mrte <> - CORECLR_PROFILER={AA5E4821-E3B1-479c-B7FF-5AD047D22CED}
164 [140112251651840] INFO perfrun.mrte <> - CORECLR_PROFILER_PATH=/opt/intel/oneapi/vtune/2025.0/lib64/libamplxe_samplingmrte_clrprof_1.0.so
165 [140112251651840] INFO perfrun.mrte <> - INTEL_MRTE_PROFILER_MODE=mixed
165 [140112251651840] INFO perfrun.mrte <> - Data directory: /home/student/APP/Proiect_Etapa2/Number-of-paths-of-size-K/mpi/r_large_hs_16.pclp-vm/data.10
165 [140112251651840] INFO perfrun.mrte <> - Mrte plugin is initialized
165 [140112251651840] INFO perfrun.launcher <> - plugin [emon] was disabled because it doesn't support the given collection type.
166 [140112251651840] INFO perfrun.launcher <> - plugin [cuscol] was disabled because it doesn't support the given collection type.
166 [140112251651840] INFO perfrun.launcher <> - plugin [stdsrc] was disabled because it doesn't support the given collection type.
166 [140112251651840] INFO perfrun.launcher <> - plugin [sep] was disabled because it doesn't support the given collection type.
167 [140112251651840] INFO perfrun.launcher <> - plugin [vtsspp] was disabled because it doesn't support the given collection type.
167 [140112251651840] INFO perfrun.launcher <> - plugin [perf] was disabled because it doesn't support the given collection type.
167 [140112251651840] INFO perfrun.launcher <> - plugin [aoclprofile] was disabled because it doesn't support the given collection type.
168 [140112251651840] INFO perfrun.tpss <> - initialize tpss controller
168 [140112251651840] INFO perfrun.tpss <> - configure collection mode: value = cpu:counters:nostack
169 [140112251651840] INFO perfrun.tpss <> - configure collection mode: value = cpu:stack
170 [140112251651840] INFO perfrun.tpss <> - default obj-size-min=1024
170 [140112251651840] INFO perfrun.tpss <> - default hash-table-size=0
171 [140112251651840] INFO perfrun.launcher <> - plugin [media] was disabled because it doesn't support the given collection type.
171 [140112251651840] INFO perfrun.launcher <> - plugin [] was disabled because it doesn't support the given collection type.
171 [140112251651840] INFO perfrun.launcher <> - plugin [] was disabled because it doesn't support the given collection type.
172 [140112251651840] INFO perfrun.launcher <> - plugin [parallelfs] was disabled because it doesn't support the given collection type.
172 [140112251651840] INFO perfrun.launcher <> - plugin [power] was disabled because it doesn't support the given collection type.
173 [140112251651840] INFO perfrun.launcher <> - plugin [] was disabled because it doesn't support the given collection type.
176 [140112251651840] INFO perfrun.launcher <> - plugin [ipmwatch] was disabled because it doesn't support the given collection type.
176 [140112251651840] INFO perfrun.launcher <> - plugin [os_counters] was disabled because it doesn't support the given collection type.
176 [140112251651840] INFO perfrun.launcher <> - plugin [l0_metrics] was disabled because it doesn't support the given collection type.
177 [140112261166912] INFO perfrun.launcher <> - set environment variable: LD_LIBRARY_PATH = /opt/intel/oneapi/vtune/2025.0/lib32/runtime:/opt/intel/oneapi/vtune/2025.0/lib64/runtime
177 [140112261166912] INFO perfrun.launcher <> - set environment variable: INTEL_LIBITTNOTIFY32 = /opt/intel/oneapi/vtune/2025.0/lib32/runtime/libittnotify_collector.so
178 [140112261166912] INFO perfrun.launcher <> - set environment variable: INTEL_LIBITTNOTIFY64 = /opt/intel/oneapi/vtune/2025.0/lib64/runtime/libittnotify_collector.so
178 [140112261166912] INFO perfrun.launcher <> - set environment variable: INTEL_ITTNOTIFY_GROUPS = 
179 [140112261166912] INFO perfrun.launcher <> - set environment variable: INTEL_JIT_PROFILER32 = /opt/intel/oneapi/vtune/2025.0/lib32/runtime/libittnotify_collector.so
179 [140112261166912] INFO perfrun.launcher <> - set environment variable: INTEL_JIT_PROFILER64 = /opt/intel/oneapi/vtune/2025.0/lib64/runtime/libittnotify_collector.so
180 [140112261166912] INFO perfrun.launcher <> - set environment variable: CCL_ITT_LEVEL = 1
180 [140112261166912] INFO perfrun.launcher <> - set environment variable: ENABLE_JITPROFILING = 1
181 [140112261166912] INFO perfrun.launcher <> - set environment variable: CL_CONFIG_USE_VTUNE = True
181 [140112261166912] INFO perfrun.launcher <> - set environment variable: LD_PRELOAD = libittnotify_collector.so:
182 [140112261166912] INFO perfrun.launcher <> - set environment variable: KMP_FORKJOIN_FRAMES = 0
182 [140112261166912] INFO perfrun.launcher <> - set environment variable: KMP_FORKJOIN_FRAMES_MODE = 0
183 [140112261166912] INFO perfrun.launcher <> - set environment variable: INTEL_MRTE_DATA_DIR = /home/student/APP/Proiect_Etapa2/Number-of-paths-of-size-K/mpi/r_large_hs_16.pclp-vm/data.10
183 [140112261166912] INFO perfrun.launcher <> - set environment variable: INTEL_MRTE_HOST_NAME = pclp-vm
184 [140112261166912] INFO perfrun.launcher <> - set environment variable: JAVA_TOOL_OPTIONS = -agentlib:amplxe_samplingmrte_javaprof_1.0 -Dsun.boot.library.path=/opt/intel/oneapi/vtune/2025.0/lib32/runtime:/opt/intel/oneapi/vtune/2025.0/lib64/runtime
184 [140112261166912] INFO perfrun.launcher <> - set environment variable: LD_LIBRARY_PATH = /opt/intel/oneapi/vtune/2025.0/lib32/runtime:/opt/intel/oneapi/vtune/2025.0/lib64/runtime
185 [140112261166912] INFO perfrun.launcher <> - set environment variable: CORECLR_ENABLE_PROFILING = 1
186 [140112261166912] INFO perfrun.launcher <> - set environment variable: CORECLR_PROFILER = {AA5E4821-E3B1-479c-B7FF-5AD047D22CED}
186 [140112261166912] INFO perfrun.launcher <> - set environment variable: CORECLR_PROFILER_PATH = /opt/intel/oneapi/vtune/2025.0/lib64/libamplxe_samplingmrte_clrprof_1.0.so
187 [140112261166912] INFO perfrun.launcher <> - set environment variable: INTEL_MRTE_PROFILER_MODE = mixed
187 [140112261166912] INFO perfrun.launcher <> - RpcServer: run RPC server to handle requests
188 [140112261166912] INFO perfrun.launcher <> - Launcher: command line to start before modification = ./matrix ../in/large.txt 1000000 1 2
191 [140112261166912] INFO perfrun.launcher <> - Launcher: command line to start after modification = /opt/intel/oneapi/vtune/2025.0/bin64/pin -error_file /home/student/APP/Proiect_Etapa2/Number-of-paths-of-size-K/mpi/r_large_hs_16.pclp-vm/data.10/pinerr.tpsslog -detach_reattach -follow_execv -tool_load_option deepbind -t64 /opt/intel/oneapi/vtune/2025.0/lib64/libtpsstool.so -t /opt/intel/oneapi/vtune/2025.0/lib32/libtpsstool.so -server_name tpss_ipc.7840 -prd_dir /opt/intel/oneapi/vtune/2025.0 -- ./matrix ../in/large.txt 1000000 1 2
191 [140112261166912] INFO perfrun.launcher <> - ProcessCreator object was created
191 [140112261166912] INFO perfrun.launcher <> - Launcher: the process was started in suspend mode
196 [140112251651840] WARN perfrun.system <> - Could not do anything with /sys/kernel/debug/kvm: boost::filesystem::status: Permission denied [system:13]: "/sys/kernel/debug/kvm", at file: vcs/perfrun1/plugins/system/src/trace_writer.cpp:787
197 [140112251651840] WARN perfrun.system <> - Folder "/var/run/libvirt/qemu/"doesn't exist, at file: vcs/perfrun1/plugins/system/src/trace_writer.cpp:800
198 [140112251651840] WARN perfrun.system <> - Only 2 usec accuracy achieved for reference point, at file: vcs/perfrun1/plugins/system/src/trace_writer.cpp:320
198 [140112251651840] INFO perfrun.itt <> - start itt controller for pid #7901
199 [140112251651840] INFO perfrun.tpss <> - start tpss controller for pid #7901
250 [140112261166912] INFO perfrun.launcher <> - Launcher: all plugins were started
250 [140112261166912] INFO perfrun.launcher <> - DirectoryMonitor object was created
250 [140112261166912] INFO perfrun.launcher <> - DirectoryMonitor: a callback was added
250 [140112261166912] INFO perfrun.launcher <> - DirectoryMonitor was started with pingTime = 1000
250 [140112261166912] INFO perfrun.launcher <> - DeadlineTimer is going to be constructed
250 [140112261166912] INFO perfrun.launcher <> - DeadlineTimer: a callback was added
266 [140112261166912] INFO perfrun.launcher <> - Launcher: resume the profiled application and  wait its termination or stop command
20762 [140112261166912] INFO perfrun.launcher <> - Launcher: the profiled application was terminated  with exit code = 0
20923 [140112251651840] INFO perfrun.itt <> - detach itt controller
20923 [140112251651840] INFO perfrun.itt <> - detach itt controller done
20923 [140112251651840] INFO perfrun.tpss <> - stop tpss controller
20924 [140112251651840] INFO perfrun.sdk <> - De-allocating TMU: /home/student/APP/Proiect_Etapa2/Number-of-paths-of-size-K/mpi/r_large_hs_16.pclp-vm/data.10/systemcollector-7840-pclp-vm.sc
20924 [140112251651840] INFO perfrun.system <> - closed the system trace file: /home/student/APP/Proiect_Etapa2/Number-of-paths-of-size-K/mpi/r_large_hs_16.pclp-vm/data.10/systemcollector-7840-pclp-vm.sc
20925 [140112261166912] INFO perfrun.launcher <> - Launcher: all plugins were stopped.
20925 [140112261166912] INFO perfrun.launcher <> - DeadlineTimer is going to be destroyed
20925 [140112261166912] INFO perfrun.launcher <> - DeadlineTimer was destroyed
20925 [140112261166912] INFO perfrun.launcher <> - DirectoryMonitor object was destroyed
20926 [140112261166912] WARN perfrun.launcher <> - Stop command is ignored because it is received when collection is already stopped, at file: vcs/perfrun1/launcher/src/command_handler.cpp:226
20927 [140112261166912] INFO perfrun.launcher <> - Application exit code: 0
20927 [140112261166912] INFO perfrun.launcher <> - Exit code: 0
